warning: Git tree '/home/runner/work/nix-config/nix-config' has uncommitted changes
warning: Using 'builtins.derivation' to create a derivation named 'options.json' that references the store path '/nix/store/pfwrb65dsv8phlsf1m98bvz11cvgb290-source' without a proper context. The resulting derivation will not have a correct store reference, so this is unreliable and may stop working in the future.
these 18 derivations will be built:
  /nix/store/033fy6a16hgywl2fm4w1d1zamppssgxq-dummy-fc-dir2-fish-completions.drv
  /nix/store/92b8aki4wcw7wji8fqnldaiahd3b123q-home-manager-path.drv
  /nix/store/cb7pl2crgs5nw9ai4x21j4ff38n0h22r-hm_hmfontconfigfonts.xml.drv
  /nix/store/aib63p5pa2k16cispjg1p7k2hpq2ih0x-hm-session-vars.fish-fish-completions.drv
  /nix/store/i47xvyd4xydla14iv5d7i1iyrad0iy5v-hm-session-vars.sh-fish-completions.drv
  /nix/store/i5wg89v1pdb8jzcd363r6ilhkarb0b9r-dummy-fc-dir1-fish-completions.drv
  /nix/store/q2xdn3kb3ai4yn56i81p4k85wph704sx-c3r5b8-fish-completions.drv
  /nix/store/ck2adpjnw6k58b4fa52bhwsrhf6lcy97-man-paths.drv
  /nix/store/fn8yjl5cdrrv3sdv97wg5gr1506fbl1h-man-cache.drv
  /nix/store/wk194vxq4cbqscg95jyzp04j1raz8mk8-hm_.manpath.drv
  /nix/store/1i3m01gskni2pxypsz08zx0nibsrvshl-home-manager-files.drv
  /nix/store/6jlyz20sm0g1ybavr3s9pls9csa0k4nn-home-manager-generation.drv
  /nix/store/i220qj3dsfxjkaw2lxqvln4f6hqdgmby-unit-home-manager-c3r5b8.service.drv
  /nix/store/5clnff1j7jf9h2vz379w5gdbz9pgjcs0-system-units.drv
  /nix/store/ff83q4xm7kbzd0gsqlll9hfk94fyw4gx-user-environment.drv
  /nix/store/9kz6dpxzmykdpjvpp6bv8lsy0sk5x1l3-etc.drv
  /nix/store/6rzi0xbwask7qfks3dpx60qb5cb98dwz-activate.drv
  /nix/store/wd7p59cs7rr4vdbd8j4zldqky0ah1xjx-nixos-system-sargas-26.11.20260616.567a49d.drv
building '/nix/store/92b8aki4wcw7wji8fqnldaiahd3b123q-home-manager-path.drv'...
building '/nix/store/i5wg89v1pdb8jzcd363r6ilhkarb0b9r-dummy-fc-dir1-fish-completions.drv'...
building '/nix/store/033fy6a16hgywl2fm4w1d1zamppssgxq-dummy-fc-dir2-fish-completions.drv'...
building '/nix/store/aib63p5pa2k16cispjg1p7k2hpq2ih0x-hm-session-vars.fish-fish-completions.drv'...
building '/nix/store/i47xvyd4xydla14iv5d7i1iyrad0iy5v-hm-session-vars.sh-fish-completions.drv'...
building '/nix/store/ck2adpjnw6k58b4fa52bhwsrhf6lcy97-man-paths.drv'...
building '/nix/store/033fy6a16hgywl2fm4w1d1zamppssgxq-dummy-fc-dir2-fish-completions.drv'...
building '/nix/store/aib63p5pa2k16cispjg1p7k2hpq2ih0x-hm-session-vars.fish-fish-completions.drv'...
building '/nix/store/i47xvyd4xydla14iv5d7i1iyrad0iy5v-hm-session-vars.sh-fish-completions.drv'...
building '/nix/store/ck2adpjnw6k58b4fa52bhwsrhf6lcy97-man-paths.drv'...
building '/nix/store/aib63p5pa2k16cispjg1p7k2hpq2ih0x-hm-session-vars.fish-fish-completions.drv'...
building '/nix/store/i47xvyd4xydla14iv5d7i1iyrad0iy5v-hm-session-vars.sh-fish-completions.drv'...
building '/nix/store/ck2adpjnw6k58b4fa52bhwsrhf6lcy97-man-paths.drv'...
building '/nix/store/i47xvyd4xydla14iv5d7i1iyrad0iy5v-hm-session-vars.sh-fish-completions.drv'...
building '/nix/store/ck2adpjnw6k58b4fa52bhwsrhf6lcy97-man-paths.drv'...
building '/nix/store/ck2adpjnw6k58b4fa52bhwsrhf6lcy97-man-paths.drv'...
building '/nix/store/cb7pl2crgs5nw9ai4x21j4ff38n0h22r-hm_hmfontconfigfonts.xml.drv'...
building '/nix/store/ff83q4xm7kbzd0gsqlll9hfk94fyw4gx-user-environment.drv'...
building '/nix/store/cb7pl2crgs5nw9ai4x21j4ff38n0h22r-hm_hmfontconfigfonts.xml.drv'...
building '/nix/store/ff83q4xm7kbzd0gsqlll9hfk94fyw4gx-user-environment.drv'...
building '/nix/store/q2xdn3kb3ai4yn56i81p4k85wph704sx-c3r5b8-fish-completions.drv'...
building '/nix/store/q2xdn3kb3ai4yn56i81p4k85wph704sx-c3r5b8-fish-completions.drv'...
building '/nix/store/ff83q4xm7kbzd0gsqlll9hfk94fyw4gx-user-environment.drv'...
building '/nix/store/fn8yjl5cdrrv3sdv97wg5gr1506fbl1h-man-cache.drv'...
building '/nix/store/fn8yjl5cdrrv3sdv97wg5gr1506fbl1h-man-cache.drv'...
building '/nix/store/ff83q4xm7kbzd0gsqlll9hfk94fyw4gx-user-environment.drv'...
building '/nix/store/ff83q4xm7kbzd0gsqlll9hfk94fyw4gx-user-environment.drv'...
building '/nix/store/wk194vxq4cbqscg95jyzp04j1raz8mk8-hm_.manpath.drv'...
building '/nix/store/1i3m01gskni2pxypsz08zx0nibsrvshl-home-manager-files.drv'...
building '/nix/store/6jlyz20sm0g1ybavr3s9pls9csa0k4nn-home-manager-generation.drv'...
building '/nix/store/i220qj3dsfxjkaw2lxqvln4f6hqdgmby-unit-home-manager-c3r5b8.service.drv'...
building '/nix/store/5clnff1j7jf9h2vz379w5gdbz9pgjcs0-system-units.drv'...
building '/nix/store/9kz6dpxzmykdpjvpp6bv8lsy0sk5x1l3-etc.drv'...
building '/nix/store/6rzi0xbwask7qfks3dpx60qb5cb98dwz-activate.drv'...
building '/nix/store/wd7p59cs7rr4vdbd8j4zldqky0ah1xjx-nixos-system-sargas-26.11.20260616.567a49d.drv'...
