warning: Git tree '/home/runner/work/nix-config/nix-config' has uncommitted changes
warning: Using 'builtins.derivation' to create a derivation named 'options.json' that references the store path '/nix/store/pfwrb65dsv8phlsf1m98bvz11cvgb290-source' without a proper context. The resulting derivation will not have a correct store reference, so this is unreliable and may stop working in the future.
these 82 derivations will be built:
  /nix/store/05vww4j4ppdk5xdbcxrd732jlsnqglrz-steam-run-1.0.0.85-fhsenv-rootfs.drv
  /nix/store/0i0myjr0nzvnbnnakjr9g5rxi93gjin3-chsh.pam.drv
  /nix/store/xz50w85f63bgnbgp7hmpl0r3kzpbk7xj-restic-persist.drv
  /nix/store/0ja01bkc6lz2bfk8d10qik0dlqx1ylpx-restic-persist_fish-completions.drv
  /nix/store/135bvwbdlgx6siipyzcjmg455jqc9hrk-system-generators.drv
  /nix/store/1ajps6yvs9xhzygc0dnf2ny5qqrl51d7-runuser.pam.drv
  /nix/store/1blb4vafpcd5qc4bwv9pfscykm5jj59m-runuser-l.pam.drv
  /nix/store/pwn0wkp485x30dvbfh0kvhx22z7nbd6l-steam-run-1.0.0.85-bwrap.drv
  /nix/store/5is6yd2nj1hzj7n0sbnidg1lz9a1h8d6-steam-run-1.0.0.85.drv
  /nix/store/d411n6nmnmgk6476h3wm7g3cg5vp2s9j-steam-1.0.0.85-fhsenv-rootfs.drv
  /nix/store/j841h5cxh9xwx14s99nmq0sy6h67r019-steam-1.0.0.85-bwrap.drv
  /nix/store/75iag4n7i52r3bk65lxkfgx3kkw6530f-steam-1.0.0.85.drv
  /nix/store/h3ix5152kjxkhsyp68nlcsrkjjgpmdkq-system-path.drv
  /nix/store/hhlnp95v9rqb7sclr8kr15rwq367p6f3-X-Restart-Triggers-polkit.drv
  /nix/store/1mx71wfsyf85pq9jvrlc9ipp7w2w1lb3-unit-polkit.service.drv
  /nix/store/cai3vvw2gh9ld6v1dvlwfvi0k08ikjg5-NetworkManager.conf.drv
  /nix/store/s26a2h91vkckyiszn38nw95ansxm14hq-X-Restart-Triggers-NetworkManager-dispatcher.drv
  /nix/store/2db7l5as91pms1rd8bacvy0c7q25rc84-unit-NetworkManager-dispatcher.service.drv
  /nix/store/328xqivl1pashs3ywcimk6zc6vzshcy6-groupmems.pam.drv
  /nix/store/9p09pfb6bsk4dzny0pwgg61ry19np4w5-linux-7.1-modules-shrunk.drv
  /nix/store/hikdg7yrm8lyf223vyvpyg67jvjgbjhh-initrd-linux-7.1.drv
  /nix/store/4amqcaqssmpq0g3zha0zfm2b4k21lsk6-boot.json.drv
  /nix/store/6iqkmxn25026p9zyk5im9b8rjwxlmkg7-manifest-for-users.json.drv
  /nix/store/habrfs7cakhh5nv9cd8nnbkdz7dib1r4-manifest.json.drv
  /nix/store/9ln4b6iz1p7dzzfp676ip757cyrckn4c-dry-activate.drv
  /nix/store/4f8ydcmzxw99rqy56nghglbfn3ir460j-sudo.pam.drv
  /nix/store/558bns8hywlhx1wwy4qx26s9g56qsi0z-system-shutdown.drv
  /nix/store/5l6hvcaj4f8wds1sx7yal2h6ang7vhld-sshd.pam.drv
  /nix/store/xnhdkzirdzrwh6vm4c31igd5cmaxy557-tmpfiles.d.drv
  /nix/store/qv3dkhklh39g6i7d0fk4d9g5sykj3q9h-X-Restart-Triggers-systemd-tmpfiles-resetup.drv
  /nix/store/960dspqd6q0cf8v26ir8pi3shgkzd66x-unit-systemd-tmpfiles-resetup.service.drv
  /nix/store/wwfmfydy58cjwswsyhn3q4i7scs7lsx6-unit-script-linux-enable-ir-emitter-start.drv
  /nix/store/a0ax4723hs6k6xpx3idk3qcazlw0q45f-unit-linux-enable-ir-emitter.service.drv
  /nix/store/ai4jx8mwn5g4g2pb8305n1l0f450pxrk-X-Restart-Triggers-NetworkManager.drv
  /nix/store/kypw9ppcwxnih4xlimv714hqb6ichal5-unit-NetworkManager.service.drv
  /nix/store/lnig3nwyip3h14ap37hzp3dpm8saksf8-unit-restic-backups-persist.service.drv
  /nix/store/qhrf7iwcvk174wwnlybrpkp5rwcnyy62-udev-rules.drv
  /nix/store/xik6cq85j3cg93gx74z27sx8vbz6gzkd-X-Restart-Triggers-systemd-udevd.drv
  /nix/store/pbq2d6df7w9bds7s0bdbn5sx7vrahpda-unit-systemd-udevd.service.drv
  /nix/store/nh2zx5zv4iyjgnjk36akp7k6dhrpmxi6-dbus-1.drv
  /nix/store/h1wpy776qxgw5c9vy2kj1rs49kjfpsga-X-Restart-Triggers-dbus-broker.drv
  /nix/store/rry79irzh8q8gpvgpvs7mgh6wjng3bi2-unit-dbus-broker.service.drv
  /nix/store/sappm1ys2lccibqw8lspypzjrjr9dc36-unit-syncthing.service.drv
  /nix/store/g99cmbkg0sk6rmnk13mmrkjwww64sy5b-sway-workspace-switch.drv
  /nix/store/xhbfjk9vls7gq0i5j0xrqdzpjwnw1nrw-sway.conf.drv
  /nix/store/7mxml5iljngrai8br6yil6a6nahjh4s3-activation-script.drv
  /nix/store/nxp0w85q8a2kw5h484wwh4blc901gfwi-home-manager-files.drv
  /nix/store/frdvy38mya59db14j32wqkwa9yq224jk-home-manager-generation.drv
  /nix/store/wdbm5db281426m5dxn6c6gwb4l2zjx5l-unit-home-manager-c3r5b8.service.drv
  /nix/store/5r5jn7q9nsy8ln6l5i6y9a9bs715c3yb-system-units.drv
  /nix/store/658216pwwyszvlmqby7qqkldn0bp2bvn-passwd.pam.drv
  /nix/store/68c57nlrf6nrlcjk6fkn68h0ggji6976-groupmod.pam.drv
  /nix/store/yygyaj0fqsayn6yiiazfaxxdxj9krvan-sunshine.conf.drv
  /nix/store/m92a17s79wdbyhgp3lqr9gwvgq7mdjbl-unit-sunshine.service.drv
  /nix/store/rcv8qmgqrxm91xvam09n07r8vlcq6znf-unit-dbus-broker.service.drv
  /nix/store/6wahrhkrks16c5p9qjcrwhl072932ia6-user-units.drv
  /nix/store/88b6bd75fvgskdb2r882bsjq6cvmmh6s-systemd-user.pam.drv
  /nix/store/az9r7x1cjyk4y0fqw4vsbk7ihc5n2z0g-userdel.pam.drv
  /nix/store/bkrpp3n71ss361d6y1l0rgrid3yps8nz-user-generators.drv
  /nix/store/fa7achlks1wpvs8zdj7q5k6by4l8g1pw-greetd.pam.drv
  /nix/store/flm09m2dik6pal80szhnqqbv7mkg69cj-gtklock.pam.drv
  /nix/store/fp4v037n42c0m75pjcccrjy902n3b3my-su.pam.drv
  /nix/store/h7w0qk6dm0hxzlhfkvxqqpy0g0g60h91-chpasswd.pam.drv
  /nix/store/ca6m66g9gplardhycsg6ml2b8mqx9ylp-steam-1.0.0.85_fish-completions.drv
  /nix/store/qav0mj4cmnvzb4sn9zhxrdy93cbfamd3-steam-run-1.0.0.85_fish-completions.drv
  /nix/store/vbip8frvhamb90b2xg4875sddyiad18q-howdy-3.0.0_fish-completions.drv
  /nix/store/xn2gy6hrnqjll8xdqm43y571g6amqkvy-linux-enable-ir-emitter-6.1.2_fish-completions.drv
  /nix/store/ialrk93hx0hqa5184pl6ciga3ghn54y4-system_fish-completions.drv
  /nix/store/j87cxb5rwyl6n49rkjca5c9dnxd6gsxq-swaylock.pam.drv
  /nix/store/ji8innxgj0qiwcbp4n24smwfvjvdjk51-usermod.pam.drv
  /nix/store/jz9r3255wd366zvnd6kgn151x7bh08f7-groupadd.pam.drv
  /nix/store/mfp87wym4f2vy52f1c0k1r2ad52ak29v-polkit-1.pam.drv
  /nix/store/pgqxs544kmmmfiy5n5v0lb8655yig1z0-groupdel.pam.drv
  /nix/store/qvjgcs1b736h8la4z7rz0jbngl6ig8f8-useradd.pam.drv
  /nix/store/qx8xcwd44vndjg2aw06lwijqpmq56rwz-systemd-run0.pam.drv
  /nix/store/ww4nb7l8wz2rrwcdijbra7z2mv61jw26-hwdb.bin.drv
  /nix/store/x5q2wx315hf2yyl53wnislpbl35sbyif-login.pam.drv
  /nix/store/zj8nqc3gja1yfpa14lph8yy23062caci-chfn.pam.drv
  /nix/store/zpamyl3frb1bjrhrhwxms8k6b30xaqpp-vlock.pam.drv
  /nix/store/sn1wq9fms1dq04z1c6ry5q321jd6krh8-etc.drv
  /nix/store/kwcfbh8bkf09wckvy694jm0ql3ib2qi6-activate.drv
  /nix/store/44si7cvim4aa4mni280lzwhw8rg7dhjk-nixos-system-shaula-26.11.20260616.567a49d.drv
these 9 paths will be fetched (180.1 MiB download, 906.3 MiB unpacked):
  /nix/store/dq3l4ci84wdzg8ix0cczllharihiy70a-howdy-3.0.0
  /nix/store/8i1530dvv53r5qwqp0qxab540gyzyjv5-linux-enable-ir-emitter-6.1.2
  /nix/store/dfpdshpz88wghzdn84y90z2lavsv0rha-networkmanager-1.56.0-man
  /nix/store/rcm2ary09xj5aqi63wpbdwbi53lh3ikz-nlopt-2.11.0
  /nix/store/gms36v0fxpfn5jzw5fqb55s3f0qczjc8-opencv-4.13.0
  /nix/store/jajl5q83b8fgql17vklp7pw47h3riphd-openturns-1.26
  /nix/store/gpd0rl5l4pxh2vhb9bh19d8gl0cwbwax-pagmo2-2.19.1
  /nix/store/n5pysbbvn0yp118wmdmf4pav99wylqy4-python3-3.13.13-env
  /nix/store/8r123xghp70sd2l68gczfd7f3f5gpv01-vtk-9.5.2
copying path '/nix/store/rcm2ary09xj5aqi63wpbdwbi53lh3ikz-nlopt-2.11.0' from 'https://cache.nixos.org'...
building '/nix/store/cai3vvw2gh9ld6v1dvlwfvi0k08ikjg5-NetworkManager.conf.drv'...
building '/nix/store/ww4nb7l8wz2rrwcdijbra7z2mv61jw26-hwdb.bin.drv'...
building '/nix/store/9p09pfb6bsk4dzny0pwgg61ry19np4w5-linux-7.1-modules-shrunk.drv'...
building '/nix/store/6iqkmxn25026p9zyk5im9b8rjwxlmkg7-manifest-for-users.json.drv'...
building '/nix/store/habrfs7cakhh5nv9cd8nnbkdz7dib1r4-manifest.json.drv'...
building '/nix/store/xz50w85f63bgnbgp7hmpl0r3kzpbk7xj-restic-persist.drv'...
building '/nix/store/135bvwbdlgx6siipyzcjmg455jqc9hrk-system-generators.drv'...
building '/nix/store/558bns8hywlhx1wwy4qx26s9g56qsi0z-system-shutdown.drv'...
building '/nix/store/xnhdkzirdzrwh6vm4c31igd5cmaxy557-tmpfiles.d.drv'...
building '/nix/store/qhrf7iwcvk174wwnlybrpkp5rwcnyy62-udev-rules.drv'...
building '/nix/store/bkrpp3n71ss361d6y1l0rgrid3yps8nz-user-generators.drv'...
building '/nix/store/lnig3nwyip3h14ap37hzp3dpm8saksf8-unit-restic-backups-persist.service.drv'...
building '/nix/store/sappm1ys2lccibqw8lspypzjrjr9dc36-unit-syncthing.service.drv'...
copying path '/nix/store/dfpdshpz88wghzdn84y90z2lavsv0rha-networkmanager-1.56.0-man' from 'https://cache.nixos.org'...
building '/nix/store/yygyaj0fqsayn6yiiazfaxxdxj9krvan-sunshine.conf.drv'...
building '/nix/store/g99cmbkg0sk6rmnk13mmrkjwww64sy5b-sway-workspace-switch.drv'...
building '/nix/store/9p09pfb6bsk4dzny0pwgg61ry19np4w5-linux-7.1-modules-shrunk.drv'...
copying path '/nix/store/gpd0rl5l4pxh2vhb9bh19d8gl0cwbwax-pagmo2-2.19.1' from 'https://cache.nixos.org'...
building '/nix/store/6iqkmxn25026p9zyk5im9b8rjwxlmkg7-manifest-for-users.json.drv'...
building '/nix/store/habrfs7cakhh5nv9cd8nnbkdz7dib1r4-manifest.json.drv'...
building '/nix/store/xz50w85f63bgnbgp7hmpl0r3kzpbk7xj-restic-persist.drv'...
building '/nix/store/yygyaj0fqsayn6yiiazfaxxdxj9krvan-sunshine.conf.drv'...
building '/nix/store/g99cmbkg0sk6rmnk13mmrkjwww64sy5b-sway-workspace-switch.drv'...
building '/nix/store/135bvwbdlgx6siipyzcjmg455jqc9hrk-system-generators.drv'...
building '/nix/store/558bns8hywlhx1wwy4qx26s9g56qsi0z-system-shutdown.drv'...
building '/nix/store/xnhdkzirdzrwh6vm4c31igd5cmaxy557-tmpfiles.d.drv'...
building '/nix/store/qhrf7iwcvk174wwnlybrpkp5rwcnyy62-udev-rules.drv'...
building '/nix/store/lnig3nwyip3h14ap37hzp3dpm8saksf8-unit-restic-backups-persist.service.drv'...
building '/nix/store/sappm1ys2lccibqw8lspypzjrjr9dc36-unit-syncthing.service.drv'...
building '/nix/store/bkrpp3n71ss361d6y1l0rgrid3yps8nz-user-generators.drv'...
building '/nix/store/s26a2h91vkckyiszn38nw95ansxm14hq-X-Restart-Triggers-NetworkManager-dispatcher.drv'...
building '/nix/store/ai4jx8mwn5g4g2pb8305n1l0f450pxrk-X-Restart-Triggers-NetworkManager.drv'...
building '/nix/store/d411n6nmnmgk6476h3wm7g3cg5vp2s9j-steam-1.0.0.85-fhsenv-rootfs.drv'...
building '/nix/store/05vww4j4ppdk5xdbcxrd732jlsnqglrz-steam-run-1.0.0.85-fhsenv-rootfs.drv'...
building '/nix/store/s26a2h91vkckyiszn38nw95ansxm14hq-X-Restart-Triggers-NetworkManager-dispatcher.drv'...
building '/nix/store/ai4jx8mwn5g4g2pb8305n1l0f450pxrk-X-Restart-Triggers-NetworkManager.drv'...
building '/nix/store/6iqkmxn25026p9zyk5im9b8rjwxlmkg7-manifest-for-users.json.drv'...
building '/nix/store/habrfs7cakhh5nv9cd8nnbkdz7dib1r4-manifest.json.drv'...
building '/nix/store/xz50w85f63bgnbgp7hmpl0r3kzpbk7xj-restic-persist.drv'...
building '/nix/store/d411n6nmnmgk6476h3wm7g3cg5vp2s9j-steam-1.0.0.85-fhsenv-rootfs.drv'...
building '/nix/store/05vww4j4ppdk5xdbcxrd732jlsnqglrz-steam-run-1.0.0.85-fhsenv-rootfs.drv'...
building '/nix/store/yygyaj0fqsayn6yiiazfaxxdxj9krvan-sunshine.conf.drv'...
building '/nix/store/g99cmbkg0sk6rmnk13mmrkjwww64sy5b-sway-workspace-switch.drv'...
building '/nix/store/135bvwbdlgx6siipyzcjmg455jqc9hrk-system-generators.drv'...
building '/nix/store/558bns8hywlhx1wwy4qx26s9g56qsi0z-system-shutdown.drv'...
building '/nix/store/xnhdkzirdzrwh6vm4c31igd5cmaxy557-tmpfiles.d.drv'...
building '/nix/store/qhrf7iwcvk174wwnlybrpkp5rwcnyy62-udev-rules.drv'...
building '/nix/store/lnig3nwyip3h14ap37hzp3dpm8saksf8-unit-restic-backups-persist.service.drv'...
building '/nix/store/sappm1ys2lccibqw8lspypzjrjr9dc36-unit-syncthing.service.drv'...
building '/nix/store/bkrpp3n71ss361d6y1l0rgrid3yps8nz-user-generators.drv'...
copying path '/nix/store/jajl5q83b8fgql17vklp7pw47h3riphd-openturns-1.26' from 'https://cache.nixos.org'...
building '/nix/store/s26a2h91vkckyiszn38nw95ansxm14hq-X-Restart-Triggers-NetworkManager-dispatcher.drv'...
building '/nix/store/ai4jx8mwn5g4g2pb8305n1l0f450pxrk-X-Restart-Triggers-NetworkManager.drv'...
building '/nix/store/6iqkmxn25026p9zyk5im9b8rjwxlmkg7-manifest-for-users.json.drv'...
building '/nix/store/habrfs7cakhh5nv9cd8nnbkdz7dib1r4-manifest.json.drv'...
building '/nix/store/xz50w85f63bgnbgp7hmpl0r3kzpbk7xj-restic-persist.drv'...
building '/nix/store/d411n6nmnmgk6476h3wm7g3cg5vp2s9j-steam-1.0.0.85-fhsenv-rootfs.drv'...
building '/nix/store/05vww4j4ppdk5xdbcxrd732jlsnqglrz-steam-run-1.0.0.85-fhsenv-rootfs.drv'...
building '/nix/store/yygyaj0fqsayn6yiiazfaxxdxj9krvan-sunshine.conf.drv'...
building '/nix/store/g99cmbkg0sk6rmnk13mmrkjwww64sy5b-sway-workspace-switch.drv'...
building '/nix/store/135bvwbdlgx6siipyzcjmg455jqc9hrk-system-generators.drv'...
building '/nix/store/558bns8hywlhx1wwy4qx26s9g56qsi0z-system-shutdown.drv'...
building '/nix/store/xnhdkzirdzrwh6vm4c31igd5cmaxy557-tmpfiles.d.drv'...
building '/nix/store/qhrf7iwcvk174wwnlybrpkp5rwcnyy62-udev-rules.drv'...
building '/nix/store/lnig3nwyip3h14ap37hzp3dpm8saksf8-unit-restic-backups-persist.service.drv'...
building '/nix/store/sappm1ys2lccibqw8lspypzjrjr9dc36-unit-syncthing.service.drv'...
building '/nix/store/bkrpp3n71ss361d6y1l0rgrid3yps8nz-user-generators.drv'...
building '/nix/store/ai4jx8mwn5g4g2pb8305n1l0f450pxrk-X-Restart-Triggers-NetworkManager.drv'...
building '/nix/store/6iqkmxn25026p9zyk5im9b8rjwxlmkg7-manifest-for-users.json.drv'...
building '/nix/store/habrfs7cakhh5nv9cd8nnbkdz7dib1r4-manifest.json.drv'...
building '/nix/store/xz50w85f63bgnbgp7hmpl0r3kzpbk7xj-restic-persist.drv'...
building '/nix/store/d411n6nmnmgk6476h3wm7g3cg5vp2s9j-steam-1.0.0.85-fhsenv-rootfs.drv'...
building '/nix/store/05vww4j4ppdk5xdbcxrd732jlsnqglrz-steam-run-1.0.0.85-fhsenv-rootfs.drv'...
building '/nix/store/yygyaj0fqsayn6yiiazfaxxdxj9krvan-sunshine.conf.drv'...
building '/nix/store/g99cmbkg0sk6rmnk13mmrkjwww64sy5b-sway-workspace-switch.drv'...
building '/nix/store/135bvwbdlgx6siipyzcjmg455jqc9hrk-system-generators.drv'...
building '/nix/store/558bns8hywlhx1wwy4qx26s9g56qsi0z-system-shutdown.drv'...
building '/nix/store/xnhdkzirdzrwh6vm4c31igd5cmaxy557-tmpfiles.d.drv'...
building '/nix/store/qhrf7iwcvk174wwnlybrpkp5rwcnyy62-udev-rules.drv'...
building '/nix/store/lnig3nwyip3h14ap37hzp3dpm8saksf8-unit-restic-backups-persist.service.drv'...
building '/nix/store/sappm1ys2lccibqw8lspypzjrjr9dc36-unit-syncthing.service.drv'...
building '/nix/store/bkrpp3n71ss361d6y1l0rgrid3yps8nz-user-generators.drv'...
building '/nix/store/2db7l5as91pms1rd8bacvy0c7q25rc84-unit-NetworkManager-dispatcher.service.drv'...
copying path '/nix/store/8r123xghp70sd2l68gczfd7f3f5gpv01-vtk-9.5.2' from 'https://cache.nixos.org'...
building '/nix/store/6iqkmxn25026p9zyk5im9b8rjwxlmkg7-manifest-for-users.json.drv'...
building '/nix/store/habrfs7cakhh5nv9cd8nnbkdz7dib1r4-manifest.json.drv'...
building '/nix/store/xz50w85f63bgnbgp7hmpl0r3kzpbk7xj-restic-persist.drv'...
building '/nix/store/d411n6nmnmgk6476h3wm7g3cg5vp2s9j-steam-1.0.0.85-fhsenv-rootfs.drv'...
building '/nix/store/05vww4j4ppdk5xdbcxrd732jlsnqglrz-steam-run-1.0.0.85-fhsenv-rootfs.drv'...
building '/nix/store/yygyaj0fqsayn6yiiazfaxxdxj9krvan-sunshine.conf.drv'...
building '/nix/store/g99cmbkg0sk6rmnk13mmrkjwww64sy5b-sway-workspace-switch.drv'...
building '/nix/store/135bvwbdlgx6siipyzcjmg455jqc9hrk-system-generators.drv'...
building '/nix/store/558bns8hywlhx1wwy4qx26s9g56qsi0z-system-shutdown.drv'...
building '/nix/store/xnhdkzirdzrwh6vm4c31igd5cmaxy557-tmpfiles.d.drv'...
building '/nix/store/qhrf7iwcvk174wwnlybrpkp5rwcnyy62-udev-rules.drv'...
building '/nix/store/2db7l5as91pms1rd8bacvy0c7q25rc84-unit-NetworkManager-dispatcher.service.drv'...
building '/nix/store/lnig3nwyip3h14ap37hzp3dpm8saksf8-unit-restic-backups-persist.service.drv'...
building '/nix/store/sappm1ys2lccibqw8lspypzjrjr9dc36-unit-syncthing.service.drv'...
building '/nix/store/bkrpp3n71ss361d6y1l0rgrid3yps8nz-user-generators.drv'...
building '/nix/store/6iqkmxn25026p9zyk5im9b8rjwxlmkg7-manifest-for-users.json.drv'...
building '/nix/store/habrfs7cakhh5nv9cd8nnbkdz7dib1r4-manifest.json.drv'...
building '/nix/store/xz50w85f63bgnbgp7hmpl0r3kzpbk7xj-restic-persist.drv'...
building '/nix/store/d411n6nmnmgk6476h3wm7g3cg5vp2s9j-steam-1.0.0.85-fhsenv-rootfs.drv'...
building '/nix/store/05vww4j4ppdk5xdbcxrd732jlsnqglrz-steam-run-1.0.0.85-fhsenv-rootfs.drv'...
building '/nix/store/yygyaj0fqsayn6yiiazfaxxdxj9krvan-sunshine.conf.drv'...
building '/nix/store/g99cmbkg0sk6rmnk13mmrkjwww64sy5b-sway-workspace-switch.drv'...
building '/nix/store/135bvwbdlgx6siipyzcjmg455jqc9hrk-system-generators.drv'...
building '/nix/store/558bns8hywlhx1wwy4qx26s9g56qsi0z-system-shutdown.drv'...
building '/nix/store/xnhdkzirdzrwh6vm4c31igd5cmaxy557-tmpfiles.d.drv'...
building '/nix/store/qhrf7iwcvk174wwnlybrpkp5rwcnyy62-udev-rules.drv'...
building '/nix/store/2db7l5as91pms1rd8bacvy0c7q25rc84-unit-NetworkManager-dispatcher.service.drv'...
building '/nix/store/lnig3nwyip3h14ap37hzp3dpm8saksf8-unit-restic-backups-persist.service.drv'...
building '/nix/store/sappm1ys2lccibqw8lspypzjrjr9dc36-unit-syncthing.service.drv'...
building '/nix/store/bkrpp3n71ss361d6y1l0rgrid3yps8nz-user-generators.drv'...
building '/nix/store/kypw9ppcwxnih4xlimv714hqb6ichal5-unit-NetworkManager.service.drv'...
building '/nix/store/habrfs7cakhh5nv9cd8nnbkdz7dib1r4-manifest.json.drv'...
building '/nix/store/xz50w85f63bgnbgp7hmpl0r3kzpbk7xj-restic-persist.drv'...
building '/nix/store/d411n6nmnmgk6476h3wm7g3cg5vp2s9j-steam-1.0.0.85-fhsenv-rootfs.drv'...
building '/nix/store/05vww4j4ppdk5xdbcxrd732jlsnqglrz-steam-run-1.0.0.85-fhsenv-rootfs.drv'...
building '/nix/store/yygyaj0fqsayn6yiiazfaxxdxj9krvan-sunshine.conf.drv'...
building '/nix/store/g99cmbkg0sk6rmnk13mmrkjwww64sy5b-sway-workspace-switch.drv'...
building '/nix/store/135bvwbdlgx6siipyzcjmg455jqc9hrk-system-generators.drv'...
building '/nix/store/558bns8hywlhx1wwy4qx26s9g56qsi0z-system-shutdown.drv'...
building '/nix/store/xnhdkzirdzrwh6vm4c31igd5cmaxy557-tmpfiles.d.drv'...
building '/nix/store/qhrf7iwcvk174wwnlybrpkp5rwcnyy62-udev-rules.drv'...
building '/nix/store/2db7l5as91pms1rd8bacvy0c7q25rc84-unit-NetworkManager-dispatcher.service.drv'...
building '/nix/store/kypw9ppcwxnih4xlimv714hqb6ichal5-unit-NetworkManager.service.drv'...
building '/nix/store/lnig3nwyip3h14ap37hzp3dpm8saksf8-unit-restic-backups-persist.service.drv'...
building '/nix/store/sappm1ys2lccibqw8lspypzjrjr9dc36-unit-syncthing.service.drv'...
building '/nix/store/bkrpp3n71ss361d6y1l0rgrid3yps8nz-user-generators.drv'...
building '/nix/store/xz50w85f63bgnbgp7hmpl0r3kzpbk7xj-restic-persist.drv'...
building '/nix/store/d411n6nmnmgk6476h3wm7g3cg5vp2s9j-steam-1.0.0.85-fhsenv-rootfs.drv'...
building '/nix/store/05vww4j4ppdk5xdbcxrd732jlsnqglrz-steam-run-1.0.0.85-fhsenv-rootfs.drv'...
building '/nix/store/yygyaj0fqsayn6yiiazfaxxdxj9krvan-sunshine.conf.drv'...
building '/nix/store/g99cmbkg0sk6rmnk13mmrkjwww64sy5b-sway-workspace-switch.drv'...
building '/nix/store/135bvwbdlgx6siipyzcjmg455jqc9hrk-system-generators.drv'...
building '/nix/store/558bns8hywlhx1wwy4qx26s9g56qsi0z-system-shutdown.drv'...
building '/nix/store/xnhdkzirdzrwh6vm4c31igd5cmaxy557-tmpfiles.d.drv'...
building '/nix/store/qhrf7iwcvk174wwnlybrpkp5rwcnyy62-udev-rules.drv'...
building '/nix/store/2db7l5as91pms1rd8bacvy0c7q25rc84-unit-NetworkManager-dispatcher.service.drv'...
building '/nix/store/kypw9ppcwxnih4xlimv714hqb6ichal5-unit-NetworkManager.service.drv'...
building '/nix/store/lnig3nwyip3h14ap37hzp3dpm8saksf8-unit-restic-backups-persist.service.drv'...
building '/nix/store/sappm1ys2lccibqw8lspypzjrjr9dc36-unit-syncthing.service.drv'...
building '/nix/store/bkrpp3n71ss361d6y1l0rgrid3yps8nz-user-generators.drv'...
building '/nix/store/9ln4b6iz1p7dzzfp676ip757cyrckn4c-dry-activate.drv'...
building '/nix/store/9ln4b6iz1p7dzzfp676ip757cyrckn4c-dry-activate.drv'...
building '/nix/store/d411n6nmnmgk6476h3wm7g3cg5vp2s9j-steam-1.0.0.85-fhsenv-rootfs.drv'...
building '/nix/store/05vww4j4ppdk5xdbcxrd732jlsnqglrz-steam-run-1.0.0.85-fhsenv-rootfs.drv'...
building '/nix/store/yygyaj0fqsayn6yiiazfaxxdxj9krvan-sunshine.conf.drv'...
building '/nix/store/g99cmbkg0sk6rmnk13mmrkjwww64sy5b-sway-workspace-switch.drv'...
building '/nix/store/135bvwbdlgx6siipyzcjmg455jqc9hrk-system-generators.drv'...
building '/nix/store/558bns8hywlhx1wwy4qx26s9g56qsi0z-system-shutdown.drv'...
building '/nix/store/xnhdkzirdzrwh6vm4c31igd5cmaxy557-tmpfiles.d.drv'...
building '/nix/store/qhrf7iwcvk174wwnlybrpkp5rwcnyy62-udev-rules.drv'...
building '/nix/store/2db7l5as91pms1rd8bacvy0c7q25rc84-unit-NetworkManager-dispatcher.service.drv'...
building '/nix/store/kypw9ppcwxnih4xlimv714hqb6ichal5-unit-NetworkManager.service.drv'...
building '/nix/store/lnig3nwyip3h14ap37hzp3dpm8saksf8-unit-restic-backups-persist.service.drv'...
building '/nix/store/sappm1ys2lccibqw8lspypzjrjr9dc36-unit-syncthing.service.drv'...
building '/nix/store/bkrpp3n71ss361d6y1l0rgrid3yps8nz-user-generators.drv'...
building '/nix/store/0ja01bkc6lz2bfk8d10qik0dlqx1ylpx-restic-persist_fish-completions.drv'...
building '/nix/store/0ja01bkc6lz2bfk8d10qik0dlqx1ylpx-restic-persist_fish-completions.drv'...
building '/nix/store/d411n6nmnmgk6476h3wm7g3cg5vp2s9j-steam-1.0.0.85-fhsenv-rootfs.drv'...
building '/nix/store/05vww4j4ppdk5xdbcxrd732jlsnqglrz-steam-run-1.0.0.85-fhsenv-rootfs.drv'...
building '/nix/store/yygyaj0fqsayn6yiiazfaxxdxj9krvan-sunshine.conf.drv'...
building '/nix/store/g99cmbkg0sk6rmnk13mmrkjwww64sy5b-sway-workspace-switch.drv'...
building '/nix/store/135bvwbdlgx6siipyzcjmg455jqc9hrk-system-generators.drv'...
building '/nix/store/558bns8hywlhx1wwy4qx26s9g56qsi0z-system-shutdown.drv'...
building '/nix/store/xnhdkzirdzrwh6vm4c31igd5cmaxy557-tmpfiles.d.drv'...
building '/nix/store/qhrf7iwcvk174wwnlybrpkp5rwcnyy62-udev-rules.drv'...
building '/nix/store/2db7l5as91pms1rd8bacvy0c7q25rc84-unit-NetworkManager-dispatcher.service.drv'...
building '/nix/store/kypw9ppcwxnih4xlimv714hqb6ichal5-unit-NetworkManager.service.drv'...
building '/nix/store/lnig3nwyip3h14ap37hzp3dpm8saksf8-unit-restic-backups-persist.service.drv'...
building '/nix/store/sappm1ys2lccibqw8lspypzjrjr9dc36-unit-syncthing.service.drv'...
building '/nix/store/bkrpp3n71ss361d6y1l0rgrid3yps8nz-user-generators.drv'...
building '/nix/store/d411n6nmnmgk6476h3wm7g3cg5vp2s9j-steam-1.0.0.85-fhsenv-rootfs.drv'...
building '/nix/store/05vww4j4ppdk5xdbcxrd732jlsnqglrz-steam-run-1.0.0.85-fhsenv-rootfs.drv'...
building '/nix/store/yygyaj0fqsayn6yiiazfaxxdxj9krvan-sunshine.conf.drv'...
building '/nix/store/g99cmbkg0sk6rmnk13mmrkjwww64sy5b-sway-workspace-switch.drv'...
building '/nix/store/135bvwbdlgx6siipyzcjmg455jqc9hrk-system-generators.drv'...
building '/nix/store/558bns8hywlhx1wwy4qx26s9g56qsi0z-system-shutdown.drv'...
building '/nix/store/xnhdkzirdzrwh6vm4c31igd5cmaxy557-tmpfiles.d.drv'...
building '/nix/store/qhrf7iwcvk174wwnlybrpkp5rwcnyy62-udev-rules.drv'...
building '/nix/store/2db7l5as91pms1rd8bacvy0c7q25rc84-unit-NetworkManager-dispatcher.service.drv'...
building '/nix/store/kypw9ppcwxnih4xlimv714hqb6ichal5-unit-NetworkManager.service.drv'...
building '/nix/store/lnig3nwyip3h14ap37hzp3dpm8saksf8-unit-restic-backups-persist.service.drv'...
building '/nix/store/sappm1ys2lccibqw8lspypzjrjr9dc36-unit-syncthing.service.drv'...
building '/nix/store/bkrpp3n71ss361d6y1l0rgrid3yps8nz-user-generators.drv'...
building '/nix/store/05vww4j4ppdk5xdbcxrd732jlsnqglrz-steam-run-1.0.0.85-fhsenv-rootfs.drv'...
building '/nix/store/yygyaj0fqsayn6yiiazfaxxdxj9krvan-sunshine.conf.drv'...
building '/nix/store/g99cmbkg0sk6rmnk13mmrkjwww64sy5b-sway-workspace-switch.drv'...
building '/nix/store/135bvwbdlgx6siipyzcjmg455jqc9hrk-system-generators.drv'...
building '/nix/store/558bns8hywlhx1wwy4qx26s9g56qsi0z-system-shutdown.drv'...
building '/nix/store/xnhdkzirdzrwh6vm4c31igd5cmaxy557-tmpfiles.d.drv'...
building '/nix/store/qhrf7iwcvk174wwnlybrpkp5rwcnyy62-udev-rules.drv'...
building '/nix/store/2db7l5as91pms1rd8bacvy0c7q25rc84-unit-NetworkManager-dispatcher.service.drv'...
building '/nix/store/kypw9ppcwxnih4xlimv714hqb6ichal5-unit-NetworkManager.service.drv'...
building '/nix/store/lnig3nwyip3h14ap37hzp3dpm8saksf8-unit-restic-backups-persist.service.drv'...
building '/nix/store/sappm1ys2lccibqw8lspypzjrjr9dc36-unit-syncthing.service.drv'...
building '/nix/store/bkrpp3n71ss361d6y1l0rgrid3yps8nz-user-generators.drv'...
building '/nix/store/hikdg7yrm8lyf223vyvpyg67jvjgbjhh-initrd-linux-7.1.drv'...
copying path '/nix/store/gms36v0fxpfn5jzw5fqb55s3f0qczjc8-opencv-4.13.0' from 'https://cache.nixos.org'...
building '/nix/store/hikdg7yrm8lyf223vyvpyg67jvjgbjhh-initrd-linux-7.1.drv'...
building '/nix/store/yygyaj0fqsayn6yiiazfaxxdxj9krvan-sunshine.conf.drv'...
building '/nix/store/g99cmbkg0sk6rmnk13mmrkjwww64sy5b-sway-workspace-switch.drv'...
building '/nix/store/135bvwbdlgx6siipyzcjmg455jqc9hrk-system-generators.drv'...
building '/nix/store/558bns8hywlhx1wwy4qx26s9g56qsi0z-system-shutdown.drv'...
building '/nix/store/xnhdkzirdzrwh6vm4c31igd5cmaxy557-tmpfiles.d.drv'...
building '/nix/store/qhrf7iwcvk174wwnlybrpkp5rwcnyy62-udev-rules.drv'...
building '/nix/store/2db7l5as91pms1rd8bacvy0c7q25rc84-unit-NetworkManager-dispatcher.service.drv'...
building '/nix/store/kypw9ppcwxnih4xlimv714hqb6ichal5-unit-NetworkManager.service.drv'...
building '/nix/store/lnig3nwyip3h14ap37hzp3dpm8saksf8-unit-restic-backups-persist.service.drv'...
building '/nix/store/sappm1ys2lccibqw8lspypzjrjr9dc36-unit-syncthing.service.drv'...
building '/nix/store/bkrpp3n71ss361d6y1l0rgrid3yps8nz-user-generators.drv'...
building '/nix/store/hikdg7yrm8lyf223vyvpyg67jvjgbjhh-initrd-linux-7.1.drv'...
building '/nix/store/yygyaj0fqsayn6yiiazfaxxdxj9krvan-sunshine.conf.drv'...
building '/nix/store/g99cmbkg0sk6rmnk13mmrkjwww64sy5b-sway-workspace-switch.drv'...
building '/nix/store/135bvwbdlgx6siipyzcjmg455jqc9hrk-system-generators.drv'...
building '/nix/store/558bns8hywlhx1wwy4qx26s9g56qsi0z-system-shutdown.drv'...
building '/nix/store/xnhdkzirdzrwh6vm4c31igd5cmaxy557-tmpfiles.d.drv'...
building '/nix/store/qhrf7iwcvk174wwnlybrpkp5rwcnyy62-udev-rules.drv'...
building '/nix/store/2db7l5as91pms1rd8bacvy0c7q25rc84-unit-NetworkManager-dispatcher.service.drv'...
building '/nix/store/kypw9ppcwxnih4xlimv714hqb6ichal5-unit-NetworkManager.service.drv'...
building '/nix/store/lnig3nwyip3h14ap37hzp3dpm8saksf8-unit-restic-backups-persist.service.drv'...
building '/nix/store/sappm1ys2lccibqw8lspypzjrjr9dc36-unit-syncthing.service.drv'...
building '/nix/store/bkrpp3n71ss361d6y1l0rgrid3yps8nz-user-generators.drv'...
building '/nix/store/pwn0wkp485x30dvbfh0kvhx22z7nbd6l-steam-run-1.0.0.85-bwrap.drv'...
building '/nix/store/pwn0wkp485x30dvbfh0kvhx22z7nbd6l-steam-run-1.0.0.85-bwrap.drv'...
building '/nix/store/yygyaj0fqsayn6yiiazfaxxdxj9krvan-sunshine.conf.drv'...
building '/nix/store/g99cmbkg0sk6rmnk13mmrkjwww64sy5b-sway-workspace-switch.drv'...
building '/nix/store/135bvwbdlgx6siipyzcjmg455jqc9hrk-system-generators.drv'...
building '/nix/store/558bns8hywlhx1wwy4qx26s9g56qsi0z-system-shutdown.drv'...
building '/nix/store/xnhdkzirdzrwh6vm4c31igd5cmaxy557-tmpfiles.d.drv'...
building '/nix/store/qhrf7iwcvk174wwnlybrpkp5rwcnyy62-udev-rules.drv'...
building '/nix/store/2db7l5as91pms1rd8bacvy0c7q25rc84-unit-NetworkManager-dispatcher.service.drv'...
building '/nix/store/kypw9ppcwxnih4xlimv714hqb6ichal5-unit-NetworkManager.service.drv'...
building '/nix/store/lnig3nwyip3h14ap37hzp3dpm8saksf8-unit-restic-backups-persist.service.drv'...
building '/nix/store/sappm1ys2lccibqw8lspypzjrjr9dc36-unit-syncthing.service.drv'...
building '/nix/store/bkrpp3n71ss361d6y1l0rgrid3yps8nz-user-generators.drv'...
building '/nix/store/j841h5cxh9xwx14s99nmq0sy6h67r019-steam-1.0.0.85-bwrap.drv'...
building '/nix/store/j841h5cxh9xwx14s99nmq0sy6h67r019-steam-1.0.0.85-bwrap.drv'...
building '/nix/store/yygyaj0fqsayn6yiiazfaxxdxj9krvan-sunshine.conf.drv'...
building '/nix/store/g99cmbkg0sk6rmnk13mmrkjwww64sy5b-sway-workspace-switch.drv'...
building '/nix/store/135bvwbdlgx6siipyzcjmg455jqc9hrk-system-generators.drv'...
building '/nix/store/558bns8hywlhx1wwy4qx26s9g56qsi0z-system-shutdown.drv'...
copying path '/nix/store/8i1530dvv53r5qwqp0qxab540gyzyjv5-linux-enable-ir-emitter-6.1.2' from 'https://cache.nixos.org'...
building '/nix/store/xnhdkzirdzrwh6vm4c31igd5cmaxy557-tmpfiles.d.drv'...
copying path '/nix/store/n5pysbbvn0yp118wmdmf4pav99wylqy4-python3-3.13.13-env' from 'https://cache.nixos.org'...
building '/nix/store/qhrf7iwcvk174wwnlybrpkp5rwcnyy62-udev-rules.drv'...
building '/nix/store/2db7l5as91pms1rd8bacvy0c7q25rc84-unit-NetworkManager-dispatcher.service.drv'...
building '/nix/store/kypw9ppcwxnih4xlimv714hqb6ichal5-unit-NetworkManager.service.drv'...
building '/nix/store/lnig3nwyip3h14ap37hzp3dpm8saksf8-unit-restic-backups-persist.service.drv'...
building '/nix/store/sappm1ys2lccibqw8lspypzjrjr9dc36-unit-syncthing.service.drv'...
building '/nix/store/bkrpp3n71ss361d6y1l0rgrid3yps8nz-user-generators.drv'...
building '/nix/store/j841h5cxh9xwx14s99nmq0sy6h67r019-steam-1.0.0.85-bwrap.drv'...
building '/nix/store/yygyaj0fqsayn6yiiazfaxxdxj9krvan-sunshine.conf.drv'...
building '/nix/store/g99cmbkg0sk6rmnk13mmrkjwww64sy5b-sway-workspace-switch.drv'...
building '/nix/store/135bvwbdlgx6siipyzcjmg455jqc9hrk-system-generators.drv'...
building '/nix/store/558bns8hywlhx1wwy4qx26s9g56qsi0z-system-shutdown.drv'...
building '/nix/store/xnhdkzirdzrwh6vm4c31igd5cmaxy557-tmpfiles.d.drv'...
building '/nix/store/qhrf7iwcvk174wwnlybrpkp5rwcnyy62-udev-rules.drv'...
building '/nix/store/2db7l5as91pms1rd8bacvy0c7q25rc84-unit-NetworkManager-dispatcher.service.drv'...
building '/nix/store/kypw9ppcwxnih4xlimv714hqb6ichal5-unit-NetworkManager.service.drv'...
building '/nix/store/lnig3nwyip3h14ap37hzp3dpm8saksf8-unit-restic-backups-persist.service.drv'...
building '/nix/store/sappm1ys2lccibqw8lspypzjrjr9dc36-unit-syncthing.service.drv'...
building '/nix/store/bkrpp3n71ss361d6y1l0rgrid3yps8nz-user-generators.drv'...
building '/nix/store/4amqcaqssmpq0g3zha0zfm2b4k21lsk6-boot.json.drv'...
building '/nix/store/4amqcaqssmpq0g3zha0zfm2b4k21lsk6-boot.json.drv'...
copying path '/nix/store/dq3l4ci84wdzg8ix0cczllharihiy70a-howdy-3.0.0' from 'https://cache.nixos.org'...
building '/nix/store/yygyaj0fqsayn6yiiazfaxxdxj9krvan-sunshine.conf.drv'...
building '/nix/store/g99cmbkg0sk6rmnk13mmrkjwww64sy5b-sway-workspace-switch.drv'...
building '/nix/store/135bvwbdlgx6siipyzcjmg455jqc9hrk-system-generators.drv'...
building '/nix/store/558bns8hywlhx1wwy4qx26s9g56qsi0z-system-shutdown.drv'...
building '/nix/store/xnhdkzirdzrwh6vm4c31igd5cmaxy557-tmpfiles.d.drv'...
building '/nix/store/qhrf7iwcvk174wwnlybrpkp5rwcnyy62-udev-rules.drv'...
building '/nix/store/2db7l5as91pms1rd8bacvy0c7q25rc84-unit-NetworkManager-dispatcher.service.drv'...
building '/nix/store/kypw9ppcwxnih4xlimv714hqb6ichal5-unit-NetworkManager.service.drv'...
building '/nix/store/lnig3nwyip3h14ap37hzp3dpm8saksf8-unit-restic-backups-persist.service.drv'...
building '/nix/store/sappm1ys2lccibqw8lspypzjrjr9dc36-unit-syncthing.service.drv'...
building '/nix/store/bkrpp3n71ss361d6y1l0rgrid3yps8nz-user-generators.drv'...
building '/nix/store/xn2gy6hrnqjll8xdqm43y571g6amqkvy-linux-enable-ir-emitter-6.1.2_fish-completions.drv'...
building '/nix/store/5is6yd2nj1hzj7n0sbnidg1lz9a1h8d6-steam-run-1.0.0.85.drv'...
building '/nix/store/wwfmfydy58cjwswsyhn3q4i7scs7lsx6-unit-script-linux-enable-ir-emitter-start.drv'...
building '/nix/store/xn2gy6hrnqjll8xdqm43y571g6amqkvy-linux-enable-ir-emitter-6.1.2_fish-completions.drv'...
building '/nix/store/5is6yd2nj1hzj7n0sbnidg1lz9a1h8d6-steam-run-1.0.0.85.drv'...
building '/nix/store/yygyaj0fqsayn6yiiazfaxxdxj9krvan-sunshine.conf.drv'...
building '/nix/store/g99cmbkg0sk6rmnk13mmrkjwww64sy5b-sway-workspace-switch.drv'...
building '/nix/store/135bvwbdlgx6siipyzcjmg455jqc9hrk-system-generators.drv'...
building '/nix/store/558bns8hywlhx1wwy4qx26s9g56qsi0z-system-shutdown.drv'...
building '/nix/store/xnhdkzirdzrwh6vm4c31igd5cmaxy557-tmpfiles.d.drv'...
building '/nix/store/qhrf7iwcvk174wwnlybrpkp5rwcnyy62-udev-rules.drv'...
building '/nix/store/2db7l5as91pms1rd8bacvy0c7q25rc84-unit-NetworkManager-dispatcher.service.drv'...
building '/nix/store/kypw9ppcwxnih4xlimv714hqb6ichal5-unit-NetworkManager.service.drv'...
building '/nix/store/lnig3nwyip3h14ap37hzp3dpm8saksf8-unit-restic-backups-persist.service.drv'...
building '/nix/store/wwfmfydy58cjwswsyhn3q4i7scs7lsx6-unit-script-linux-enable-ir-emitter-start.drv'...
building '/nix/store/sappm1ys2lccibqw8lspypzjrjr9dc36-unit-syncthing.service.drv'...
building '/nix/store/bkrpp3n71ss361d6y1l0rgrid3yps8nz-user-generators.drv'...
building '/nix/store/75iag4n7i52r3bk65lxkfgx3kkw6530f-steam-1.0.0.85.drv'...
building '/nix/store/75iag4n7i52r3bk65lxkfgx3kkw6530f-steam-1.0.0.85.drv'...
building '/nix/store/5is6yd2nj1hzj7n0sbnidg1lz9a1h8d6-steam-run-1.0.0.85.drv'...
building '/nix/store/yygyaj0fqsayn6yiiazfaxxdxj9krvan-sunshine.conf.drv'...
building '/nix/store/g99cmbkg0sk6rmnk13mmrkjwww64sy5b-sway-workspace-switch.drv'...
building '/nix/store/135bvwbdlgx6siipyzcjmg455jqc9hrk-system-generators.drv'...
building '/nix/store/558bns8hywlhx1wwy4qx26s9g56qsi0z-system-shutdown.drv'...
building '/nix/store/xnhdkzirdzrwh6vm4c31igd5cmaxy557-tmpfiles.d.drv'...
building '/nix/store/qhrf7iwcvk174wwnlybrpkp5rwcnyy62-udev-rules.drv'...
building '/nix/store/2db7l5as91pms1rd8bacvy0c7q25rc84-unit-NetworkManager-dispatcher.service.drv'...
building '/nix/store/kypw9ppcwxnih4xlimv714hqb6ichal5-unit-NetworkManager.service.drv'...
building '/nix/store/lnig3nwyip3h14ap37hzp3dpm8saksf8-unit-restic-backups-persist.service.drv'...
building '/nix/store/wwfmfydy58cjwswsyhn3q4i7scs7lsx6-unit-script-linux-enable-ir-emitter-start.drv'...
building '/nix/store/sappm1ys2lccibqw8lspypzjrjr9dc36-unit-syncthing.service.drv'...
building '/nix/store/bkrpp3n71ss361d6y1l0rgrid3yps8nz-user-generators.drv'...
building '/nix/store/5is6yd2nj1hzj7n0sbnidg1lz9a1h8d6-steam-run-1.0.0.85.drv'...
building '/nix/store/yygyaj0fqsayn6yiiazfaxxdxj9krvan-sunshine.conf.drv'...
building '/nix/store/g99cmbkg0sk6rmnk13mmrkjwww64sy5b-sway-workspace-switch.drv'...
building '/nix/store/135bvwbdlgx6siipyzcjmg455jqc9hrk-system-generators.drv'...
building '/nix/store/558bns8hywlhx1wwy4qx26s9g56qsi0z-system-shutdown.drv'...
building '/nix/store/xnhdkzirdzrwh6vm4c31igd5cmaxy557-tmpfiles.d.drv'...
building '/nix/store/qhrf7iwcvk174wwnlybrpkp5rwcnyy62-udev-rules.drv'...
building '/nix/store/2db7l5as91pms1rd8bacvy0c7q25rc84-unit-NetworkManager-dispatcher.service.drv'...
building '/nix/store/kypw9ppcwxnih4xlimv714hqb6ichal5-unit-NetworkManager.service.drv'...
building '/nix/store/lnig3nwyip3h14ap37hzp3dpm8saksf8-unit-restic-backups-persist.service.drv'...
building '/nix/store/wwfmfydy58cjwswsyhn3q4i7scs7lsx6-unit-script-linux-enable-ir-emitter-start.drv'...
building '/nix/store/sappm1ys2lccibqw8lspypzjrjr9dc36-unit-syncthing.service.drv'...
building '/nix/store/bkrpp3n71ss361d6y1l0rgrid3yps8nz-user-generators.drv'...
building '/nix/store/yygyaj0fqsayn6yiiazfaxxdxj9krvan-sunshine.conf.drv'...
building '/nix/store/g99cmbkg0sk6rmnk13mmrkjwww64sy5b-sway-workspace-switch.drv'...
building '/nix/store/135bvwbdlgx6siipyzcjmg455jqc9hrk-system-generators.drv'...
building '/nix/store/558bns8hywlhx1wwy4qx26s9g56qsi0z-system-shutdown.drv'...
building '/nix/store/xnhdkzirdzrwh6vm4c31igd5cmaxy557-tmpfiles.d.drv'...
building '/nix/store/qhrf7iwcvk174wwnlybrpkp5rwcnyy62-udev-rules.drv'...
building '/nix/store/2db7l5as91pms1rd8bacvy0c7q25rc84-unit-NetworkManager-dispatcher.service.drv'...
building '/nix/store/kypw9ppcwxnih4xlimv714hqb6ichal5-unit-NetworkManager.service.drv'...
building '/nix/store/lnig3nwyip3h14ap37hzp3dpm8saksf8-unit-restic-backups-persist.service.drv'...
building '/nix/store/wwfmfydy58cjwswsyhn3q4i7scs7lsx6-unit-script-linux-enable-ir-emitter-start.drv'...
building '/nix/store/sappm1ys2lccibqw8lspypzjrjr9dc36-unit-syncthing.service.drv'...
building '/nix/store/bkrpp3n71ss361d6y1l0rgrid3yps8nz-user-generators.drv'...
building '/nix/store/ca6m66g9gplardhycsg6ml2b8mqx9ylp-steam-1.0.0.85_fish-completions.drv'...
building '/nix/store/ca6m66g9gplardhycsg6ml2b8mqx9ylp-steam-1.0.0.85_fish-completions.drv'...
building '/nix/store/g99cmbkg0sk6rmnk13mmrkjwww64sy5b-sway-workspace-switch.drv'...
building '/nix/store/135bvwbdlgx6siipyzcjmg455jqc9hrk-system-generators.drv'...
building '/nix/store/558bns8hywlhx1wwy4qx26s9g56qsi0z-system-shutdown.drv'...
building '/nix/store/xnhdkzirdzrwh6vm4c31igd5cmaxy557-tmpfiles.d.drv'...
building '/nix/store/qhrf7iwcvk174wwnlybrpkp5rwcnyy62-udev-rules.drv'...
building '/nix/store/2db7l5as91pms1rd8bacvy0c7q25rc84-unit-NetworkManager-dispatcher.service.drv'...
building '/nix/store/kypw9ppcwxnih4xlimv714hqb6ichal5-unit-NetworkManager.service.drv'...
building '/nix/store/lnig3nwyip3h14ap37hzp3dpm8saksf8-unit-restic-backups-persist.service.drv'...
building '/nix/store/wwfmfydy58cjwswsyhn3q4i7scs7lsx6-unit-script-linux-enable-ir-emitter-start.drv'...
building '/nix/store/sappm1ys2lccibqw8lspypzjrjr9dc36-unit-syncthing.service.drv'...
building '/nix/store/bkrpp3n71ss361d6y1l0rgrid3yps8nz-user-generators.drv'...
building '/nix/store/qav0mj4cmnvzb4sn9zhxrdy93cbfamd3-steam-run-1.0.0.85_fish-completions.drv'...
building '/nix/store/qav0mj4cmnvzb4sn9zhxrdy93cbfamd3-steam-run-1.0.0.85_fish-completions.drv'...
building '/nix/store/g99cmbkg0sk6rmnk13mmrkjwww64sy5b-sway-workspace-switch.drv'...
building '/nix/store/135bvwbdlgx6siipyzcjmg455jqc9hrk-system-generators.drv'...
building '/nix/store/558bns8hywlhx1wwy4qx26s9g56qsi0z-system-shutdown.drv'...
building '/nix/store/xnhdkzirdzrwh6vm4c31igd5cmaxy557-tmpfiles.d.drv'...
building '/nix/store/qhrf7iwcvk174wwnlybrpkp5rwcnyy62-udev-rules.drv'...
building '/nix/store/2db7l5as91pms1rd8bacvy0c7q25rc84-unit-NetworkManager-dispatcher.service.drv'...
building '/nix/store/kypw9ppcwxnih4xlimv714hqb6ichal5-unit-NetworkManager.service.drv'...
building '/nix/store/lnig3nwyip3h14ap37hzp3dpm8saksf8-unit-restic-backups-persist.service.drv'...
building '/nix/store/wwfmfydy58cjwswsyhn3q4i7scs7lsx6-unit-script-linux-enable-ir-emitter-start.drv'...
building '/nix/store/sappm1ys2lccibqw8lspypzjrjr9dc36-unit-syncthing.service.drv'...
building '/nix/store/bkrpp3n71ss361d6y1l0rgrid3yps8nz-user-generators.drv'...
building '/nix/store/m92a17s79wdbyhgp3lqr9gwvgq7mdjbl-unit-sunshine.service.drv'...
building '/nix/store/g99cmbkg0sk6rmnk13mmrkjwww64sy5b-sway-workspace-switch.drv'...
building '/nix/store/135bvwbdlgx6siipyzcjmg455jqc9hrk-system-generators.drv'...
building '/nix/store/558bns8hywlhx1wwy4qx26s9g56qsi0z-system-shutdown.drv'...
building '/nix/store/xnhdkzirdzrwh6vm4c31igd5cmaxy557-tmpfiles.d.drv'...
building '/nix/store/qhrf7iwcvk174wwnlybrpkp5rwcnyy62-udev-rules.drv'...
building '/nix/store/2db7l5as91pms1rd8bacvy0c7q25rc84-unit-NetworkManager-dispatcher.service.drv'...
building '/nix/store/kypw9ppcwxnih4xlimv714hqb6ichal5-unit-NetworkManager.service.drv'...
building '/nix/store/lnig3nwyip3h14ap37hzp3dpm8saksf8-unit-restic-backups-persist.service.drv'...
building '/nix/store/wwfmfydy58cjwswsyhn3q4i7scs7lsx6-unit-script-linux-enable-ir-emitter-start.drv'...
building '/nix/store/m92a17s79wdbyhgp3lqr9gwvgq7mdjbl-unit-sunshine.service.drv'...
building '/nix/store/sappm1ys2lccibqw8lspypzjrjr9dc36-unit-syncthing.service.drv'...
building '/nix/store/bkrpp3n71ss361d6y1l0rgrid3yps8nz-user-generators.drv'...
building '/nix/store/135bvwbdlgx6siipyzcjmg455jqc9hrk-system-generators.drv'...
building '/nix/store/558bns8hywlhx1wwy4qx26s9g56qsi0z-system-shutdown.drv'...
building '/nix/store/xnhdkzirdzrwh6vm4c31igd5cmaxy557-tmpfiles.d.drv'...
building '/nix/store/qhrf7iwcvk174wwnlybrpkp5rwcnyy62-udev-rules.drv'...
building '/nix/store/2db7l5as91pms1rd8bacvy0c7q25rc84-unit-NetworkManager-dispatcher.service.drv'...
building '/nix/store/kypw9ppcwxnih4xlimv714hqb6ichal5-unit-NetworkManager.service.drv'...
building '/nix/store/lnig3nwyip3h14ap37hzp3dpm8saksf8-unit-restic-backups-persist.service.drv'...
building '/nix/store/wwfmfydy58cjwswsyhn3q4i7scs7lsx6-unit-script-linux-enable-ir-emitter-start.drv'...
building '/nix/store/m92a17s79wdbyhgp3lqr9gwvgq7mdjbl-unit-sunshine.service.drv'...
building '/nix/store/sappm1ys2lccibqw8lspypzjrjr9dc36-unit-syncthing.service.drv'...
building '/nix/store/bkrpp3n71ss361d6y1l0rgrid3yps8nz-user-generators.drv'...
building '/nix/store/558bns8hywlhx1wwy4qx26s9g56qsi0z-system-shutdown.drv'...
building '/nix/store/xnhdkzirdzrwh6vm4c31igd5cmaxy557-tmpfiles.d.drv'...
building '/nix/store/qhrf7iwcvk174wwnlybrpkp5rwcnyy62-udev-rules.drv'...
building '/nix/store/2db7l5as91pms1rd8bacvy0c7q25rc84-unit-NetworkManager-dispatcher.service.drv'...
building '/nix/store/kypw9ppcwxnih4xlimv714hqb6ichal5-unit-NetworkManager.service.drv'...
building '/nix/store/lnig3nwyip3h14ap37hzp3dpm8saksf8-unit-restic-backups-persist.service.drv'...
building '/nix/store/wwfmfydy58cjwswsyhn3q4i7scs7lsx6-unit-script-linux-enable-ir-emitter-start.drv'...
building '/nix/store/m92a17s79wdbyhgp3lqr9gwvgq7mdjbl-unit-sunshine.service.drv'...
building '/nix/store/sappm1ys2lccibqw8lspypzjrjr9dc36-unit-syncthing.service.drv'...
building '/nix/store/bkrpp3n71ss361d6y1l0rgrid3yps8nz-user-generators.drv'...
building '/nix/store/xhbfjk9vls7gq0i5j0xrqdzpjwnw1nrw-sway.conf.drv'...
building '/nix/store/xhbfjk9vls7gq0i5j0xrqdzpjwnw1nrw-sway.conf.drv'...
building '/nix/store/xnhdkzirdzrwh6vm4c31igd5cmaxy557-tmpfiles.d.drv'...
building '/nix/store/qhrf7iwcvk174wwnlybrpkp5rwcnyy62-udev-rules.drv'...
building '/nix/store/2db7l5as91pms1rd8bacvy0c7q25rc84-unit-NetworkManager-dispatcher.service.drv'...
building '/nix/store/kypw9ppcwxnih4xlimv714hqb6ichal5-unit-NetworkManager.service.drv'...
building '/nix/store/lnig3nwyip3h14ap37hzp3dpm8saksf8-unit-restic-backups-persist.service.drv'...
building '/nix/store/wwfmfydy58cjwswsyhn3q4i7scs7lsx6-unit-script-linux-enable-ir-emitter-start.drv'...
building '/nix/store/m92a17s79wdbyhgp3lqr9gwvgq7mdjbl-unit-sunshine.service.drv'...
building '/nix/store/sappm1ys2lccibqw8lspypzjrjr9dc36-unit-syncthing.service.drv'...
building '/nix/store/bkrpp3n71ss361d6y1l0rgrid3yps8nz-user-generators.drv'...
building '/nix/store/xnhdkzirdzrwh6vm4c31igd5cmaxy557-tmpfiles.d.drv'...
building '/nix/store/qhrf7iwcvk174wwnlybrpkp5rwcnyy62-udev-rules.drv'...
building '/nix/store/2db7l5as91pms1rd8bacvy0c7q25rc84-unit-NetworkManager-dispatcher.service.drv'...
building '/nix/store/kypw9ppcwxnih4xlimv714hqb6ichal5-unit-NetworkManager.service.drv'...
building '/nix/store/lnig3nwyip3h14ap37hzp3dpm8saksf8-unit-restic-backups-persist.service.drv'...
building '/nix/store/wwfmfydy58cjwswsyhn3q4i7scs7lsx6-unit-script-linux-enable-ir-emitter-start.drv'...
building '/nix/store/m92a17s79wdbyhgp3lqr9gwvgq7mdjbl-unit-sunshine.service.drv'...
building '/nix/store/sappm1ys2lccibqw8lspypzjrjr9dc36-unit-syncthing.service.drv'...
building '/nix/store/bkrpp3n71ss361d6y1l0rgrid3yps8nz-user-generators.drv'...
building '/nix/store/qhrf7iwcvk174wwnlybrpkp5rwcnyy62-udev-rules.drv'...
building '/nix/store/2db7l5as91pms1rd8bacvy0c7q25rc84-unit-NetworkManager-dispatcher.service.drv'...
building '/nix/store/kypw9ppcwxnih4xlimv714hqb6ichal5-unit-NetworkManager.service.drv'...
building '/nix/store/lnig3nwyip3h14ap37hzp3dpm8saksf8-unit-restic-backups-persist.service.drv'...
building '/nix/store/wwfmfydy58cjwswsyhn3q4i7scs7lsx6-unit-script-linux-enable-ir-emitter-start.drv'...
building '/nix/store/m92a17s79wdbyhgp3lqr9gwvgq7mdjbl-unit-sunshine.service.drv'...
building '/nix/store/sappm1ys2lccibqw8lspypzjrjr9dc36-unit-syncthing.service.drv'...
building '/nix/store/bkrpp3n71ss361d6y1l0rgrid3yps8nz-user-generators.drv'...
building '/nix/store/qv3dkhklh39g6i7d0fk4d9g5sykj3q9h-X-Restart-Triggers-systemd-tmpfiles-resetup.drv'...
building '/nix/store/qv3dkhklh39g6i7d0fk4d9g5sykj3q9h-X-Restart-Triggers-systemd-tmpfiles-resetup.drv'...
building '/nix/store/2db7l5as91pms1rd8bacvy0c7q25rc84-unit-NetworkManager-dispatcher.service.drv'...
building '/nix/store/kypw9ppcwxnih4xlimv714hqb6ichal5-unit-NetworkManager.service.drv'...
building '/nix/store/lnig3nwyip3h14ap37hzp3dpm8saksf8-unit-restic-backups-persist.service.drv'...
building '/nix/store/wwfmfydy58cjwswsyhn3q4i7scs7lsx6-unit-script-linux-enable-ir-emitter-start.drv'...
building '/nix/store/m92a17s79wdbyhgp3lqr9gwvgq7mdjbl-unit-sunshine.service.drv'...
building '/nix/store/sappm1ys2lccibqw8lspypzjrjr9dc36-unit-syncthing.service.drv'...
building '/nix/store/bkrpp3n71ss361d6y1l0rgrid3yps8nz-user-generators.drv'...
building '/nix/store/xik6cq85j3cg93gx74z27sx8vbz6gzkd-X-Restart-Triggers-systemd-udevd.drv'...
building '/nix/store/xik6cq85j3cg93gx74z27sx8vbz6gzkd-X-Restart-Triggers-systemd-udevd.drv'...
building '/nix/store/2db7l5as91pms1rd8bacvy0c7q25rc84-unit-NetworkManager-dispatcher.service.drv'...
building '/nix/store/kypw9ppcwxnih4xlimv714hqb6ichal5-unit-NetworkManager.service.drv'...
building '/nix/store/lnig3nwyip3h14ap37hzp3dpm8saksf8-unit-restic-backups-persist.service.drv'...
building '/nix/store/wwfmfydy58cjwswsyhn3q4i7scs7lsx6-unit-script-linux-enable-ir-emitter-start.drv'...
building '/nix/store/m92a17s79wdbyhgp3lqr9gwvgq7mdjbl-unit-sunshine.service.drv'...
building '/nix/store/sappm1ys2lccibqw8lspypzjrjr9dc36-unit-syncthing.service.drv'...
building '/nix/store/bkrpp3n71ss361d6y1l0rgrid3yps8nz-user-generators.drv'...
building '/nix/store/960dspqd6q0cf8v26ir8pi3shgkzd66x-unit-systemd-tmpfiles-resetup.service.drv'...
building '/nix/store/2db7l5as91pms1rd8bacvy0c7q25rc84-unit-NetworkManager-dispatcher.service.drv'...
building '/nix/store/kypw9ppcwxnih4xlimv714hqb6ichal5-unit-NetworkManager.service.drv'...
building '/nix/store/lnig3nwyip3h14ap37hzp3dpm8saksf8-unit-restic-backups-persist.service.drv'...
building '/nix/store/wwfmfydy58cjwswsyhn3q4i7scs7lsx6-unit-script-linux-enable-ir-emitter-start.drv'...
building '/nix/store/m92a17s79wdbyhgp3lqr9gwvgq7mdjbl-unit-sunshine.service.drv'...
building '/nix/store/sappm1ys2lccibqw8lspypzjrjr9dc36-unit-syncthing.service.drv'...
building '/nix/store/960dspqd6q0cf8v26ir8pi3shgkzd66x-unit-systemd-tmpfiles-resetup.service.drv'...
building '/nix/store/bkrpp3n71ss361d6y1l0rgrid3yps8nz-user-generators.drv'...
building '/nix/store/pbq2d6df7w9bds7s0bdbn5sx7vrahpda-unit-systemd-udevd.service.drv'...
building '/nix/store/kypw9ppcwxnih4xlimv714hqb6ichal5-unit-NetworkManager.service.drv'...
building '/nix/store/lnig3nwyip3h14ap37hzp3dpm8saksf8-unit-restic-backups-persist.service.drv'...
building '/nix/store/wwfmfydy58cjwswsyhn3q4i7scs7lsx6-unit-script-linux-enable-ir-emitter-start.drv'...
building '/nix/store/m92a17s79wdbyhgp3lqr9gwvgq7mdjbl-unit-sunshine.service.drv'...
building '/nix/store/sappm1ys2lccibqw8lspypzjrjr9dc36-unit-syncthing.service.drv'...
building '/nix/store/960dspqd6q0cf8v26ir8pi3shgkzd66x-unit-systemd-tmpfiles-resetup.service.drv'...
building '/nix/store/pbq2d6df7w9bds7s0bdbn5sx7vrahpda-unit-systemd-udevd.service.drv'...
building '/nix/store/bkrpp3n71ss361d6y1l0rgrid3yps8nz-user-generators.drv'...
building '/nix/store/lnig3nwyip3h14ap37hzp3dpm8saksf8-unit-restic-backups-persist.service.drv'...
building '/nix/store/wwfmfydy58cjwswsyhn3q4i7scs7lsx6-unit-script-linux-enable-ir-emitter-start.drv'...
building '/nix/store/m92a17s79wdbyhgp3lqr9gwvgq7mdjbl-unit-sunshine.service.drv'...
building '/nix/store/sappm1ys2lccibqw8lspypzjrjr9dc36-unit-syncthing.service.drv'...
building '/nix/store/960dspqd6q0cf8v26ir8pi3shgkzd66x-unit-systemd-tmpfiles-resetup.service.drv'...
building '/nix/store/pbq2d6df7w9bds7s0bdbn5sx7vrahpda-unit-systemd-udevd.service.drv'...
building '/nix/store/bkrpp3n71ss361d6y1l0rgrid3yps8nz-user-generators.drv'...
building '/nix/store/wwfmfydy58cjwswsyhn3q4i7scs7lsx6-unit-script-linux-enable-ir-emitter-start.drv'...
building '/nix/store/m92a17s79wdbyhgp3lqr9gwvgq7mdjbl-unit-sunshine.service.drv'...
building '/nix/store/sappm1ys2lccibqw8lspypzjrjr9dc36-unit-syncthing.service.drv'...
building '/nix/store/960dspqd6q0cf8v26ir8pi3shgkzd66x-unit-systemd-tmpfiles-resetup.service.drv'...
building '/nix/store/pbq2d6df7w9bds7s0bdbn5sx7vrahpda-unit-systemd-udevd.service.drv'...
building '/nix/store/bkrpp3n71ss361d6y1l0rgrid3yps8nz-user-generators.drv'...
building '/nix/store/m92a17s79wdbyhgp3lqr9gwvgq7mdjbl-unit-sunshine.service.drv'...
building '/nix/store/sappm1ys2lccibqw8lspypzjrjr9dc36-unit-syncthing.service.drv'...
building '/nix/store/960dspqd6q0cf8v26ir8pi3shgkzd66x-unit-systemd-tmpfiles-resetup.service.drv'...
building '/nix/store/pbq2d6df7w9bds7s0bdbn5sx7vrahpda-unit-systemd-udevd.service.drv'...
building '/nix/store/bkrpp3n71ss361d6y1l0rgrid3yps8nz-user-generators.drv'...
building '/nix/store/a0ax4723hs6k6xpx3idk3qcazlw0q45f-unit-linux-enable-ir-emitter.service.drv'...
building '/nix/store/a0ax4723hs6k6xpx3idk3qcazlw0q45f-unit-linux-enable-ir-emitter.service.drv'...
building '/nix/store/sappm1ys2lccibqw8lspypzjrjr9dc36-unit-syncthing.service.drv'...
building '/nix/store/960dspqd6q0cf8v26ir8pi3shgkzd66x-unit-systemd-tmpfiles-resetup.service.drv'...
building '/nix/store/pbq2d6df7w9bds7s0bdbn5sx7vrahpda-unit-systemd-udevd.service.drv'...
building '/nix/store/bkrpp3n71ss361d6y1l0rgrid3yps8nz-user-generators.drv'...
building '/nix/store/sappm1ys2lccibqw8lspypzjrjr9dc36-unit-syncthing.service.drv'...
building '/nix/store/960dspqd6q0cf8v26ir8pi3shgkzd66x-unit-systemd-tmpfiles-resetup.service.drv'...
building '/nix/store/pbq2d6df7w9bds7s0bdbn5sx7vrahpda-unit-systemd-udevd.service.drv'...
building '/nix/store/bkrpp3n71ss361d6y1l0rgrid3yps8nz-user-generators.drv'...
building '/nix/store/960dspqd6q0cf8v26ir8pi3shgkzd66x-unit-systemd-tmpfiles-resetup.service.drv'...
building '/nix/store/pbq2d6df7w9bds7s0bdbn5sx7vrahpda-unit-systemd-udevd.service.drv'...
building '/nix/store/bkrpp3n71ss361d6y1l0rgrid3yps8nz-user-generators.drv'...
building '/nix/store/pbq2d6df7w9bds7s0bdbn5sx7vrahpda-unit-systemd-udevd.service.drv'...
building '/nix/store/bkrpp3n71ss361d6y1l0rgrid3yps8nz-user-generators.drv'...
building '/nix/store/bkrpp3n71ss361d6y1l0rgrid3yps8nz-user-generators.drv'...
building '/nix/store/zj8nqc3gja1yfpa14lph8yy23062caci-chfn.pam.drv'...
building '/nix/store/h7w0qk6dm0hxzlhfkvxqqpy0g0g60h91-chpasswd.pam.drv'...
building '/nix/store/0i0myjr0nzvnbnnakjr9g5rxi93gjin3-chsh.pam.drv'...
building '/nix/store/fa7achlks1wpvs8zdj7q5k6by4l8g1pw-greetd.pam.drv'...
building '/nix/store/jz9r3255wd366zvnd6kgn151x7bh08f7-groupadd.pam.drv'...
building '/nix/store/pgqxs544kmmmfiy5n5v0lb8655yig1z0-groupdel.pam.drv'...
building '/nix/store/328xqivl1pashs3ywcimk6zc6vzshcy6-groupmems.pam.drv'...
building '/nix/store/68c57nlrf6nrlcjk6fkn68h0ggji6976-groupmod.pam.drv'...
building '/nix/store/flm09m2dik6pal80szhnqqbv7mkg69cj-gtklock.pam.drv'...
building '/nix/store/vbip8frvhamb90b2xg4875sddyiad18q-howdy-3.0.0_fish-completions.drv'...
building '/nix/store/x5q2wx315hf2yyl53wnislpbl35sbyif-login.pam.drv'...
building '/nix/store/658216pwwyszvlmqby7qqkldn0bp2bvn-passwd.pam.drv'...
building '/nix/store/mfp87wym4f2vy52f1c0k1r2ad52ak29v-polkit-1.pam.drv'...
building '/nix/store/1blb4vafpcd5qc4bwv9pfscykm5jj59m-runuser-l.pam.drv'...
building '/nix/store/1ajps6yvs9xhzygc0dnf2ny5qqrl51d7-runuser.pam.drv'...
building '/nix/store/5l6hvcaj4f8wds1sx7yal2h6ang7vhld-sshd.pam.drv'...
building '/nix/store/fp4v037n42c0m75pjcccrjy902n3b3my-su.pam.drv'...
building '/nix/store/4f8ydcmzxw99rqy56nghglbfn3ir460j-sudo.pam.drv'...
building '/nix/store/j87cxb5rwyl6n49rkjca5c9dnxd6gsxq-swaylock.pam.drv'...
building '/nix/store/h3ix5152kjxkhsyp68nlcsrkjjgpmdkq-system-path.drv'...
building '/nix/store/qx8xcwd44vndjg2aw06lwijqpmq56rwz-systemd-run0.pam.drv'...
building '/nix/store/88b6bd75fvgskdb2r882bsjq6cvmmh6s-systemd-user.pam.drv'...
building '/nix/store/qvjgcs1b736h8la4z7rz0jbngl6ig8f8-useradd.pam.drv'...
building '/nix/store/az9r7x1cjyk4y0fqw4vsbk7ihc5n2z0g-userdel.pam.drv'...
building '/nix/store/ji8innxgj0qiwcbp4n24smwfvjvdjk51-usermod.pam.drv'...
building '/nix/store/zpamyl3frb1bjrhrhwxms8k6b30xaqpp-vlock.pam.drv'...
building '/nix/store/h7w0qk6dm0hxzlhfkvxqqpy0g0g60h91-chpasswd.pam.drv'...
building '/nix/store/0i0myjr0nzvnbnnakjr9g5rxi93gjin3-chsh.pam.drv'...
building '/nix/store/fa7achlks1wpvs8zdj7q5k6by4l8g1pw-greetd.pam.drv'...
building '/nix/store/jz9r3255wd366zvnd6kgn151x7bh08f7-groupadd.pam.drv'...
building '/nix/store/pgqxs544kmmmfiy5n5v0lb8655yig1z0-groupdel.pam.drv'...
building '/nix/store/328xqivl1pashs3ywcimk6zc6vzshcy6-groupmems.pam.drv'...
building '/nix/store/68c57nlrf6nrlcjk6fkn68h0ggji6976-groupmod.pam.drv'...
building '/nix/store/flm09m2dik6pal80szhnqqbv7mkg69cj-gtklock.pam.drv'...
building '/nix/store/vbip8frvhamb90b2xg4875sddyiad18q-howdy-3.0.0_fish-completions.drv'...
building '/nix/store/x5q2wx315hf2yyl53wnislpbl35sbyif-login.pam.drv'...
building '/nix/store/658216pwwyszvlmqby7qqkldn0bp2bvn-passwd.pam.drv'...
building '/nix/store/mfp87wym4f2vy52f1c0k1r2ad52ak29v-polkit-1.pam.drv'...
building '/nix/store/1blb4vafpcd5qc4bwv9pfscykm5jj59m-runuser-l.pam.drv'...
building '/nix/store/1ajps6yvs9xhzygc0dnf2ny5qqrl51d7-runuser.pam.drv'...
building '/nix/store/5l6hvcaj4f8wds1sx7yal2h6ang7vhld-sshd.pam.drv'...
building '/nix/store/fp4v037n42c0m75pjcccrjy902n3b3my-su.pam.drv'...
building '/nix/store/4f8ydcmzxw99rqy56nghglbfn3ir460j-sudo.pam.drv'...
building '/nix/store/j87cxb5rwyl6n49rkjca5c9dnxd6gsxq-swaylock.pam.drv'...
building '/nix/store/h3ix5152kjxkhsyp68nlcsrkjjgpmdkq-system-path.drv'...
building '/nix/store/qx8xcwd44vndjg2aw06lwijqpmq56rwz-systemd-run0.pam.drv'...
building '/nix/store/88b6bd75fvgskdb2r882bsjq6cvmmh6s-systemd-user.pam.drv'...
building '/nix/store/qvjgcs1b736h8la4z7rz0jbngl6ig8f8-useradd.pam.drv'...
building '/nix/store/az9r7x1cjyk4y0fqw4vsbk7ihc5n2z0g-userdel.pam.drv'...
building '/nix/store/ji8innxgj0qiwcbp4n24smwfvjvdjk51-usermod.pam.drv'...
building '/nix/store/zpamyl3frb1bjrhrhwxms8k6b30xaqpp-vlock.pam.drv'...
building '/nix/store/0i0myjr0nzvnbnnakjr9g5rxi93gjin3-chsh.pam.drv'...
building '/nix/store/fa7achlks1wpvs8zdj7q5k6by4l8g1pw-greetd.pam.drv'...
building '/nix/store/jz9r3255wd366zvnd6kgn151x7bh08f7-groupadd.pam.drv'...
building '/nix/store/pgqxs544kmmmfiy5n5v0lb8655yig1z0-groupdel.pam.drv'...
building '/nix/store/328xqivl1pashs3ywcimk6zc6vzshcy6-groupmems.pam.drv'...
building '/nix/store/68c57nlrf6nrlcjk6fkn68h0ggji6976-groupmod.pam.drv'...
building '/nix/store/flm09m2dik6pal80szhnqqbv7mkg69cj-gtklock.pam.drv'...
building '/nix/store/vbip8frvhamb90b2xg4875sddyiad18q-howdy-3.0.0_fish-completions.drv'...
building '/nix/store/x5q2wx315hf2yyl53wnislpbl35sbyif-login.pam.drv'...
building '/nix/store/658216pwwyszvlmqby7qqkldn0bp2bvn-passwd.pam.drv'...
building '/nix/store/mfp87wym4f2vy52f1c0k1r2ad52ak29v-polkit-1.pam.drv'...
building '/nix/store/1blb4vafpcd5qc4bwv9pfscykm5jj59m-runuser-l.pam.drv'...
building '/nix/store/1ajps6yvs9xhzygc0dnf2ny5qqrl51d7-runuser.pam.drv'...
building '/nix/store/5l6hvcaj4f8wds1sx7yal2h6ang7vhld-sshd.pam.drv'...
building '/nix/store/fp4v037n42c0m75pjcccrjy902n3b3my-su.pam.drv'...
building '/nix/store/4f8ydcmzxw99rqy56nghglbfn3ir460j-sudo.pam.drv'...
building '/nix/store/j87cxb5rwyl6n49rkjca5c9dnxd6gsxq-swaylock.pam.drv'...
building '/nix/store/h3ix5152kjxkhsyp68nlcsrkjjgpmdkq-system-path.drv'...
building '/nix/store/qx8xcwd44vndjg2aw06lwijqpmq56rwz-systemd-run0.pam.drv'...
building '/nix/store/88b6bd75fvgskdb2r882bsjq6cvmmh6s-systemd-user.pam.drv'...
building '/nix/store/qvjgcs1b736h8la4z7rz0jbngl6ig8f8-useradd.pam.drv'...
building '/nix/store/az9r7x1cjyk4y0fqw4vsbk7ihc5n2z0g-userdel.pam.drv'...
building '/nix/store/ji8innxgj0qiwcbp4n24smwfvjvdjk51-usermod.pam.drv'...
building '/nix/store/zpamyl3frb1bjrhrhwxms8k6b30xaqpp-vlock.pam.drv'...
building '/nix/store/fa7achlks1wpvs8zdj7q5k6by4l8g1pw-greetd.pam.drv'...
building '/nix/store/jz9r3255wd366zvnd6kgn151x7bh08f7-groupadd.pam.drv'...
building '/nix/store/pgqxs544kmmmfiy5n5v0lb8655yig1z0-groupdel.pam.drv'...
building '/nix/store/328xqivl1pashs3ywcimk6zc6vzshcy6-groupmems.pam.drv'...
building '/nix/store/68c57nlrf6nrlcjk6fkn68h0ggji6976-groupmod.pam.drv'...
building '/nix/store/flm09m2dik6pal80szhnqqbv7mkg69cj-gtklock.pam.drv'...
building '/nix/store/vbip8frvhamb90b2xg4875sddyiad18q-howdy-3.0.0_fish-completions.drv'...
building '/nix/store/x5q2wx315hf2yyl53wnislpbl35sbyif-login.pam.drv'...
building '/nix/store/658216pwwyszvlmqby7qqkldn0bp2bvn-passwd.pam.drv'...
building '/nix/store/mfp87wym4f2vy52f1c0k1r2ad52ak29v-polkit-1.pam.drv'...
building '/nix/store/1blb4vafpcd5qc4bwv9pfscykm5jj59m-runuser-l.pam.drv'...
building '/nix/store/1ajps6yvs9xhzygc0dnf2ny5qqrl51d7-runuser.pam.drv'...
building '/nix/store/5l6hvcaj4f8wds1sx7yal2h6ang7vhld-sshd.pam.drv'...
building '/nix/store/fp4v037n42c0m75pjcccrjy902n3b3my-su.pam.drv'...
building '/nix/store/4f8ydcmzxw99rqy56nghglbfn3ir460j-sudo.pam.drv'...
building '/nix/store/j87cxb5rwyl6n49rkjca5c9dnxd6gsxq-swaylock.pam.drv'...
building '/nix/store/h3ix5152kjxkhsyp68nlcsrkjjgpmdkq-system-path.drv'...
building '/nix/store/qx8xcwd44vndjg2aw06lwijqpmq56rwz-systemd-run0.pam.drv'...
building '/nix/store/88b6bd75fvgskdb2r882bsjq6cvmmh6s-systemd-user.pam.drv'...
building '/nix/store/qvjgcs1b736h8la4z7rz0jbngl6ig8f8-useradd.pam.drv'...
building '/nix/store/az9r7x1cjyk4y0fqw4vsbk7ihc5n2z0g-userdel.pam.drv'...
building '/nix/store/ji8innxgj0qiwcbp4n24smwfvjvdjk51-usermod.pam.drv'...
building '/nix/store/zpamyl3frb1bjrhrhwxms8k6b30xaqpp-vlock.pam.drv'...
building '/nix/store/7mxml5iljngrai8br6yil6a6nahjh4s3-activation-script.drv'...
building '/nix/store/nxp0w85q8a2kw5h484wwh4blc901gfwi-home-manager-files.drv'...
building '/nix/store/7mxml5iljngrai8br6yil6a6nahjh4s3-activation-script.drv'...
building '/nix/store/jz9r3255wd366zvnd6kgn151x7bh08f7-groupadd.pam.drv'...
building '/nix/store/pgqxs544kmmmfiy5n5v0lb8655yig1z0-groupdel.pam.drv'...
building '/nix/store/328xqivl1pashs3ywcimk6zc6vzshcy6-groupmems.pam.drv'...
building '/nix/store/68c57nlrf6nrlcjk6fkn68h0ggji6976-groupmod.pam.drv'...
building '/nix/store/flm09m2dik6pal80szhnqqbv7mkg69cj-gtklock.pam.drv'...
building '/nix/store/nxp0w85q8a2kw5h484wwh4blc901gfwi-home-manager-files.drv'...
building '/nix/store/vbip8frvhamb90b2xg4875sddyiad18q-howdy-3.0.0_fish-completions.drv'...
building '/nix/store/x5q2wx315hf2yyl53wnislpbl35sbyif-login.pam.drv'...
building '/nix/store/658216pwwyszvlmqby7qqkldn0bp2bvn-passwd.pam.drv'...
building '/nix/store/mfp87wym4f2vy52f1c0k1r2ad52ak29v-polkit-1.pam.drv'...
building '/nix/store/1blb4vafpcd5qc4bwv9pfscykm5jj59m-runuser-l.pam.drv'...
building '/nix/store/1ajps6yvs9xhzygc0dnf2ny5qqrl51d7-runuser.pam.drv'...
building '/nix/store/5l6hvcaj4f8wds1sx7yal2h6ang7vhld-sshd.pam.drv'...
building '/nix/store/fp4v037n42c0m75pjcccrjy902n3b3my-su.pam.drv'...
building '/nix/store/4f8ydcmzxw99rqy56nghglbfn3ir460j-sudo.pam.drv'...
building '/nix/store/j87cxb5rwyl6n49rkjca5c9dnxd6gsxq-swaylock.pam.drv'...
building '/nix/store/h3ix5152kjxkhsyp68nlcsrkjjgpmdkq-system-path.drv'...
building '/nix/store/qx8xcwd44vndjg2aw06lwijqpmq56rwz-systemd-run0.pam.drv'...
building '/nix/store/88b6bd75fvgskdb2r882bsjq6cvmmh6s-systemd-user.pam.drv'...
building '/nix/store/qvjgcs1b736h8la4z7rz0jbngl6ig8f8-useradd.pam.drv'...
building '/nix/store/az9r7x1cjyk4y0fqw4vsbk7ihc5n2z0g-userdel.pam.drv'...
building '/nix/store/ji8innxgj0qiwcbp4n24smwfvjvdjk51-usermod.pam.drv'...
building '/nix/store/zpamyl3frb1bjrhrhwxms8k6b30xaqpp-vlock.pam.drv'...
building '/nix/store/pgqxs544kmmmfiy5n5v0lb8655yig1z0-groupdel.pam.drv'...
building '/nix/store/328xqivl1pashs3ywcimk6zc6vzshcy6-groupmems.pam.drv'...
building '/nix/store/68c57nlrf6nrlcjk6fkn68h0ggji6976-groupmod.pam.drv'...
building '/nix/store/flm09m2dik6pal80szhnqqbv7mkg69cj-gtklock.pam.drv'...
building '/nix/store/nxp0w85q8a2kw5h484wwh4blc901gfwi-home-manager-files.drv'...
building '/nix/store/vbip8frvhamb90b2xg4875sddyiad18q-howdy-3.0.0_fish-completions.drv'...
building '/nix/store/x5q2wx315hf2yyl53wnislpbl35sbyif-login.pam.drv'...
building '/nix/store/658216pwwyszvlmqby7qqkldn0bp2bvn-passwd.pam.drv'...
building '/nix/store/mfp87wym4f2vy52f1c0k1r2ad52ak29v-polkit-1.pam.drv'...
building '/nix/store/1blb4vafpcd5qc4bwv9pfscykm5jj59m-runuser-l.pam.drv'...
building '/nix/store/1ajps6yvs9xhzygc0dnf2ny5qqrl51d7-runuser.pam.drv'...
building '/nix/store/5l6hvcaj4f8wds1sx7yal2h6ang7vhld-sshd.pam.drv'...
building '/nix/store/fp4v037n42c0m75pjcccrjy902n3b3my-su.pam.drv'...
building '/nix/store/4f8ydcmzxw99rqy56nghglbfn3ir460j-sudo.pam.drv'...
building '/nix/store/j87cxb5rwyl6n49rkjca5c9dnxd6gsxq-swaylock.pam.drv'...
building '/nix/store/h3ix5152kjxkhsyp68nlcsrkjjgpmdkq-system-path.drv'...
building '/nix/store/qx8xcwd44vndjg2aw06lwijqpmq56rwz-systemd-run0.pam.drv'...
building '/nix/store/88b6bd75fvgskdb2r882bsjq6cvmmh6s-systemd-user.pam.drv'...
building '/nix/store/qvjgcs1b736h8la4z7rz0jbngl6ig8f8-useradd.pam.drv'...
building '/nix/store/az9r7x1cjyk4y0fqw4vsbk7ihc5n2z0g-userdel.pam.drv'...
building '/nix/store/ji8innxgj0qiwcbp4n24smwfvjvdjk51-usermod.pam.drv'...
building '/nix/store/zpamyl3frb1bjrhrhwxms8k6b30xaqpp-vlock.pam.drv'...
building '/nix/store/328xqivl1pashs3ywcimk6zc6vzshcy6-groupmems.pam.drv'...
building '/nix/store/68c57nlrf6nrlcjk6fkn68h0ggji6976-groupmod.pam.drv'...
building '/nix/store/flm09m2dik6pal80szhnqqbv7mkg69cj-gtklock.pam.drv'...
building '/nix/store/nxp0w85q8a2kw5h484wwh4blc901gfwi-home-manager-files.drv'...
building '/nix/store/vbip8frvhamb90b2xg4875sddyiad18q-howdy-3.0.0_fish-completions.drv'...
building '/nix/store/x5q2wx315hf2yyl53wnislpbl35sbyif-login.pam.drv'...
building '/nix/store/658216pwwyszvlmqby7qqkldn0bp2bvn-passwd.pam.drv'...
building '/nix/store/mfp87wym4f2vy52f1c0k1r2ad52ak29v-polkit-1.pam.drv'...
building '/nix/store/1blb4vafpcd5qc4bwv9pfscykm5jj59m-runuser-l.pam.drv'...
building '/nix/store/1ajps6yvs9xhzygc0dnf2ny5qqrl51d7-runuser.pam.drv'...
building '/nix/store/5l6hvcaj4f8wds1sx7yal2h6ang7vhld-sshd.pam.drv'...
building '/nix/store/fp4v037n42c0m75pjcccrjy902n3b3my-su.pam.drv'...
building '/nix/store/4f8ydcmzxw99rqy56nghglbfn3ir460j-sudo.pam.drv'...
building '/nix/store/j87cxb5rwyl6n49rkjca5c9dnxd6gsxq-swaylock.pam.drv'...
building '/nix/store/h3ix5152kjxkhsyp68nlcsrkjjgpmdkq-system-path.drv'...
building '/nix/store/qx8xcwd44vndjg2aw06lwijqpmq56rwz-systemd-run0.pam.drv'...
building '/nix/store/88b6bd75fvgskdb2r882bsjq6cvmmh6s-systemd-user.pam.drv'...
building '/nix/store/qvjgcs1b736h8la4z7rz0jbngl6ig8f8-useradd.pam.drv'...
building '/nix/store/az9r7x1cjyk4y0fqw4vsbk7ihc5n2z0g-userdel.pam.drv'...
building '/nix/store/ji8innxgj0qiwcbp4n24smwfvjvdjk51-usermod.pam.drv'...
building '/nix/store/zpamyl3frb1bjrhrhwxms8k6b30xaqpp-vlock.pam.drv'...
building '/nix/store/68c57nlrf6nrlcjk6fkn68h0ggji6976-groupmod.pam.drv'...
building '/nix/store/flm09m2dik6pal80szhnqqbv7mkg69cj-gtklock.pam.drv'...
building '/nix/store/nxp0w85q8a2kw5h484wwh4blc901gfwi-home-manager-files.drv'...
building '/nix/store/vbip8frvhamb90b2xg4875sddyiad18q-howdy-3.0.0_fish-completions.drv'...
building '/nix/store/x5q2wx315hf2yyl53wnislpbl35sbyif-login.pam.drv'...
building '/nix/store/658216pwwyszvlmqby7qqkldn0bp2bvn-passwd.pam.drv'...
building '/nix/store/mfp87wym4f2vy52f1c0k1r2ad52ak29v-polkit-1.pam.drv'...
building '/nix/store/1blb4vafpcd5qc4bwv9pfscykm5jj59m-runuser-l.pam.drv'...
building '/nix/store/1ajps6yvs9xhzygc0dnf2ny5qqrl51d7-runuser.pam.drv'...
building '/nix/store/5l6hvcaj4f8wds1sx7yal2h6ang7vhld-sshd.pam.drv'...
building '/nix/store/fp4v037n42c0m75pjcccrjy902n3b3my-su.pam.drv'...
building '/nix/store/4f8ydcmzxw99rqy56nghglbfn3ir460j-sudo.pam.drv'...
building '/nix/store/j87cxb5rwyl6n49rkjca5c9dnxd6gsxq-swaylock.pam.drv'...
building '/nix/store/h3ix5152kjxkhsyp68nlcsrkjjgpmdkq-system-path.drv'...
building '/nix/store/qx8xcwd44vndjg2aw06lwijqpmq56rwz-systemd-run0.pam.drv'...
building '/nix/store/88b6bd75fvgskdb2r882bsjq6cvmmh6s-systemd-user.pam.drv'...
building '/nix/store/qvjgcs1b736h8la4z7rz0jbngl6ig8f8-useradd.pam.drv'...
building '/nix/store/az9r7x1cjyk4y0fqw4vsbk7ihc5n2z0g-userdel.pam.drv'...
building '/nix/store/ji8innxgj0qiwcbp4n24smwfvjvdjk51-usermod.pam.drv'...
building '/nix/store/zpamyl3frb1bjrhrhwxms8k6b30xaqpp-vlock.pam.drv'...
building '/nix/store/flm09m2dik6pal80szhnqqbv7mkg69cj-gtklock.pam.drv'...
building '/nix/store/nxp0w85q8a2kw5h484wwh4blc901gfwi-home-manager-files.drv'...
building '/nix/store/vbip8frvhamb90b2xg4875sddyiad18q-howdy-3.0.0_fish-completions.drv'...
building '/nix/store/x5q2wx315hf2yyl53wnislpbl35sbyif-login.pam.drv'...
building '/nix/store/658216pwwyszvlmqby7qqkldn0bp2bvn-passwd.pam.drv'...
building '/nix/store/mfp87wym4f2vy52f1c0k1r2ad52ak29v-polkit-1.pam.drv'...
building '/nix/store/1blb4vafpcd5qc4bwv9pfscykm5jj59m-runuser-l.pam.drv'...
building '/nix/store/1ajps6yvs9xhzygc0dnf2ny5qqrl51d7-runuser.pam.drv'...
building '/nix/store/5l6hvcaj4f8wds1sx7yal2h6ang7vhld-sshd.pam.drv'...
building '/nix/store/fp4v037n42c0m75pjcccrjy902n3b3my-su.pam.drv'...
building '/nix/store/4f8ydcmzxw99rqy56nghglbfn3ir460j-sudo.pam.drv'...
building '/nix/store/j87cxb5rwyl6n49rkjca5c9dnxd6gsxq-swaylock.pam.drv'...
building '/nix/store/h3ix5152kjxkhsyp68nlcsrkjjgpmdkq-system-path.drv'...
building '/nix/store/qx8xcwd44vndjg2aw06lwijqpmq56rwz-systemd-run0.pam.drv'...
building '/nix/store/88b6bd75fvgskdb2r882bsjq6cvmmh6s-systemd-user.pam.drv'...
building '/nix/store/qvjgcs1b736h8la4z7rz0jbngl6ig8f8-useradd.pam.drv'...
building '/nix/store/az9r7x1cjyk4y0fqw4vsbk7ihc5n2z0g-userdel.pam.drv'...
building '/nix/store/ji8innxgj0qiwcbp4n24smwfvjvdjk51-usermod.pam.drv'...
building '/nix/store/zpamyl3frb1bjrhrhwxms8k6b30xaqpp-vlock.pam.drv'...
building '/nix/store/nxp0w85q8a2kw5h484wwh4blc901gfwi-home-manager-files.drv'...
building '/nix/store/vbip8frvhamb90b2xg4875sddyiad18q-howdy-3.0.0_fish-completions.drv'...
building '/nix/store/x5q2wx315hf2yyl53wnislpbl35sbyif-login.pam.drv'...
building '/nix/store/658216pwwyszvlmqby7qqkldn0bp2bvn-passwd.pam.drv'...
building '/nix/store/mfp87wym4f2vy52f1c0k1r2ad52ak29v-polkit-1.pam.drv'...
building '/nix/store/1blb4vafpcd5qc4bwv9pfscykm5jj59m-runuser-l.pam.drv'...
building '/nix/store/1ajps6yvs9xhzygc0dnf2ny5qqrl51d7-runuser.pam.drv'...
building '/nix/store/5l6hvcaj4f8wds1sx7yal2h6ang7vhld-sshd.pam.drv'...
building '/nix/store/fp4v037n42c0m75pjcccrjy902n3b3my-su.pam.drv'...
building '/nix/store/4f8ydcmzxw99rqy56nghglbfn3ir460j-sudo.pam.drv'...
building '/nix/store/j87cxb5rwyl6n49rkjca5c9dnxd6gsxq-swaylock.pam.drv'...
building '/nix/store/h3ix5152kjxkhsyp68nlcsrkjjgpmdkq-system-path.drv'...
building '/nix/store/qx8xcwd44vndjg2aw06lwijqpmq56rwz-systemd-run0.pam.drv'...
building '/nix/store/88b6bd75fvgskdb2r882bsjq6cvmmh6s-systemd-user.pam.drv'...
building '/nix/store/qvjgcs1b736h8la4z7rz0jbngl6ig8f8-useradd.pam.drv'...
building '/nix/store/az9r7x1cjyk4y0fqw4vsbk7ihc5n2z0g-userdel.pam.drv'...
building '/nix/store/ji8innxgj0qiwcbp4n24smwfvjvdjk51-usermod.pam.drv'...
building '/nix/store/zpamyl3frb1bjrhrhwxms8k6b30xaqpp-vlock.pam.drv'...
building '/nix/store/vbip8frvhamb90b2xg4875sddyiad18q-howdy-3.0.0_fish-completions.drv'...
building '/nix/store/x5q2wx315hf2yyl53wnislpbl35sbyif-login.pam.drv'...
building '/nix/store/658216pwwyszvlmqby7qqkldn0bp2bvn-passwd.pam.drv'...
building '/nix/store/mfp87wym4f2vy52f1c0k1r2ad52ak29v-polkit-1.pam.drv'...
building '/nix/store/1blb4vafpcd5qc4bwv9pfscykm5jj59m-runuser-l.pam.drv'...
building '/nix/store/1ajps6yvs9xhzygc0dnf2ny5qqrl51d7-runuser.pam.drv'...
building '/nix/store/5l6hvcaj4f8wds1sx7yal2h6ang7vhld-sshd.pam.drv'...
building '/nix/store/fp4v037n42c0m75pjcccrjy902n3b3my-su.pam.drv'...
building '/nix/store/4f8ydcmzxw99rqy56nghglbfn3ir460j-sudo.pam.drv'...
building '/nix/store/j87cxb5rwyl6n49rkjca5c9dnxd6gsxq-swaylock.pam.drv'...
building '/nix/store/h3ix5152kjxkhsyp68nlcsrkjjgpmdkq-system-path.drv'...
building '/nix/store/qx8xcwd44vndjg2aw06lwijqpmq56rwz-systemd-run0.pam.drv'...
building '/nix/store/88b6bd75fvgskdb2r882bsjq6cvmmh6s-systemd-user.pam.drv'...
building '/nix/store/qvjgcs1b736h8la4z7rz0jbngl6ig8f8-useradd.pam.drv'...
building '/nix/store/az9r7x1cjyk4y0fqw4vsbk7ihc5n2z0g-userdel.pam.drv'...
building '/nix/store/ji8innxgj0qiwcbp4n24smwfvjvdjk51-usermod.pam.drv'...
building '/nix/store/zpamyl3frb1bjrhrhwxms8k6b30xaqpp-vlock.pam.drv'...
building '/nix/store/x5q2wx315hf2yyl53wnislpbl35sbyif-login.pam.drv'...
building '/nix/store/658216pwwyszvlmqby7qqkldn0bp2bvn-passwd.pam.drv'...
building '/nix/store/mfp87wym4f2vy52f1c0k1r2ad52ak29v-polkit-1.pam.drv'...
building '/nix/store/1blb4vafpcd5qc4bwv9pfscykm5jj59m-runuser-l.pam.drv'...
building '/nix/store/1ajps6yvs9xhzygc0dnf2ny5qqrl51d7-runuser.pam.drv'...
building '/nix/store/5l6hvcaj4f8wds1sx7yal2h6ang7vhld-sshd.pam.drv'...
building '/nix/store/fp4v037n42c0m75pjcccrjy902n3b3my-su.pam.drv'...
building '/nix/store/4f8ydcmzxw99rqy56nghglbfn3ir460j-sudo.pam.drv'...
building '/nix/store/j87cxb5rwyl6n49rkjca5c9dnxd6gsxq-swaylock.pam.drv'...
building '/nix/store/h3ix5152kjxkhsyp68nlcsrkjjgpmdkq-system-path.drv'...
building '/nix/store/qx8xcwd44vndjg2aw06lwijqpmq56rwz-systemd-run0.pam.drv'...
building '/nix/store/88b6bd75fvgskdb2r882bsjq6cvmmh6s-systemd-user.pam.drv'...
building '/nix/store/qvjgcs1b736h8la4z7rz0jbngl6ig8f8-useradd.pam.drv'...
building '/nix/store/az9r7x1cjyk4y0fqw4vsbk7ihc5n2z0g-userdel.pam.drv'...
building '/nix/store/ji8innxgj0qiwcbp4n24smwfvjvdjk51-usermod.pam.drv'...
building '/nix/store/zpamyl3frb1bjrhrhwxms8k6b30xaqpp-vlock.pam.drv'...
building '/nix/store/ialrk93hx0hqa5184pl6ciga3ghn54y4-system_fish-completions.drv'...
building '/nix/store/658216pwwyszvlmqby7qqkldn0bp2bvn-passwd.pam.drv'...
building '/nix/store/mfp87wym4f2vy52f1c0k1r2ad52ak29v-polkit-1.pam.drv'...
building '/nix/store/1blb4vafpcd5qc4bwv9pfscykm5jj59m-runuser-l.pam.drv'...
building '/nix/store/1ajps6yvs9xhzygc0dnf2ny5qqrl51d7-runuser.pam.drv'...
building '/nix/store/5l6hvcaj4f8wds1sx7yal2h6ang7vhld-sshd.pam.drv'...
building '/nix/store/fp4v037n42c0m75pjcccrjy902n3b3my-su.pam.drv'...
building '/nix/store/4f8ydcmzxw99rqy56nghglbfn3ir460j-sudo.pam.drv'...
building '/nix/store/j87cxb5rwyl6n49rkjca5c9dnxd6gsxq-swaylock.pam.drv'...
building '/nix/store/h3ix5152kjxkhsyp68nlcsrkjjgpmdkq-system-path.drv'...
building '/nix/store/ialrk93hx0hqa5184pl6ciga3ghn54y4-system_fish-completions.drv'...
building '/nix/store/qx8xcwd44vndjg2aw06lwijqpmq56rwz-systemd-run0.pam.drv'...
building '/nix/store/88b6bd75fvgskdb2r882bsjq6cvmmh6s-systemd-user.pam.drv'...
building '/nix/store/qvjgcs1b736h8la4z7rz0jbngl6ig8f8-useradd.pam.drv'...
building '/nix/store/az9r7x1cjyk4y0fqw4vsbk7ihc5n2z0g-userdel.pam.drv'...
building '/nix/store/ji8innxgj0qiwcbp4n24smwfvjvdjk51-usermod.pam.drv'...
building '/nix/store/zpamyl3frb1bjrhrhwxms8k6b30xaqpp-vlock.pam.drv'...
building '/nix/store/frdvy38mya59db14j32wqkwa9yq224jk-home-manager-generation.drv'...
building '/nix/store/frdvy38mya59db14j32wqkwa9yq224jk-home-manager-generation.drv'...
building '/nix/store/mfp87wym4f2vy52f1c0k1r2ad52ak29v-polkit-1.pam.drv'...
building '/nix/store/1blb4vafpcd5qc4bwv9pfscykm5jj59m-runuser-l.pam.drv'...
building '/nix/store/1ajps6yvs9xhzygc0dnf2ny5qqrl51d7-runuser.pam.drv'...
building '/nix/store/5l6hvcaj4f8wds1sx7yal2h6ang7vhld-sshd.pam.drv'...
building '/nix/store/fp4v037n42c0m75pjcccrjy902n3b3my-su.pam.drv'...
building '/nix/store/4f8ydcmzxw99rqy56nghglbfn3ir460j-sudo.pam.drv'...
building '/nix/store/j87cxb5rwyl6n49rkjca5c9dnxd6gsxq-swaylock.pam.drv'...
building '/nix/store/h3ix5152kjxkhsyp68nlcsrkjjgpmdkq-system-path.drv'...
building '/nix/store/ialrk93hx0hqa5184pl6ciga3ghn54y4-system_fish-completions.drv'...
building '/nix/store/qx8xcwd44vndjg2aw06lwijqpmq56rwz-systemd-run0.pam.drv'...
building '/nix/store/88b6bd75fvgskdb2r882bsjq6cvmmh6s-systemd-user.pam.drv'...
building '/nix/store/qvjgcs1b736h8la4z7rz0jbngl6ig8f8-useradd.pam.drv'...
building '/nix/store/az9r7x1cjyk4y0fqw4vsbk7ihc5n2z0g-userdel.pam.drv'...
building '/nix/store/ji8innxgj0qiwcbp4n24smwfvjvdjk51-usermod.pam.drv'...
building '/nix/store/zpamyl3frb1bjrhrhwxms8k6b30xaqpp-vlock.pam.drv'...
building '/nix/store/1blb4vafpcd5qc4bwv9pfscykm5jj59m-runuser-l.pam.drv'...
building '/nix/store/1ajps6yvs9xhzygc0dnf2ny5qqrl51d7-runuser.pam.drv'...
building '/nix/store/5l6hvcaj4f8wds1sx7yal2h6ang7vhld-sshd.pam.drv'...
building '/nix/store/fp4v037n42c0m75pjcccrjy902n3b3my-su.pam.drv'...
building '/nix/store/4f8ydcmzxw99rqy56nghglbfn3ir460j-sudo.pam.drv'...
building '/nix/store/j87cxb5rwyl6n49rkjca5c9dnxd6gsxq-swaylock.pam.drv'...
building '/nix/store/h3ix5152kjxkhsyp68nlcsrkjjgpmdkq-system-path.drv'...
building '/nix/store/ialrk93hx0hqa5184pl6ciga3ghn54y4-system_fish-completions.drv'...
building '/nix/store/qx8xcwd44vndjg2aw06lwijqpmq56rwz-systemd-run0.pam.drv'...
building '/nix/store/88b6bd75fvgskdb2r882bsjq6cvmmh6s-systemd-user.pam.drv'...
building '/nix/store/qvjgcs1b736h8la4z7rz0jbngl6ig8f8-useradd.pam.drv'...
building '/nix/store/az9r7x1cjyk4y0fqw4vsbk7ihc5n2z0g-userdel.pam.drv'...
building '/nix/store/ji8innxgj0qiwcbp4n24smwfvjvdjk51-usermod.pam.drv'...
building '/nix/store/zpamyl3frb1bjrhrhwxms8k6b30xaqpp-vlock.pam.drv'...
building '/nix/store/wdbm5db281426m5dxn6c6gwb4l2zjx5l-unit-home-manager-c3r5b8.service.drv'...
building '/nix/store/1ajps6yvs9xhzygc0dnf2ny5qqrl51d7-runuser.pam.drv'...
building '/nix/store/5l6hvcaj4f8wds1sx7yal2h6ang7vhld-sshd.pam.drv'...
building '/nix/store/fp4v037n42c0m75pjcccrjy902n3b3my-su.pam.drv'...
building '/nix/store/4f8ydcmzxw99rqy56nghglbfn3ir460j-sudo.pam.drv'...
building '/nix/store/j87cxb5rwyl6n49rkjca5c9dnxd6gsxq-swaylock.pam.drv'...
building '/nix/store/h3ix5152kjxkhsyp68nlcsrkjjgpmdkq-system-path.drv'...
building '/nix/store/ialrk93hx0hqa5184pl6ciga3ghn54y4-system_fish-completions.drv'...
building '/nix/store/qx8xcwd44vndjg2aw06lwijqpmq56rwz-systemd-run0.pam.drv'...
building '/nix/store/88b6bd75fvgskdb2r882bsjq6cvmmh6s-systemd-user.pam.drv'...
building '/nix/store/wdbm5db281426m5dxn6c6gwb4l2zjx5l-unit-home-manager-c3r5b8.service.drv'...
building '/nix/store/qvjgcs1b736h8la4z7rz0jbngl6ig8f8-useradd.pam.drv'...
building '/nix/store/az9r7x1cjyk4y0fqw4vsbk7ihc5n2z0g-userdel.pam.drv'...
building '/nix/store/ji8innxgj0qiwcbp4n24smwfvjvdjk51-usermod.pam.drv'...
building '/nix/store/zpamyl3frb1bjrhrhwxms8k6b30xaqpp-vlock.pam.drv'...
building '/nix/store/5l6hvcaj4f8wds1sx7yal2h6ang7vhld-sshd.pam.drv'...
building '/nix/store/fp4v037n42c0m75pjcccrjy902n3b3my-su.pam.drv'...
building '/nix/store/4f8ydcmzxw99rqy56nghglbfn3ir460j-sudo.pam.drv'...
building '/nix/store/j87cxb5rwyl6n49rkjca5c9dnxd6gsxq-swaylock.pam.drv'...
building '/nix/store/h3ix5152kjxkhsyp68nlcsrkjjgpmdkq-system-path.drv'...
building '/nix/store/ialrk93hx0hqa5184pl6ciga3ghn54y4-system_fish-completions.drv'...
building '/nix/store/qx8xcwd44vndjg2aw06lwijqpmq56rwz-systemd-run0.pam.drv'...
building '/nix/store/88b6bd75fvgskdb2r882bsjq6cvmmh6s-systemd-user.pam.drv'...
building '/nix/store/wdbm5db281426m5dxn6c6gwb4l2zjx5l-unit-home-manager-c3r5b8.service.drv'...
building '/nix/store/qvjgcs1b736h8la4z7rz0jbngl6ig8f8-useradd.pam.drv'...
building '/nix/store/az9r7x1cjyk4y0fqw4vsbk7ihc5n2z0g-userdel.pam.drv'...
building '/nix/store/ji8innxgj0qiwcbp4n24smwfvjvdjk51-usermod.pam.drv'...
building '/nix/store/zpamyl3frb1bjrhrhwxms8k6b30xaqpp-vlock.pam.drv'...
building '/nix/store/fp4v037n42c0m75pjcccrjy902n3b3my-su.pam.drv'...
building '/nix/store/4f8ydcmzxw99rqy56nghglbfn3ir460j-sudo.pam.drv'...
building '/nix/store/j87cxb5rwyl6n49rkjca5c9dnxd6gsxq-swaylock.pam.drv'...
building '/nix/store/h3ix5152kjxkhsyp68nlcsrkjjgpmdkq-system-path.drv'...
building '/nix/store/ialrk93hx0hqa5184pl6ciga3ghn54y4-system_fish-completions.drv'...
building '/nix/store/qx8xcwd44vndjg2aw06lwijqpmq56rwz-systemd-run0.pam.drv'...
building '/nix/store/88b6bd75fvgskdb2r882bsjq6cvmmh6s-systemd-user.pam.drv'...
building '/nix/store/wdbm5db281426m5dxn6c6gwb4l2zjx5l-unit-home-manager-c3r5b8.service.drv'...
building '/nix/store/qvjgcs1b736h8la4z7rz0jbngl6ig8f8-useradd.pam.drv'...
building '/nix/store/az9r7x1cjyk4y0fqw4vsbk7ihc5n2z0g-userdel.pam.drv'...
building '/nix/store/ji8innxgj0qiwcbp4n24smwfvjvdjk51-usermod.pam.drv'...
building '/nix/store/zpamyl3frb1bjrhrhwxms8k6b30xaqpp-vlock.pam.drv'...
building '/nix/store/4f8ydcmzxw99rqy56nghglbfn3ir460j-sudo.pam.drv'...
building '/nix/store/j87cxb5rwyl6n49rkjca5c9dnxd6gsxq-swaylock.pam.drv'...
building '/nix/store/h3ix5152kjxkhsyp68nlcsrkjjgpmdkq-system-path.drv'...
building '/nix/store/ialrk93hx0hqa5184pl6ciga3ghn54y4-system_fish-completions.drv'...
building '/nix/store/qx8xcwd44vndjg2aw06lwijqpmq56rwz-systemd-run0.pam.drv'...
building '/nix/store/88b6bd75fvgskdb2r882bsjq6cvmmh6s-systemd-user.pam.drv'...
building '/nix/store/wdbm5db281426m5dxn6c6gwb4l2zjx5l-unit-home-manager-c3r5b8.service.drv'...
building '/nix/store/qvjgcs1b736h8la4z7rz0jbngl6ig8f8-useradd.pam.drv'...
building '/nix/store/az9r7x1cjyk4y0fqw4vsbk7ihc5n2z0g-userdel.pam.drv'...
building '/nix/store/ji8innxgj0qiwcbp4n24smwfvjvdjk51-usermod.pam.drv'...
building '/nix/store/zpamyl3frb1bjrhrhwxms8k6b30xaqpp-vlock.pam.drv'...
building '/nix/store/j87cxb5rwyl6n49rkjca5c9dnxd6gsxq-swaylock.pam.drv'...
building '/nix/store/h3ix5152kjxkhsyp68nlcsrkjjgpmdkq-system-path.drv'...
building '/nix/store/ialrk93hx0hqa5184pl6ciga3ghn54y4-system_fish-completions.drv'...
building '/nix/store/qx8xcwd44vndjg2aw06lwijqpmq56rwz-systemd-run0.pam.drv'...
building '/nix/store/88b6bd75fvgskdb2r882bsjq6cvmmh6s-systemd-user.pam.drv'...
building '/nix/store/wdbm5db281426m5dxn6c6gwb4l2zjx5l-unit-home-manager-c3r5b8.service.drv'...
building '/nix/store/qvjgcs1b736h8la4z7rz0jbngl6ig8f8-useradd.pam.drv'...
building '/nix/store/az9r7x1cjyk4y0fqw4vsbk7ihc5n2z0g-userdel.pam.drv'...
building '/nix/store/ji8innxgj0qiwcbp4n24smwfvjvdjk51-usermod.pam.drv'...
building '/nix/store/zpamyl3frb1bjrhrhwxms8k6b30xaqpp-vlock.pam.drv'...
building '/nix/store/h3ix5152kjxkhsyp68nlcsrkjjgpmdkq-system-path.drv'...
building '/nix/store/ialrk93hx0hqa5184pl6ciga3ghn54y4-system_fish-completions.drv'...
building '/nix/store/qx8xcwd44vndjg2aw06lwijqpmq56rwz-systemd-run0.pam.drv'...
building '/nix/store/88b6bd75fvgskdb2r882bsjq6cvmmh6s-systemd-user.pam.drv'...
building '/nix/store/wdbm5db281426m5dxn6c6gwb4l2zjx5l-unit-home-manager-c3r5b8.service.drv'...
building '/nix/store/qvjgcs1b736h8la4z7rz0jbngl6ig8f8-useradd.pam.drv'...
building '/nix/store/az9r7x1cjyk4y0fqw4vsbk7ihc5n2z0g-userdel.pam.drv'...
building '/nix/store/ji8innxgj0qiwcbp4n24smwfvjvdjk51-usermod.pam.drv'...
building '/nix/store/zpamyl3frb1bjrhrhwxms8k6b30xaqpp-vlock.pam.drv'...
building '/nix/store/ialrk93hx0hqa5184pl6ciga3ghn54y4-system_fish-completions.drv'...
building '/nix/store/qx8xcwd44vndjg2aw06lwijqpmq56rwz-systemd-run0.pam.drv'...
building '/nix/store/88b6bd75fvgskdb2r882bsjq6cvmmh6s-systemd-user.pam.drv'...
building '/nix/store/wdbm5db281426m5dxn6c6gwb4l2zjx5l-unit-home-manager-c3r5b8.service.drv'...
building '/nix/store/qvjgcs1b736h8la4z7rz0jbngl6ig8f8-useradd.pam.drv'...
building '/nix/store/az9r7x1cjyk4y0fqw4vsbk7ihc5n2z0g-userdel.pam.drv'...
building '/nix/store/ji8innxgj0qiwcbp4n24smwfvjvdjk51-usermod.pam.drv'...
building '/nix/store/zpamyl3frb1bjrhrhwxms8k6b30xaqpp-vlock.pam.drv'...
building '/nix/store/qx8xcwd44vndjg2aw06lwijqpmq56rwz-systemd-run0.pam.drv'...
building '/nix/store/88b6bd75fvgskdb2r882bsjq6cvmmh6s-systemd-user.pam.drv'...
building '/nix/store/wdbm5db281426m5dxn6c6gwb4l2zjx5l-unit-home-manager-c3r5b8.service.drv'...
building '/nix/store/qvjgcs1b736h8la4z7rz0jbngl6ig8f8-useradd.pam.drv'...
building '/nix/store/az9r7x1cjyk4y0fqw4vsbk7ihc5n2z0g-userdel.pam.drv'...
building '/nix/store/ji8innxgj0qiwcbp4n24smwfvjvdjk51-usermod.pam.drv'...
building '/nix/store/zpamyl3frb1bjrhrhwxms8k6b30xaqpp-vlock.pam.drv'...
building '/nix/store/88b6bd75fvgskdb2r882bsjq6cvmmh6s-systemd-user.pam.drv'...
building '/nix/store/wdbm5db281426m5dxn6c6gwb4l2zjx5l-unit-home-manager-c3r5b8.service.drv'...
building '/nix/store/qvjgcs1b736h8la4z7rz0jbngl6ig8f8-useradd.pam.drv'...
building '/nix/store/az9r7x1cjyk4y0fqw4vsbk7ihc5n2z0g-userdel.pam.drv'...
building '/nix/store/ji8innxgj0qiwcbp4n24smwfvjvdjk51-usermod.pam.drv'...
building '/nix/store/zpamyl3frb1bjrhrhwxms8k6b30xaqpp-vlock.pam.drv'...
building '/nix/store/wdbm5db281426m5dxn6c6gwb4l2zjx5l-unit-home-manager-c3r5b8.service.drv'...
building '/nix/store/qvjgcs1b736h8la4z7rz0jbngl6ig8f8-useradd.pam.drv'...
building '/nix/store/az9r7x1cjyk4y0fqw4vsbk7ihc5n2z0g-userdel.pam.drv'...
building '/nix/store/ji8innxgj0qiwcbp4n24smwfvjvdjk51-usermod.pam.drv'...
building '/nix/store/zpamyl3frb1bjrhrhwxms8k6b30xaqpp-vlock.pam.drv'...
building '/nix/store/qvjgcs1b736h8la4z7rz0jbngl6ig8f8-useradd.pam.drv'...
building '/nix/store/az9r7x1cjyk4y0fqw4vsbk7ihc5n2z0g-userdel.pam.drv'...
building '/nix/store/ji8innxgj0qiwcbp4n24smwfvjvdjk51-usermod.pam.drv'...
building '/nix/store/zpamyl3frb1bjrhrhwxms8k6b30xaqpp-vlock.pam.drv'...
building '/nix/store/az9r7x1cjyk4y0fqw4vsbk7ihc5n2z0g-userdel.pam.drv'...
building '/nix/store/ji8innxgj0qiwcbp4n24smwfvjvdjk51-usermod.pam.drv'...
building '/nix/store/zpamyl3frb1bjrhrhwxms8k6b30xaqpp-vlock.pam.drv'...
building '/nix/store/ji8innxgj0qiwcbp4n24smwfvjvdjk51-usermod.pam.drv'...
building '/nix/store/zpamyl3frb1bjrhrhwxms8k6b30xaqpp-vlock.pam.drv'...
building '/nix/store/hhlnp95v9rqb7sclr8kr15rwq367p6f3-X-Restart-Triggers-polkit.drv'...
building '/nix/store/nh2zx5zv4iyjgnjk36akp7k6dhrpmxi6-dbus-1.drv'...
building '/nix/store/hhlnp95v9rqb7sclr8kr15rwq367p6f3-X-Restart-Triggers-polkit.drv'...
building '/nix/store/nh2zx5zv4iyjgnjk36akp7k6dhrpmxi6-dbus-1.drv'...
building '/nix/store/zpamyl3frb1bjrhrhwxms8k6b30xaqpp-vlock.pam.drv'...
building '/nix/store/zpamyl3frb1bjrhrhwxms8k6b30xaqpp-vlock.pam.drv'...
building '/nix/store/1mx71wfsyf85pq9jvrlc9ipp7w2w1lb3-unit-polkit.service.drv'...
building '/nix/store/1mx71wfsyf85pq9jvrlc9ipp7w2w1lb3-unit-polkit.service.drv'...
building '/nix/store/h1wpy776qxgw5c9vy2kj1rs49kjfpsga-X-Restart-Triggers-dbus-broker.drv'...
building '/nix/store/h1wpy776qxgw5c9vy2kj1rs49kjfpsga-X-Restart-Triggers-dbus-broker.drv'...
building '/nix/store/rcv8qmgqrxm91xvam09n07r8vlcq6znf-unit-dbus-broker.service.drv'...
building '/nix/store/rry79irzh8q8gpvgpvs7mgh6wjng3bi2-unit-dbus-broker.service.drv'...
building '/nix/store/6wahrhkrks16c5p9qjcrwhl072932ia6-user-units.drv'...
building '/nix/store/5r5jn7q9nsy8ln6l5i6y9a9bs715c3yb-system-units.drv'...
building '/nix/store/sn1wq9fms1dq04z1c6ry5q321jd6krh8-etc.drv'...
building '/nix/store/kwcfbh8bkf09wckvy694jm0ql3ib2qi6-activate.drv'...
building '/nix/store/44si7cvim4aa4mni280lzwhw8rg7dhjk-nixos-system-shaula-26.11.20260616.567a49d.drv'...
