warning: Git tree '/home/runner/work/nix-config/nix-config' has uncommitted changes
warning: Using 'builtins.derivation' to create a derivation named 'options.json' that references the store path '/nix/store/pfwrb65dsv8phlsf1m98bvz11cvgb290-source' without a proper context. The resulting derivation will not have a correct store reference, so this is unreliable and may stop working in the future.
these 14 derivations will be built:
  /nix/store/020cvbk2wf6gd04ymdnlgl91rp07frlz-nvtop-3.3.2-fish-completions.drv
  /nix/store/225vl4f88b2rqdzsxnjf0n2m9afhaf4j-man-paths.drv
  /nix/store/4x3ksgimxi4v6mr2hg8l7d95bddvvdjn-home-manager-path.drv
  /nix/store/i78j97rfj8fi056bk4vpj2nrll2571d7-activation-script.drv
  /nix/store/8x0x8ndj2spdsrjmz6lg7fz1vy6h011a-man-cache.drv
  /nix/store/4k7fwzz21fw6d82mhpvsr8fbqk2n8fff-hm_.manpath.drv
  /nix/store/86adlx1pmfk5k5pcywpldb8czw96w3a2-c3r5b8-fish-completions.drv
  /nix/store/x8va0rw24hm5b92lvj51wdcripv07aqn-home-manager-files.drv
  /nix/store/8dm2sash5a8f2l7832p87lqg199icypy-home-manager-generation.drv
  /nix/store/2w8zxmsyjw3j6fp9rdrk75gvgbggzq06-unit-home-manager-c3r5b8.service.drv
  /nix/store/girzhjqy5gni8jfshg54kpdggjklqsxy-system-units.drv
  /nix/store/anqjxyp0696v43ibk4h4izcldbhaw8iq-etc.drv
  /nix/store/bfb04j530cr0yfiypz6wkkm8m61lg32c-activate.drv
  /nix/store/lgp4c5y9947zdjhjc7y8g9lhvpyx1ind-nixos-system-antares-26.11.20260616.567a49d.drv
building '/nix/store/4x3ksgimxi4v6mr2hg8l7d95bddvvdjn-home-manager-path.drv'...
building '/nix/store/020cvbk2wf6gd04ymdnlgl91rp07frlz-nvtop-3.3.2-fish-completions.drv'...
building '/nix/store/225vl4f88b2rqdzsxnjf0n2m9afhaf4j-man-paths.drv'...
building '/nix/store/225vl4f88b2rqdzsxnjf0n2m9afhaf4j-man-paths.drv'...
building '/nix/store/86adlx1pmfk5k5pcywpldb8czw96w3a2-c3r5b8-fish-completions.drv'...
building '/nix/store/86adlx1pmfk5k5pcywpldb8czw96w3a2-c3r5b8-fish-completions.drv'...
building '/nix/store/8x0x8ndj2spdsrjmz6lg7fz1vy6h011a-man-cache.drv'...
building '/nix/store/8x0x8ndj2spdsrjmz6lg7fz1vy6h011a-man-cache.drv'...
building '/nix/store/i78j97rfj8fi056bk4vpj2nrll2571d7-activation-script.drv'...
building '/nix/store/i78j97rfj8fi056bk4vpj2nrll2571d7-activation-script.drv'...
building '/nix/store/4k7fwzz21fw6d82mhpvsr8fbqk2n8fff-hm_.manpath.drv'...
building '/nix/store/x8va0rw24hm5b92lvj51wdcripv07aqn-home-manager-files.drv'...
building '/nix/store/8dm2sash5a8f2l7832p87lqg199icypy-home-manager-generation.drv'...
building '/nix/store/2w8zxmsyjw3j6fp9rdrk75gvgbggzq06-unit-home-manager-c3r5b8.service.drv'...
building '/nix/store/girzhjqy5gni8jfshg54kpdggjklqsxy-system-units.drv'...
building '/nix/store/anqjxyp0696v43ibk4h4izcldbhaw8iq-etc.drv'...
building '/nix/store/bfb04j530cr0yfiypz6wkkm8m61lg32c-activate.drv'...
building '/nix/store/lgp4c5y9947zdjhjc7y8g9lhvpyx1ind-nixos-system-antares-26.11.20260616.567a49d.drv'...
