warning: Using 'builtins.derivation' to create a derivation named 'options.json' that references the store path '/nix/store/gw7fxaw8z5szcqlzyzcnrshzi60zj664-source' without a proper context. The resulting derivation will not have a correct store reference, so this is unreliable and may stop working in the future.
these 73 derivations will be built:
  /nix/store/8lv8iqh041mglhdawkvas11n3lfndysz-udev-rules.drv
  /nix/store/0dfn3cbixnngpcvihfhmx2bp8yjb5a9y-X-Restart-Triggers-systemd-udevd.drv
  /nix/store/10mad5vy5575ai6sd8f5w3gz7afmsk3b-hwdb.bin.drv
  /nix/store/j3f1f7zpnn4pv1rd3bm3qfls3y6dalmr-restic-persist.drv
  /nix/store/jib1zp110x00jlacyrfb69bk24sdw6y5-system-path.drv
  /nix/store/1206p87dmxyn4mgmwp7x8z248awr35df-dbus-1.drv
  /nix/store/7qh71cqw3wz18kvab37b7jh8x1kgxmg1-home-manager-path.drv
  /nix/store/nwxlji80rzijkhs5w235lad8hkdwr1bb-nvtop-3.3.2-fish-completions.drv
  /nix/store/4pgvmz4l9p0l567zf4mhrx922yc54iwf-sway-workspace-switch.drv
  /nix/store/58ngmwavzf4acy5mgpg1kdq6zy4hr8cn-sway.conf.drv
  /nix/store/5lg086qg411g5jiwq186pkjg5pi63xm5-waybar-config.json.drv
  /nix/store/vrsrbg83il3vfr1h70lq0snxb6d9ffr8-activation-script.drv
  /nix/store/ds0dwpnphlpi6nz5l51b0l8r9px6pcvh-c3r5b8-fish-completions.drv
  /nix/store/kq63a0g2rpzsbnzvwmm9zmryjypw8pgc-man-paths.drv
  /nix/store/j82wamwxswmamyni7415ikabpfgyg9k2-man-cache.drv
  /nix/store/n4zd3bn055b1ja1fkxp53f7n7idp431y-hm_.manpath.drv
  /nix/store/xwc49kzwnp4n2clsykvzrgq07bvr0rgs-home-manager-files.drv
  /nix/store/2d7xwmpmmrm8z52473iw13kvvglj9yad-home-manager-generation.drv
  /nix/store/2f4vqk56lvjnmikzmyrpj0f2lj3pdqlk-sunshine.conf.drv
  /nix/store/2k6a3zlaidjzayna863v4svm7hm1bpz4-X-Restart-Triggers-polkit.drv
  /nix/store/2s7fmqs25j4gvdcx6l3hanwf95c9a90v-blueman-2.4.6_fish-completions.drv
  /nix/store/4gjfi13xw54pyblysmsgdy3f3nbg3ki5-string-hosts.drv
  /nix/store/5pviiz8d86my5alzxkfk0zd3zrnrwns7-unit-systemd-udevd.service.drv
  /nix/store/krqz3vwkb61g9razqvyl5v7m27d4fnd4-X-Restart-Triggers-dbus-broker.drv
  /nix/store/5vml1qd4fh5dm5lijl4ajhzh9ipbj5j6-unit-dbus-broker.service.drv
  /nix/store/9ys2sdwbg3lr215vx88168vhvqcam6ni-graphics-drivers.drv
  /nix/store/y8kypri213klv9lgpzwcxnqah9d662kc-graphics-driver.conf.drv
  /nix/store/60cqjkg0hsgzbp1pyxk7vbs2p4f827wp-tmpfiles.d.drv
  /nix/store/6c8q6bhi5wmsj4frzch15kqsg42l5bqi-restic-persist_fish-completions.drv
  /nix/store/blq3ggk4zxj04skgmbn39p6jybsbpd0g-syncthing-copy-keys.drv
  /nix/store/6lpsixd9v38wwlhsjpir4jwjxcnbd3pm-syncthing-copy-keys.drv
  /nix/store/9dj745wfcbwl879cw2ylqrmp9clsbyly-intel-npu-driver-1.28.0-zstd.drv
  /nix/store/d3kr9s4a5g9gvmqaphvlhckvbpi3ri72-firmware.drv
  /nix/store/79nxzh0vyb55c6ks3hxpd9ms18bj1akj-etc-modprobe.d-firmware.conf.drv
  /nix/store/7hcb3dwzjnkgzx5yjwcrfx1klf8ij17w-bluez-5.86_fish-completions.drv
  /nix/store/9xfvq09qni0a7yj7z3q7dq4nbj2hry3h-unit-syncthing.service.drv
  /nix/store/a7c157lagz9fhmpw4slk70wy7zgzjs4b-unit-bluetooth.service.drv
  /nix/store/h5q2mixl899wcjba14fbgyz45ln7i6x7-unit-polkit.service.drv
  /nix/store/ipgk4sfhv54x92v02ayg7sary6ibdpf8-unit-home-manager-c3r5b8.service.drv
  /nix/store/rhjxdpqlv2mj3jcbk7i5n1s032s1vqlp-avahi-daemon.conf.drv
  /nix/store/j9xhcn985iv8s1iqwai4w63bvrixlgra-unit-avahi-daemon.service.drv
  /nix/store/yldkpw843rxr048mxsqdjcr39faxvhb2-X-Restart-Triggers-systemd-tmpfiles-resetup.drv
  /nix/store/p5vf4rd3vzwpnqffqdv77cns0fmxb9jg-unit-systemd-tmpfiles-resetup.service.drv
  /nix/store/rqncn99q8ad9mf7yimsm9nv0jxhrn57x-unit-dbus-broker.service.drv
  /nix/store/wfwzpwf23brc3v1nklm6rkdp456ri9xg-unit-script-nixos-upgrade-start.drv
  /nix/store/srl1zxxyqy77a4pp9h7bnybp404w377i-unit-nixos-upgrade.service.drv
  /nix/store/xl3xc24w3p82dhmgmhmigvfg72g2whqf-nixos.conf.drv
  /nix/store/v9hjl3p7l4545d98qshl2s28yk41qr1c-X-Restart-Triggers-systemd-modules-load.drv
  /nix/store/x8rdz7lcpwadzlh9v6q9m9fi9hzywa1d-unit-systemd-modules-load.service.drv
  /nix/store/y2s5yvqfsn41chp4gvccpchw84gq6m8i-unit-restic-backups-persist.service.drv
  /nix/store/938487irky38b519r8krkxg7nhyxahgi-system-units.drv
  /nix/store/9rm68raj24dxqlpdx8wwkdwna3ckr2p5-unit-obex.service.drv
  /nix/store/9zs7pv0zlasdxxk4k0lmaz8z6j0nk79g-system-generators.drv
  /nix/store/bf6lijsdykjcdnpgrl4dndyv8gh5pjd5-initrd-hostname.drv
  /nix/store/cik5zc7ccaawdcyq0cahfxf5niqizzjs-manifest-for-users.json.drv
  /nix/store/gdjg3kdjb3l8kkdjgcihs2lav7gbhqmh-level-zero-1.28.5_fish-completions.drv
  /nix/store/j00wsrxr2rzshyn8bgxsj883bv7fyp7w-linux-7.0.12-modules-shrunk.drv
  /nix/store/jjxxy4w91yjwhg10m9kf284p7xr8475p-system-shutdown.drv
  /nix/store/pfzjx1vjwikdx9fnrlm77aabs8h947jn-users-groups.json.drv
  /nix/store/phzr7qq91q9mg3qv4khxl836lg8925g5-manifest.json.drv
  /nix/store/xawcl52pi9hl3igdwcm0nflnr5h5ci8c-intel-npu-driver-1.28.0_fish-completions.drv
  /nix/store/mp4k9r98q479aq8km2jbflxhcxr2s3pv-system_fish-completions.drv
  /nix/store/mwq2s2rgw0539g151dsx7x0pjh5kz7xc-etc-hostname.drv
  /nix/store/qijplgl2vd57llzd8fcsnqps1c0bk4zq-unit-sunshine.service.drv
  /nix/store/szbs1yq7zssgd9x793gsvy6hckmnln7m-user-units.drv
  /nix/store/yb1capybmh6cmnq35z88i6ysxrccx5yc-user-generators.drv
  /nix/store/ybmf4h00dm2pcd7gpi2v5g4wjwz8riwv-hosts.drv
  /nix/store/rmb6xylzjnhfqng2alglhzj3fsp53gii-etc.drv
  /nix/store/l1wg1g2kd876c68yf3kjs4lz0bgz4wz9-activate.drv
  /nix/store/qp40ranz26kviz8piy929p98x9g58xvi-initrd-linux-7.0.12.drv
  /nix/store/r9sl261v4nn98pvrqmmshfqi2157816b-dry-activate.drv
  /nix/store/yxjp16rivx79d045j5c9pply5mi13hic-boot.json.drv
  /nix/store/r7lr3gif2r2giicpmxa7s24l5fsjdn4r-nixos-system-antares-26.11.20260610.9ae611a.drv
these 18 paths will be fetched (28.6 MiB download, 110.4 MiB unpacked):
  /nix/store/ag6pb0v3ib256yis8mhpyf4nzv0nbs8d-blueman-2.4.6
  /nix/store/gpgvi6agznx2v9f5brx38c8mxsx3aa5y-dbus-glib-0.114
  /nix/store/sz7c97c3flls5a97sg2jym0rcy9i3f5z-input.conf
  /nix/store/2jr096r5w26yvsdlpjqxxfwlfdkp9366-intel-gmmlib-22.10.0
  /nix/store/h1cxmx89rbaazdvnsliiq0qjp74g90kw-intel-media-driver-26.1.6
  /nix/store/z5d663r87y33j0sgqmk5686clbr3ccxn-intel-npu-driver-1.28.0
  /nix/store/qv0nfrxw7mi51f7sl2lpqm30ax323aih-intel-npu-driver-1.28.0-firmware
  /nix/store/8y1kscc3myrk7zq8s7r3574ph96rrmlq-intel-npu-driver-1.28.0-validation
  /nix/store/d8fljwjhw5fzg3ib7jrxp15ic3ldx5v9-intel-vaapi-driver-2.4.5
  /nix/store/26ngk5pifcpc28kkm9mb3mvf45ik4nv6-level-zero-1.28.5
  /nix/store/df6n207jhb5ygjrds279xjsxvcj4n8b3-libusb-compat-0.1.8
  /nix/store/qzbnv1bwllhfipdxhrkpfjiphrmx8r7f-main.conf
  /nix/store/cahn3nlw44dh4vm8f4h5zay8mrmwgxmb-microcode-intel-20260512
  /nix/store/wdabkw43qjkl3ld4i2jyr2xn01b0mylw-network.conf
  /nix/store/f26y9lmq4cajhxzrigf70vhlk83ygq4q-nvtop-3.3.2
  /nix/store/km26lxwlhf1i5qk0k18icnr47sdwka7z-obex-data-server-0.4.6
  /nix/store/frvqhb11qi52pl0x9v2dwp6r2wxv5n38-openobex-1.7.2
  /nix/store/5g5iacvfqdi6nbbnq5z2d533aa53h2qq-vpl-gpu-rt-26.1.6
copying path '/nix/store/sz7c97c3flls5a97sg2jym0rcy9i3f5z-input.conf' from 'https://cache.nixos.org'...
copying path '/nix/store/wdabkw43qjkl3ld4i2jyr2xn01b0mylw-network.conf' from 'https://cache.nixos.org'...
copying path '/nix/store/qzbnv1bwllhfipdxhrkpfjiphrmx8r7f-main.conf' from 'https://cache.nixos.org'...
copying path '/nix/store/cahn3nlw44dh4vm8f4h5zay8mrmwgxmb-microcode-intel-20260512' from 'https://cache.nixos.org'...
copying path '/nix/store/26ngk5pifcpc28kkm9mb3mvf45ik4nv6-level-zero-1.28.5' from 'https://cache.nixos.org'...
copying path '/nix/store/gpgvi6agznx2v9f5brx38c8mxsx3aa5y-dbus-glib-0.114' from 'https://cache.nixos.org'...
copying path '/nix/store/df6n207jhb5ygjrds279xjsxvcj4n8b3-libusb-compat-0.1.8' from 'https://cache.nixos.org'...
copying path '/nix/store/qv0nfrxw7mi51f7sl2lpqm30ax323aih-intel-npu-driver-1.28.0-firmware' from 'https://cache.nixos.org'...
building '/nix/store/mwq2s2rgw0539g151dsx7x0pjh5kz7xc-etc-hostname.drv'...
building '/nix/store/10mad5vy5575ai6sd8f5w3gz7afmsk3b-hwdb.bin.drv'...
building '/nix/store/bf6lijsdykjcdnpgrl4dndyv8gh5pjd5-initrd-hostname.drv'...
building '/nix/store/cik5zc7ccaawdcyq0cahfxf5niqizzjs-manifest-for-users.json.drv'...
building '/nix/store/phzr7qq91q9mg3qv4khxl836lg8925g5-manifest.json.drv'...
building '/nix/store/xl3xc24w3p82dhmgmhmigvfg72g2whqf-nixos.conf.drv'...
building '/nix/store/j3f1f7zpnn4pv1rd3bm3qfls3y6dalmr-restic-persist.drv'...
building '/nix/store/8lv8iqh041mglhdawkvas11n3lfndysz-udev-rules.drv'...
building '/nix/store/pfzjx1vjwikdx9fnrlm77aabs8h947jn-users-groups.json.drv'...
building '/nix/store/7hcb3dwzjnkgzx5yjwcrfx1klf8ij17w-bluez-5.86_fish-completions.drv'...
building '/nix/store/4gjfi13xw54pyblysmsgdy3f3nbg3ki5-string-hosts.drv'...
building '/nix/store/a7c157lagz9fhmpw4slk70wy7zgzjs4b-unit-bluetooth.service.drv'...
building '/nix/store/9rm68raj24dxqlpdx8wwkdwna3ckr2p5-unit-obex.service.drv'...
building '/nix/store/y2s5yvqfsn41chp4gvccpchw84gq6m8i-unit-restic-backups-persist.service.drv'...
copying path '/nix/store/z5d663r87y33j0sgqmk5686clbr3ccxn-intel-npu-driver-1.28.0' from 'https://cache.nixos.org'...
copying path '/nix/store/d8fljwjhw5fzg3ib7jrxp15ic3ldx5v9-intel-vaapi-driver-2.4.5' from 'https://cache.nixos.org'...
copying path '/nix/store/5g5iacvfqdi6nbbnq5z2d533aa53h2qq-vpl-gpu-rt-26.1.6' from 'https://cache.nixos.org'...
copying path '/nix/store/2jr096r5w26yvsdlpjqxxfwlfdkp9366-intel-gmmlib-22.10.0' from 'https://cache.nixos.org'...
building '/nix/store/rhjxdpqlv2mj3jcbk7i5n1s032s1vqlp-avahi-daemon.conf.drv'...
building '/nix/store/2f4vqk56lvjnmikzmyrpj0f2lj3pdqlk-sunshine.conf.drv'...
building '/nix/store/wfwzpwf23brc3v1nklm6rkdp456ri9xg-unit-script-nixos-upgrade-start.drv'...
copying path '/nix/store/f26y9lmq4cajhxzrigf70vhlk83ygq4q-nvtop-3.3.2' from 'https://cache.nixos.org'...
building '/nix/store/blq3ggk4zxj04skgmbn39p6jybsbpd0g-syncthing-copy-keys.drv'...
building '/nix/store/5lg086qg411g5jiwq186pkjg5pi63xm5-waybar-config.json.drv'...
building '/nix/store/4pgvmz4l9p0l567zf4mhrx922yc54iwf-sway-workspace-switch.drv'...
copying path '/nix/store/h1cxmx89rbaazdvnsliiq0qjp74g90kw-intel-media-driver-26.1.6' from 'https://cache.nixos.org'...
building '/nix/store/rhjxdpqlv2mj3jcbk7i5n1s032s1vqlp-avahi-daemon.conf.drv'...
copying path '/nix/store/8y1kscc3myrk7zq8s7r3574ph96rrmlq-intel-npu-driver-1.28.0-validation' from 'https://cache.nixos.org'...
copying path '/nix/store/frvqhb11qi52pl0x9v2dwp6r2wxv5n38-openobex-1.7.2' from 'https://cache.nixos.org'...
building '/nix/store/7hcb3dwzjnkgzx5yjwcrfx1klf8ij17w-bluez-5.86_fish-completions.drv'...
building '/nix/store/bf6lijsdykjcdnpgrl4dndyv8gh5pjd5-initrd-hostname.drv'...
building '/nix/store/cik5zc7ccaawdcyq0cahfxf5niqizzjs-manifest-for-users.json.drv'...
building '/nix/store/phzr7qq91q9mg3qv4khxl836lg8925g5-manifest.json.drv'...
building '/nix/store/xl3xc24w3p82dhmgmhmigvfg72g2whqf-nixos.conf.drv'...
building '/nix/store/j3f1f7zpnn4pv1rd3bm3qfls3y6dalmr-restic-persist.drv'...
building '/nix/store/4gjfi13xw54pyblysmsgdy3f3nbg3ki5-string-hosts.drv'...
building '/nix/store/2f4vqk56lvjnmikzmyrpj0f2lj3pdqlk-sunshine.conf.drv'...
building '/nix/store/4pgvmz4l9p0l567zf4mhrx922yc54iwf-sway-workspace-switch.drv'...
building '/nix/store/blq3ggk4zxj04skgmbn39p6jybsbpd0g-syncthing-copy-keys.drv'...
building '/nix/store/8lv8iqh041mglhdawkvas11n3lfndysz-udev-rules.drv'...
building '/nix/store/a7c157lagz9fhmpw4slk70wy7zgzjs4b-unit-bluetooth.service.drv'...
building '/nix/store/9rm68raj24dxqlpdx8wwkdwna3ckr2p5-unit-obex.service.drv'...
building '/nix/store/y2s5yvqfsn41chp4gvccpchw84gq6m8i-unit-restic-backups-persist.service.drv'...
building '/nix/store/wfwzpwf23brc3v1nklm6rkdp456ri9xg-unit-script-nixos-upgrade-start.drv'...
building '/nix/store/pfzjx1vjwikdx9fnrlm77aabs8h947jn-users-groups.json.drv'...
building '/nix/store/5lg086qg411g5jiwq186pkjg5pi63xm5-waybar-config.json.drv'...
building '/nix/store/7qh71cqw3wz18kvab37b7jh8x1kgxmg1-home-manager-path.drv'...
building '/nix/store/9dj745wfcbwl879cw2ylqrmp9clsbyly-intel-npu-driver-1.28.0-zstd.drv'...
building '/nix/store/gdjg3kdjb3l8kkdjgcihs2lav7gbhqmh-level-zero-1.28.5_fish-completions.drv'...
building '/nix/store/kq63a0g2rpzsbnzvwmm9zmryjypw8pgc-man-paths.drv'...
building '/nix/store/nwxlji80rzijkhs5w235lad8hkdwr1bb-nvtop-3.3.2-fish-completions.drv'...
copying path '/nix/store/km26lxwlhf1i5qk0k18icnr47sdwka7z-obex-data-server-0.4.6' from 'https://cache.nixos.org'...
building '/nix/store/7hcb3dwzjnkgzx5yjwcrfx1klf8ij17w-bluez-5.86_fish-completions.drv'...
building '/nix/store/7qh71cqw3wz18kvab37b7jh8x1kgxmg1-home-manager-path.drv'...
building '/nix/store/bf6lijsdykjcdnpgrl4dndyv8gh5pjd5-initrd-hostname.drv'...
building '/nix/store/9dj745wfcbwl879cw2ylqrmp9clsbyly-intel-npu-driver-1.28.0-zstd.drv'...
building '/nix/store/gdjg3kdjb3l8kkdjgcihs2lav7gbhqmh-level-zero-1.28.5_fish-completions.drv'...
building '/nix/store/kq63a0g2rpzsbnzvwmm9zmryjypw8pgc-man-paths.drv'...
building '/nix/store/cik5zc7ccaawdcyq0cahfxf5niqizzjs-manifest-for-users.json.drv'...
building '/nix/store/phzr7qq91q9mg3qv4khxl836lg8925g5-manifest.json.drv'...
building '/nix/store/xl3xc24w3p82dhmgmhmigvfg72g2whqf-nixos.conf.drv'...
building '/nix/store/nwxlji80rzijkhs5w235lad8hkdwr1bb-nvtop-3.3.2-fish-completions.drv'...
building '/nix/store/j3f1f7zpnn4pv1rd3bm3qfls3y6dalmr-restic-persist.drv'...
building '/nix/store/4gjfi13xw54pyblysmsgdy3f3nbg3ki5-string-hosts.drv'...
building '/nix/store/2f4vqk56lvjnmikzmyrpj0f2lj3pdqlk-sunshine.conf.drv'...
building '/nix/store/4pgvmz4l9p0l567zf4mhrx922yc54iwf-sway-workspace-switch.drv'...
building '/nix/store/blq3ggk4zxj04skgmbn39p6jybsbpd0g-syncthing-copy-keys.drv'...
building '/nix/store/8lv8iqh041mglhdawkvas11n3lfndysz-udev-rules.drv'...
building '/nix/store/a7c157lagz9fhmpw4slk70wy7zgzjs4b-unit-bluetooth.service.drv'...
building '/nix/store/9rm68raj24dxqlpdx8wwkdwna3ckr2p5-unit-obex.service.drv'...
building '/nix/store/y2s5yvqfsn41chp4gvccpchw84gq6m8i-unit-restic-backups-persist.service.drv'...
building '/nix/store/wfwzpwf23brc3v1nklm6rkdp456ri9xg-unit-script-nixos-upgrade-start.drv'...
building '/nix/store/pfzjx1vjwikdx9fnrlm77aabs8h947jn-users-groups.json.drv'...
building '/nix/store/5lg086qg411g5jiwq186pkjg5pi63xm5-waybar-config.json.drv'...
building '/nix/store/xawcl52pi9hl3igdwcm0nflnr5h5ci8c-intel-npu-driver-1.28.0_fish-completions.drv'...
building '/nix/store/j9xhcn985iv8s1iqwai4w63bvrixlgra-unit-avahi-daemon.service.drv'...
building '/nix/store/7qh71cqw3wz18kvab37b7jh8x1kgxmg1-home-manager-path.drv'...
building '/nix/store/bf6lijsdykjcdnpgrl4dndyv8gh5pjd5-initrd-hostname.drv'...
building '/nix/store/9dj745wfcbwl879cw2ylqrmp9clsbyly-intel-npu-driver-1.28.0-zstd.drv'...
building '/nix/store/xawcl52pi9hl3igdwcm0nflnr5h5ci8c-intel-npu-driver-1.28.0_fish-completions.drv'...
building '/nix/store/gdjg3kdjb3l8kkdjgcihs2lav7gbhqmh-level-zero-1.28.5_fish-completions.drv'...
building '/nix/store/kq63a0g2rpzsbnzvwmm9zmryjypw8pgc-man-paths.drv'...
building '/nix/store/cik5zc7ccaawdcyq0cahfxf5niqizzjs-manifest-for-users.json.drv'...
building '/nix/store/phzr7qq91q9mg3qv4khxl836lg8925g5-manifest.json.drv'...
building '/nix/store/xl3xc24w3p82dhmgmhmigvfg72g2whqf-nixos.conf.drv'...
building '/nix/store/nwxlji80rzijkhs5w235lad8hkdwr1bb-nvtop-3.3.2-fish-completions.drv'...
building '/nix/store/j3f1f7zpnn4pv1rd3bm3qfls3y6dalmr-restic-persist.drv'...
building '/nix/store/4gjfi13xw54pyblysmsgdy3f3nbg3ki5-string-hosts.drv'...
building '/nix/store/2f4vqk56lvjnmikzmyrpj0f2lj3pdqlk-sunshine.conf.drv'...
building '/nix/store/4pgvmz4l9p0l567zf4mhrx922yc54iwf-sway-workspace-switch.drv'...
building '/nix/store/blq3ggk4zxj04skgmbn39p6jybsbpd0g-syncthing-copy-keys.drv'...
building '/nix/store/8lv8iqh041mglhdawkvas11n3lfndysz-udev-rules.drv'...
building '/nix/store/j9xhcn985iv8s1iqwai4w63bvrixlgra-unit-avahi-daemon.service.drv'...
building '/nix/store/a7c157lagz9fhmpw4slk70wy7zgzjs4b-unit-bluetooth.service.drv'...
building '/nix/store/9rm68raj24dxqlpdx8wwkdwna3ckr2p5-unit-obex.service.drv'...
building '/nix/store/y2s5yvqfsn41chp4gvccpchw84gq6m8i-unit-restic-backups-persist.service.drv'...
building '/nix/store/wfwzpwf23brc3v1nklm6rkdp456ri9xg-unit-script-nixos-upgrade-start.drv'...
building '/nix/store/pfzjx1vjwikdx9fnrlm77aabs8h947jn-users-groups.json.drv'...
building '/nix/store/5lg086qg411g5jiwq186pkjg5pi63xm5-waybar-config.json.drv'...
copying path '/nix/store/ag6pb0v3ib256yis8mhpyf4nzv0nbs8d-blueman-2.4.6' from 'https://cache.nixos.org'...
building '/nix/store/7qh71cqw3wz18kvab37b7jh8x1kgxmg1-home-manager-path.drv'...
building '/nix/store/bf6lijsdykjcdnpgrl4dndyv8gh5pjd5-initrd-hostname.drv'...
building '/nix/store/9dj745wfcbwl879cw2ylqrmp9clsbyly-intel-npu-driver-1.28.0-zstd.drv'...
building '/nix/store/xawcl52pi9hl3igdwcm0nflnr5h5ci8c-intel-npu-driver-1.28.0_fish-completions.drv'...
building '/nix/store/gdjg3kdjb3l8kkdjgcihs2lav7gbhqmh-level-zero-1.28.5_fish-completions.drv'...
building '/nix/store/kq63a0g2rpzsbnzvwmm9zmryjypw8pgc-man-paths.drv'...
building '/nix/store/cik5zc7ccaawdcyq0cahfxf5niqizzjs-manifest-for-users.json.drv'...
building '/nix/store/phzr7qq91q9mg3qv4khxl836lg8925g5-manifest.json.drv'...
building '/nix/store/xl3xc24w3p82dhmgmhmigvfg72g2whqf-nixos.conf.drv'...
building '/nix/store/nwxlji80rzijkhs5w235lad8hkdwr1bb-nvtop-3.3.2-fish-completions.drv'...
building '/nix/store/j3f1f7zpnn4pv1rd3bm3qfls3y6dalmr-restic-persist.drv'...
building '/nix/store/4gjfi13xw54pyblysmsgdy3f3nbg3ki5-string-hosts.drv'...
building '/nix/store/2f4vqk56lvjnmikzmyrpj0f2lj3pdqlk-sunshine.conf.drv'...
building '/nix/store/4pgvmz4l9p0l567zf4mhrx922yc54iwf-sway-workspace-switch.drv'...
building '/nix/store/blq3ggk4zxj04skgmbn39p6jybsbpd0g-syncthing-copy-keys.drv'...
building '/nix/store/8lv8iqh041mglhdawkvas11n3lfndysz-udev-rules.drv'...
building '/nix/store/j9xhcn985iv8s1iqwai4w63bvrixlgra-unit-avahi-daemon.service.drv'...
building '/nix/store/a7c157lagz9fhmpw4slk70wy7zgzjs4b-unit-bluetooth.service.drv'...
building '/nix/store/9rm68raj24dxqlpdx8wwkdwna3ckr2p5-unit-obex.service.drv'...
building '/nix/store/y2s5yvqfsn41chp4gvccpchw84gq6m8i-unit-restic-backups-persist.service.drv'...
building '/nix/store/wfwzpwf23brc3v1nklm6rkdp456ri9xg-unit-script-nixos-upgrade-start.drv'...
building '/nix/store/pfzjx1vjwikdx9fnrlm77aabs8h947jn-users-groups.json.drv'...
building '/nix/store/5lg086qg411g5jiwq186pkjg5pi63xm5-waybar-config.json.drv'...
building '/nix/store/bf6lijsdykjcdnpgrl4dndyv8gh5pjd5-initrd-hostname.drv'...
building '/nix/store/9dj745wfcbwl879cw2ylqrmp9clsbyly-intel-npu-driver-1.28.0-zstd.drv'...
building '/nix/store/xawcl52pi9hl3igdwcm0nflnr5h5ci8c-intel-npu-driver-1.28.0_fish-completions.drv'...
building '/nix/store/gdjg3kdjb3l8kkdjgcihs2lav7gbhqmh-level-zero-1.28.5_fish-completions.drv'...
building '/nix/store/kq63a0g2rpzsbnzvwmm9zmryjypw8pgc-man-paths.drv'...
building '/nix/store/cik5zc7ccaawdcyq0cahfxf5niqizzjs-manifest-for-users.json.drv'...
building '/nix/store/phzr7qq91q9mg3qv4khxl836lg8925g5-manifest.json.drv'...
building '/nix/store/xl3xc24w3p82dhmgmhmigvfg72g2whqf-nixos.conf.drv'...
building '/nix/store/nwxlji80rzijkhs5w235lad8hkdwr1bb-nvtop-3.3.2-fish-completions.drv'...
building '/nix/store/j3f1f7zpnn4pv1rd3bm3qfls3y6dalmr-restic-persist.drv'...
building '/nix/store/4gjfi13xw54pyblysmsgdy3f3nbg3ki5-string-hosts.drv'...
building '/nix/store/2f4vqk56lvjnmikzmyrpj0f2lj3pdqlk-sunshine.conf.drv'...
building '/nix/store/4pgvmz4l9p0l567zf4mhrx922yc54iwf-sway-workspace-switch.drv'...
building '/nix/store/blq3ggk4zxj04skgmbn39p6jybsbpd0g-syncthing-copy-keys.drv'...
building '/nix/store/8lv8iqh041mglhdawkvas11n3lfndysz-udev-rules.drv'...
building '/nix/store/j9xhcn985iv8s1iqwai4w63bvrixlgra-unit-avahi-daemon.service.drv'...
building '/nix/store/a7c157lagz9fhmpw4slk70wy7zgzjs4b-unit-bluetooth.service.drv'...
building '/nix/store/9rm68raj24dxqlpdx8wwkdwna3ckr2p5-unit-obex.service.drv'...
building '/nix/store/y2s5yvqfsn41chp4gvccpchw84gq6m8i-unit-restic-backups-persist.service.drv'...
building '/nix/store/wfwzpwf23brc3v1nklm6rkdp456ri9xg-unit-script-nixos-upgrade-start.drv'...
building '/nix/store/pfzjx1vjwikdx9fnrlm77aabs8h947jn-users-groups.json.drv'...
building '/nix/store/5lg086qg411g5jiwq186pkjg5pi63xm5-waybar-config.json.drv'...
building '/nix/store/2s7fmqs25j4gvdcx6l3hanwf95c9a90v-blueman-2.4.6_fish-completions.drv'...
building '/nix/store/9zs7pv0zlasdxxk4k0lmaz8z6j0nk79g-system-generators.drv'...
building '/nix/store/jjxxy4w91yjwhg10m9kf284p7xr8475p-system-shutdown.drv'...
building '/nix/store/yb1capybmh6cmnq35z88i6ysxrccx5yc-user-generators.drv'...
building '/nix/store/2s7fmqs25j4gvdcx6l3hanwf95c9a90v-blueman-2.4.6_fish-completions.drv'...
building '/nix/store/9dj745wfcbwl879cw2ylqrmp9clsbyly-intel-npu-driver-1.28.0-zstd.drv'...
building '/nix/store/xawcl52pi9hl3igdwcm0nflnr5h5ci8c-intel-npu-driver-1.28.0_fish-completions.drv'...
building '/nix/store/gdjg3kdjb3l8kkdjgcihs2lav7gbhqmh-level-zero-1.28.5_fish-completions.drv'...
building '/nix/store/kq63a0g2rpzsbnzvwmm9zmryjypw8pgc-man-paths.drv'...
building '/nix/store/cik5zc7ccaawdcyq0cahfxf5niqizzjs-manifest-for-users.json.drv'...
building '/nix/store/phzr7qq91q9mg3qv4khxl836lg8925g5-manifest.json.drv'...
building '/nix/store/xl3xc24w3p82dhmgmhmigvfg72g2whqf-nixos.conf.drv'...
building '/nix/store/nwxlji80rzijkhs5w235lad8hkdwr1bb-nvtop-3.3.2-fish-completions.drv'...
building '/nix/store/j3f1f7zpnn4pv1rd3bm3qfls3y6dalmr-restic-persist.drv'...
building '/nix/store/4gjfi13xw54pyblysmsgdy3f3nbg3ki5-string-hosts.drv'...
building '/nix/store/2f4vqk56lvjnmikzmyrpj0f2lj3pdqlk-sunshine.conf.drv'...
building '/nix/store/4pgvmz4l9p0l567zf4mhrx922yc54iwf-sway-workspace-switch.drv'...
building '/nix/store/blq3ggk4zxj04skgmbn39p6jybsbpd0g-syncthing-copy-keys.drv'...
building '/nix/store/9zs7pv0zlasdxxk4k0lmaz8z6j0nk79g-system-generators.drv'...
building '/nix/store/jjxxy4w91yjwhg10m9kf284p7xr8475p-system-shutdown.drv'...
building '/nix/store/8lv8iqh041mglhdawkvas11n3lfndysz-udev-rules.drv'...
building '/nix/store/j9xhcn985iv8s1iqwai4w63bvrixlgra-unit-avahi-daemon.service.drv'...
building '/nix/store/a7c157lagz9fhmpw4slk70wy7zgzjs4b-unit-bluetooth.service.drv'...
building '/nix/store/9rm68raj24dxqlpdx8wwkdwna3ckr2p5-unit-obex.service.drv'...
building '/nix/store/y2s5yvqfsn41chp4gvccpchw84gq6m8i-unit-restic-backups-persist.service.drv'...
building '/nix/store/wfwzpwf23brc3v1nklm6rkdp456ri9xg-unit-script-nixos-upgrade-start.drv'...
building '/nix/store/yb1capybmh6cmnq35z88i6ysxrccx5yc-user-generators.drv'...
building '/nix/store/pfzjx1vjwikdx9fnrlm77aabs8h947jn-users-groups.json.drv'...
building '/nix/store/5lg086qg411g5jiwq186pkjg5pi63xm5-waybar-config.json.drv'...
building '/nix/store/9ys2sdwbg3lr215vx88168vhvqcam6ni-graphics-drivers.drv'...
building '/nix/store/9ys2sdwbg3lr215vx88168vhvqcam6ni-graphics-drivers.drv'...
building '/nix/store/9dj745wfcbwl879cw2ylqrmp9clsbyly-intel-npu-driver-1.28.0-zstd.drv'...
building '/nix/store/xawcl52pi9hl3igdwcm0nflnr5h5ci8c-intel-npu-driver-1.28.0_fish-completions.drv'...
building '/nix/store/gdjg3kdjb3l8kkdjgcihs2lav7gbhqmh-level-zero-1.28.5_fish-completions.drv'...
building '/nix/store/kq63a0g2rpzsbnzvwmm9zmryjypw8pgc-man-paths.drv'...
building '/nix/store/cik5zc7ccaawdcyq0cahfxf5niqizzjs-manifest-for-users.json.drv'...
building '/nix/store/phzr7qq91q9mg3qv4khxl836lg8925g5-manifest.json.drv'...
building '/nix/store/xl3xc24w3p82dhmgmhmigvfg72g2whqf-nixos.conf.drv'...
building '/nix/store/nwxlji80rzijkhs5w235lad8hkdwr1bb-nvtop-3.3.2-fish-completions.drv'...
building '/nix/store/j3f1f7zpnn4pv1rd3bm3qfls3y6dalmr-restic-persist.drv'...
building '/nix/store/4gjfi13xw54pyblysmsgdy3f3nbg3ki5-string-hosts.drv'...
building '/nix/store/2f4vqk56lvjnmikzmyrpj0f2lj3pdqlk-sunshine.conf.drv'...
building '/nix/store/4pgvmz4l9p0l567zf4mhrx922yc54iwf-sway-workspace-switch.drv'...
building '/nix/store/blq3ggk4zxj04skgmbn39p6jybsbpd0g-syncthing-copy-keys.drv'...
building '/nix/store/9zs7pv0zlasdxxk4k0lmaz8z6j0nk79g-system-generators.drv'...
building '/nix/store/jjxxy4w91yjwhg10m9kf284p7xr8475p-system-shutdown.drv'...
building '/nix/store/8lv8iqh041mglhdawkvas11n3lfndysz-udev-rules.drv'...
building '/nix/store/j9xhcn985iv8s1iqwai4w63bvrixlgra-unit-avahi-daemon.service.drv'...
building '/nix/store/a7c157lagz9fhmpw4slk70wy7zgzjs4b-unit-bluetooth.service.drv'...
building '/nix/store/9rm68raj24dxqlpdx8wwkdwna3ckr2p5-unit-obex.service.drv'...
building '/nix/store/y2s5yvqfsn41chp4gvccpchw84gq6m8i-unit-restic-backups-persist.service.drv'...
building '/nix/store/wfwzpwf23brc3v1nklm6rkdp456ri9xg-unit-script-nixos-upgrade-start.drv'...
building '/nix/store/yb1capybmh6cmnq35z88i6ysxrccx5yc-user-generators.drv'...
building '/nix/store/pfzjx1vjwikdx9fnrlm77aabs8h947jn-users-groups.json.drv'...
building '/nix/store/5lg086qg411g5jiwq186pkjg5pi63xm5-waybar-config.json.drv'...
building '/nix/store/9dj745wfcbwl879cw2ylqrmp9clsbyly-intel-npu-driver-1.28.0-zstd.drv'...
building '/nix/store/xawcl52pi9hl3igdwcm0nflnr5h5ci8c-intel-npu-driver-1.28.0_fish-completions.drv'...
building '/nix/store/gdjg3kdjb3l8kkdjgcihs2lav7gbhqmh-level-zero-1.28.5_fish-completions.drv'...
building '/nix/store/kq63a0g2rpzsbnzvwmm9zmryjypw8pgc-man-paths.drv'...
building '/nix/store/cik5zc7ccaawdcyq0cahfxf5niqizzjs-manifest-for-users.json.drv'...
building '/nix/store/phzr7qq91q9mg3qv4khxl836lg8925g5-manifest.json.drv'...
building '/nix/store/xl3xc24w3p82dhmgmhmigvfg72g2whqf-nixos.conf.drv'...
building '/nix/store/nwxlji80rzijkhs5w235lad8hkdwr1bb-nvtop-3.3.2-fish-completions.drv'...
building '/nix/store/j3f1f7zpnn4pv1rd3bm3qfls3y6dalmr-restic-persist.drv'...
building '/nix/store/4gjfi13xw54pyblysmsgdy3f3nbg3ki5-string-hosts.drv'...
building '/nix/store/2f4vqk56lvjnmikzmyrpj0f2lj3pdqlk-sunshine.conf.drv'...
building '/nix/store/4pgvmz4l9p0l567zf4mhrx922yc54iwf-sway-workspace-switch.drv'...
building '/nix/store/blq3ggk4zxj04skgmbn39p6jybsbpd0g-syncthing-copy-keys.drv'...
building '/nix/store/9zs7pv0zlasdxxk4k0lmaz8z6j0nk79g-system-generators.drv'...
building '/nix/store/jjxxy4w91yjwhg10m9kf284p7xr8475p-system-shutdown.drv'...
building '/nix/store/8lv8iqh041mglhdawkvas11n3lfndysz-udev-rules.drv'...
building '/nix/store/j9xhcn985iv8s1iqwai4w63bvrixlgra-unit-avahi-daemon.service.drv'...
building '/nix/store/a7c157lagz9fhmpw4slk70wy7zgzjs4b-unit-bluetooth.service.drv'...
building '/nix/store/9rm68raj24dxqlpdx8wwkdwna3ckr2p5-unit-obex.service.drv'...
building '/nix/store/y2s5yvqfsn41chp4gvccpchw84gq6m8i-unit-restic-backups-persist.service.drv'...
building '/nix/store/wfwzpwf23brc3v1nklm6rkdp456ri9xg-unit-script-nixos-upgrade-start.drv'...
building '/nix/store/yb1capybmh6cmnq35z88i6ysxrccx5yc-user-generators.drv'...
building '/nix/store/pfzjx1vjwikdx9fnrlm77aabs8h947jn-users-groups.json.drv'...
building '/nix/store/5lg086qg411g5jiwq186pkjg5pi63xm5-waybar-config.json.drv'...
building '/nix/store/y8kypri213klv9lgpzwcxnqah9d662kc-graphics-driver.conf.drv'...
building '/nix/store/y8kypri213klv9lgpzwcxnqah9d662kc-graphics-driver.conf.drv'...
building '/nix/store/xawcl52pi9hl3igdwcm0nflnr5h5ci8c-intel-npu-driver-1.28.0_fish-completions.drv'...
building '/nix/store/gdjg3kdjb3l8kkdjgcihs2lav7gbhqmh-level-zero-1.28.5_fish-completions.drv'...
building '/nix/store/kq63a0g2rpzsbnzvwmm9zmryjypw8pgc-man-paths.drv'...
building '/nix/store/cik5zc7ccaawdcyq0cahfxf5niqizzjs-manifest-for-users.json.drv'...
building '/nix/store/phzr7qq91q9mg3qv4khxl836lg8925g5-manifest.json.drv'...
building '/nix/store/xl3xc24w3p82dhmgmhmigvfg72g2whqf-nixos.conf.drv'...
building '/nix/store/nwxlji80rzijkhs5w235lad8hkdwr1bb-nvtop-3.3.2-fish-completions.drv'...
building '/nix/store/j3f1f7zpnn4pv1rd3bm3qfls3y6dalmr-restic-persist.drv'...
building '/nix/store/4gjfi13xw54pyblysmsgdy3f3nbg3ki5-string-hosts.drv'...
building '/nix/store/2f4vqk56lvjnmikzmyrpj0f2lj3pdqlk-sunshine.conf.drv'...
building '/nix/store/4pgvmz4l9p0l567zf4mhrx922yc54iwf-sway-workspace-switch.drv'...
building '/nix/store/blq3ggk4zxj04skgmbn39p6jybsbpd0g-syncthing-copy-keys.drv'...
building '/nix/store/9zs7pv0zlasdxxk4k0lmaz8z6j0nk79g-system-generators.drv'...
building '/nix/store/jjxxy4w91yjwhg10m9kf284p7xr8475p-system-shutdown.drv'...
building '/nix/store/8lv8iqh041mglhdawkvas11n3lfndysz-udev-rules.drv'...
building '/nix/store/j9xhcn985iv8s1iqwai4w63bvrixlgra-unit-avahi-daemon.service.drv'...
building '/nix/store/a7c157lagz9fhmpw4slk70wy7zgzjs4b-unit-bluetooth.service.drv'...
building '/nix/store/9rm68raj24dxqlpdx8wwkdwna3ckr2p5-unit-obex.service.drv'...
building '/nix/store/y2s5yvqfsn41chp4gvccpchw84gq6m8i-unit-restic-backups-persist.service.drv'...
building '/nix/store/wfwzpwf23brc3v1nklm6rkdp456ri9xg-unit-script-nixos-upgrade-start.drv'...
building '/nix/store/yb1capybmh6cmnq35z88i6ysxrccx5yc-user-generators.drv'...
building '/nix/store/pfzjx1vjwikdx9fnrlm77aabs8h947jn-users-groups.json.drv'...
building '/nix/store/5lg086qg411g5jiwq186pkjg5pi63xm5-waybar-config.json.drv'...
building '/nix/store/xawcl52pi9hl3igdwcm0nflnr5h5ci8c-intel-npu-driver-1.28.0_fish-completions.drv'...
building '/nix/store/gdjg3kdjb3l8kkdjgcihs2lav7gbhqmh-level-zero-1.28.5_fish-completions.drv'...
building '/nix/store/kq63a0g2rpzsbnzvwmm9zmryjypw8pgc-man-paths.drv'...
building '/nix/store/cik5zc7ccaawdcyq0cahfxf5niqizzjs-manifest-for-users.json.drv'...
building '/nix/store/phzr7qq91q9mg3qv4khxl836lg8925g5-manifest.json.drv'...
building '/nix/store/xl3xc24w3p82dhmgmhmigvfg72g2whqf-nixos.conf.drv'...
building '/nix/store/nwxlji80rzijkhs5w235lad8hkdwr1bb-nvtop-3.3.2-fish-completions.drv'...
building '/nix/store/j3f1f7zpnn4pv1rd3bm3qfls3y6dalmr-restic-persist.drv'...
building '/nix/store/4gjfi13xw54pyblysmsgdy3f3nbg3ki5-string-hosts.drv'...
building '/nix/store/2f4vqk56lvjnmikzmyrpj0f2lj3pdqlk-sunshine.conf.drv'...
building '/nix/store/4pgvmz4l9p0l567zf4mhrx922yc54iwf-sway-workspace-switch.drv'...
building '/nix/store/blq3ggk4zxj04skgmbn39p6jybsbpd0g-syncthing-copy-keys.drv'...
building '/nix/store/9zs7pv0zlasdxxk4k0lmaz8z6j0nk79g-system-generators.drv'...
building '/nix/store/jjxxy4w91yjwhg10m9kf284p7xr8475p-system-shutdown.drv'...
building '/nix/store/8lv8iqh041mglhdawkvas11n3lfndysz-udev-rules.drv'...
building '/nix/store/j9xhcn985iv8s1iqwai4w63bvrixlgra-unit-avahi-daemon.service.drv'...
building '/nix/store/a7c157lagz9fhmpw4slk70wy7zgzjs4b-unit-bluetooth.service.drv'...
building '/nix/store/9rm68raj24dxqlpdx8wwkdwna3ckr2p5-unit-obex.service.drv'...
building '/nix/store/y2s5yvqfsn41chp4gvccpchw84gq6m8i-unit-restic-backups-persist.service.drv'...
building '/nix/store/wfwzpwf23brc3v1nklm6rkdp456ri9xg-unit-script-nixos-upgrade-start.drv'...
building '/nix/store/yb1capybmh6cmnq35z88i6ysxrccx5yc-user-generators.drv'...
building '/nix/store/pfzjx1vjwikdx9fnrlm77aabs8h947jn-users-groups.json.drv'...
building '/nix/store/5lg086qg411g5jiwq186pkjg5pi63xm5-waybar-config.json.drv'...
building '/nix/store/d3kr9s4a5g9gvmqaphvlhckvbpi3ri72-firmware.drv'...
building '/nix/store/d3kr9s4a5g9gvmqaphvlhckvbpi3ri72-firmware.drv'...
building '/nix/store/gdjg3kdjb3l8kkdjgcihs2lav7gbhqmh-level-zero-1.28.5_fish-completions.drv'...
building '/nix/store/kq63a0g2rpzsbnzvwmm9zmryjypw8pgc-man-paths.drv'...
building '/nix/store/cik5zc7ccaawdcyq0cahfxf5niqizzjs-manifest-for-users.json.drv'...
building '/nix/store/phzr7qq91q9mg3qv4khxl836lg8925g5-manifest.json.drv'...
building '/nix/store/xl3xc24w3p82dhmgmhmigvfg72g2whqf-nixos.conf.drv'...
building '/nix/store/nwxlji80rzijkhs5w235lad8hkdwr1bb-nvtop-3.3.2-fish-completions.drv'...
building '/nix/store/j3f1f7zpnn4pv1rd3bm3qfls3y6dalmr-restic-persist.drv'...
building '/nix/store/4gjfi13xw54pyblysmsgdy3f3nbg3ki5-string-hosts.drv'...
building '/nix/store/2f4vqk56lvjnmikzmyrpj0f2lj3pdqlk-sunshine.conf.drv'...
building '/nix/store/4pgvmz4l9p0l567zf4mhrx922yc54iwf-sway-workspace-switch.drv'...
building '/nix/store/blq3ggk4zxj04skgmbn39p6jybsbpd0g-syncthing-copy-keys.drv'...
building '/nix/store/9zs7pv0zlasdxxk4k0lmaz8z6j0nk79g-system-generators.drv'...
building '/nix/store/jjxxy4w91yjwhg10m9kf284p7xr8475p-system-shutdown.drv'...
building '/nix/store/8lv8iqh041mglhdawkvas11n3lfndysz-udev-rules.drv'...
building '/nix/store/j9xhcn985iv8s1iqwai4w63bvrixlgra-unit-avahi-daemon.service.drv'...
building '/nix/store/a7c157lagz9fhmpw4slk70wy7zgzjs4b-unit-bluetooth.service.drv'...
building '/nix/store/9rm68raj24dxqlpdx8wwkdwna3ckr2p5-unit-obex.service.drv'...
building '/nix/store/y2s5yvqfsn41chp4gvccpchw84gq6m8i-unit-restic-backups-persist.service.drv'...
building '/nix/store/wfwzpwf23brc3v1nklm6rkdp456ri9xg-unit-script-nixos-upgrade-start.drv'...
building '/nix/store/yb1capybmh6cmnq35z88i6ysxrccx5yc-user-generators.drv'...
building '/nix/store/pfzjx1vjwikdx9fnrlm77aabs8h947jn-users-groups.json.drv'...
building '/nix/store/5lg086qg411g5jiwq186pkjg5pi63xm5-waybar-config.json.drv'...
building '/nix/store/60cqjkg0hsgzbp1pyxk7vbs2p4f827wp-tmpfiles.d.drv'...
building '/nix/store/gdjg3kdjb3l8kkdjgcihs2lav7gbhqmh-level-zero-1.28.5_fish-completions.drv'...
building '/nix/store/kq63a0g2rpzsbnzvwmm9zmryjypw8pgc-man-paths.drv'...
building '/nix/store/cik5zc7ccaawdcyq0cahfxf5niqizzjs-manifest-for-users.json.drv'...
building '/nix/store/phzr7qq91q9mg3qv4khxl836lg8925g5-manifest.json.drv'...
building '/nix/store/xl3xc24w3p82dhmgmhmigvfg72g2whqf-nixos.conf.drv'...
building '/nix/store/nwxlji80rzijkhs5w235lad8hkdwr1bb-nvtop-3.3.2-fish-completions.drv'...
building '/nix/store/j3f1f7zpnn4pv1rd3bm3qfls3y6dalmr-restic-persist.drv'...
building '/nix/store/4gjfi13xw54pyblysmsgdy3f3nbg3ki5-string-hosts.drv'...
building '/nix/store/2f4vqk56lvjnmikzmyrpj0f2lj3pdqlk-sunshine.conf.drv'...
building '/nix/store/4pgvmz4l9p0l567zf4mhrx922yc54iwf-sway-workspace-switch.drv'...
building '/nix/store/blq3ggk4zxj04skgmbn39p6jybsbpd0g-syncthing-copy-keys.drv'...
building '/nix/store/9zs7pv0zlasdxxk4k0lmaz8z6j0nk79g-system-generators.drv'...
building '/nix/store/jjxxy4w91yjwhg10m9kf284p7xr8475p-system-shutdown.drv'...
building '/nix/store/60cqjkg0hsgzbp1pyxk7vbs2p4f827wp-tmpfiles.d.drv'...
building '/nix/store/8lv8iqh041mglhdawkvas11n3lfndysz-udev-rules.drv'...
building '/nix/store/j9xhcn985iv8s1iqwai4w63bvrixlgra-unit-avahi-daemon.service.drv'...
building '/nix/store/a7c157lagz9fhmpw4slk70wy7zgzjs4b-unit-bluetooth.service.drv'...
building '/nix/store/9rm68raj24dxqlpdx8wwkdwna3ckr2p5-unit-obex.service.drv'...
building '/nix/store/y2s5yvqfsn41chp4gvccpchw84gq6m8i-unit-restic-backups-persist.service.drv'...
building '/nix/store/wfwzpwf23brc3v1nklm6rkdp456ri9xg-unit-script-nixos-upgrade-start.drv'...
building '/nix/store/yb1capybmh6cmnq35z88i6ysxrccx5yc-user-generators.drv'...
building '/nix/store/pfzjx1vjwikdx9fnrlm77aabs8h947jn-users-groups.json.drv'...
building '/nix/store/5lg086qg411g5jiwq186pkjg5pi63xm5-waybar-config.json.drv'...
building '/nix/store/kq63a0g2rpzsbnzvwmm9zmryjypw8pgc-man-paths.drv'...
building '/nix/store/cik5zc7ccaawdcyq0cahfxf5niqizzjs-manifest-for-users.json.drv'...
building '/nix/store/phzr7qq91q9mg3qv4khxl836lg8925g5-manifest.json.drv'...
building '/nix/store/xl3xc24w3p82dhmgmhmigvfg72g2whqf-nixos.conf.drv'...
building '/nix/store/nwxlji80rzijkhs5w235lad8hkdwr1bb-nvtop-3.3.2-fish-completions.drv'...
building '/nix/store/j3f1f7zpnn4pv1rd3bm3qfls3y6dalmr-restic-persist.drv'...
building '/nix/store/4gjfi13xw54pyblysmsgdy3f3nbg3ki5-string-hosts.drv'...
building '/nix/store/2f4vqk56lvjnmikzmyrpj0f2lj3pdqlk-sunshine.conf.drv'...
building '/nix/store/4pgvmz4l9p0l567zf4mhrx922yc54iwf-sway-workspace-switch.drv'...
building '/nix/store/blq3ggk4zxj04skgmbn39p6jybsbpd0g-syncthing-copy-keys.drv'...
building '/nix/store/9zs7pv0zlasdxxk4k0lmaz8z6j0nk79g-system-generators.drv'...
building '/nix/store/jjxxy4w91yjwhg10m9kf284p7xr8475p-system-shutdown.drv'...
building '/nix/store/60cqjkg0hsgzbp1pyxk7vbs2p4f827wp-tmpfiles.d.drv'...
building '/nix/store/8lv8iqh041mglhdawkvas11n3lfndysz-udev-rules.drv'...
building '/nix/store/j9xhcn985iv8s1iqwai4w63bvrixlgra-unit-avahi-daemon.service.drv'...
building '/nix/store/a7c157lagz9fhmpw4slk70wy7zgzjs4b-unit-bluetooth.service.drv'...
building '/nix/store/9rm68raj24dxqlpdx8wwkdwna3ckr2p5-unit-obex.service.drv'...
building '/nix/store/y2s5yvqfsn41chp4gvccpchw84gq6m8i-unit-restic-backups-persist.service.drv'...
building '/nix/store/wfwzpwf23brc3v1nklm6rkdp456ri9xg-unit-script-nixos-upgrade-start.drv'...
building '/nix/store/yb1capybmh6cmnq35z88i6ysxrccx5yc-user-generators.drv'...
building '/nix/store/pfzjx1vjwikdx9fnrlm77aabs8h947jn-users-groups.json.drv'...
building '/nix/store/5lg086qg411g5jiwq186pkjg5pi63xm5-waybar-config.json.drv'...
building '/nix/store/cik5zc7ccaawdcyq0cahfxf5niqizzjs-manifest-for-users.json.drv'...
building '/nix/store/phzr7qq91q9mg3qv4khxl836lg8925g5-manifest.json.drv'...
building '/nix/store/xl3xc24w3p82dhmgmhmigvfg72g2whqf-nixos.conf.drv'...
building '/nix/store/nwxlji80rzijkhs5w235lad8hkdwr1bb-nvtop-3.3.2-fish-completions.drv'...
building '/nix/store/j3f1f7zpnn4pv1rd3bm3qfls3y6dalmr-restic-persist.drv'...
building '/nix/store/4gjfi13xw54pyblysmsgdy3f3nbg3ki5-string-hosts.drv'...
building '/nix/store/2f4vqk56lvjnmikzmyrpj0f2lj3pdqlk-sunshine.conf.drv'...
building '/nix/store/4pgvmz4l9p0l567zf4mhrx922yc54iwf-sway-workspace-switch.drv'...
building '/nix/store/blq3ggk4zxj04skgmbn39p6jybsbpd0g-syncthing-copy-keys.drv'...
building '/nix/store/9zs7pv0zlasdxxk4k0lmaz8z6j0nk79g-system-generators.drv'...
building '/nix/store/jjxxy4w91yjwhg10m9kf284p7xr8475p-system-shutdown.drv'...
building '/nix/store/60cqjkg0hsgzbp1pyxk7vbs2p4f827wp-tmpfiles.d.drv'...
building '/nix/store/8lv8iqh041mglhdawkvas11n3lfndysz-udev-rules.drv'...
building '/nix/store/j9xhcn985iv8s1iqwai4w63bvrixlgra-unit-avahi-daemon.service.drv'...
building '/nix/store/a7c157lagz9fhmpw4slk70wy7zgzjs4b-unit-bluetooth.service.drv'...
building '/nix/store/9rm68raj24dxqlpdx8wwkdwna3ckr2p5-unit-obex.service.drv'...
building '/nix/store/y2s5yvqfsn41chp4gvccpchw84gq6m8i-unit-restic-backups-persist.service.drv'...
building '/nix/store/wfwzpwf23brc3v1nklm6rkdp456ri9xg-unit-script-nixos-upgrade-start.drv'...
building '/nix/store/yb1capybmh6cmnq35z88i6ysxrccx5yc-user-generators.drv'...
building '/nix/store/pfzjx1vjwikdx9fnrlm77aabs8h947jn-users-groups.json.drv'...
building '/nix/store/5lg086qg411g5jiwq186pkjg5pi63xm5-waybar-config.json.drv'...
building '/nix/store/79nxzh0vyb55c6ks3hxpd9ms18bj1akj-etc-modprobe.d-firmware.conf.drv'...
building '/nix/store/j00wsrxr2rzshyn8bgxsj883bv7fyp7w-linux-7.0.12-modules-shrunk.drv'...
building '/nix/store/79nxzh0vyb55c6ks3hxpd9ms18bj1akj-etc-modprobe.d-firmware.conf.drv'...
building '/nix/store/j00wsrxr2rzshyn8bgxsj883bv7fyp7w-linux-7.0.12-modules-shrunk.drv'...
building '/nix/store/phzr7qq91q9mg3qv4khxl836lg8925g5-manifest.json.drv'...
building '/nix/store/xl3xc24w3p82dhmgmhmigvfg72g2whqf-nixos.conf.drv'...
building '/nix/store/nwxlji80rzijkhs5w235lad8hkdwr1bb-nvtop-3.3.2-fish-completions.drv'...
building '/nix/store/j3f1f7zpnn4pv1rd3bm3qfls3y6dalmr-restic-persist.drv'...
building '/nix/store/4gjfi13xw54pyblysmsgdy3f3nbg3ki5-string-hosts.drv'...
building '/nix/store/2f4vqk56lvjnmikzmyrpj0f2lj3pdqlk-sunshine.conf.drv'...
building '/nix/store/4pgvmz4l9p0l567zf4mhrx922yc54iwf-sway-workspace-switch.drv'...
building '/nix/store/blq3ggk4zxj04skgmbn39p6jybsbpd0g-syncthing-copy-keys.drv'...
building '/nix/store/9zs7pv0zlasdxxk4k0lmaz8z6j0nk79g-system-generators.drv'...
building '/nix/store/jjxxy4w91yjwhg10m9kf284p7xr8475p-system-shutdown.drv'...
building '/nix/store/60cqjkg0hsgzbp1pyxk7vbs2p4f827wp-tmpfiles.d.drv'...
building '/nix/store/8lv8iqh041mglhdawkvas11n3lfndysz-udev-rules.drv'...
building '/nix/store/j9xhcn985iv8s1iqwai4w63bvrixlgra-unit-avahi-daemon.service.drv'...
building '/nix/store/a7c157lagz9fhmpw4slk70wy7zgzjs4b-unit-bluetooth.service.drv'...
building '/nix/store/9rm68raj24dxqlpdx8wwkdwna3ckr2p5-unit-obex.service.drv'...
building '/nix/store/y2s5yvqfsn41chp4gvccpchw84gq6m8i-unit-restic-backups-persist.service.drv'...
building '/nix/store/wfwzpwf23brc3v1nklm6rkdp456ri9xg-unit-script-nixos-upgrade-start.drv'...
building '/nix/store/yb1capybmh6cmnq35z88i6ysxrccx5yc-user-generators.drv'...
building '/nix/store/pfzjx1vjwikdx9fnrlm77aabs8h947jn-users-groups.json.drv'...
building '/nix/store/5lg086qg411g5jiwq186pkjg5pi63xm5-waybar-config.json.drv'...
building '/nix/store/j82wamwxswmamyni7415ikabpfgyg9k2-man-cache.drv'...
building '/nix/store/j00wsrxr2rzshyn8bgxsj883bv7fyp7w-linux-7.0.12-modules-shrunk.drv'...
building '/nix/store/j82wamwxswmamyni7415ikabpfgyg9k2-man-cache.drv'...
building '/nix/store/phzr7qq91q9mg3qv4khxl836lg8925g5-manifest.json.drv'...
building '/nix/store/xl3xc24w3p82dhmgmhmigvfg72g2whqf-nixos.conf.drv'...
building '/nix/store/nwxlji80rzijkhs5w235lad8hkdwr1bb-nvtop-3.3.2-fish-completions.drv'...
building '/nix/store/j3f1f7zpnn4pv1rd3bm3qfls3y6dalmr-restic-persist.drv'...
building '/nix/store/4gjfi13xw54pyblysmsgdy3f3nbg3ki5-string-hosts.drv'...
building '/nix/store/2f4vqk56lvjnmikzmyrpj0f2lj3pdqlk-sunshine.conf.drv'...
building '/nix/store/4pgvmz4l9p0l567zf4mhrx922yc54iwf-sway-workspace-switch.drv'...
building '/nix/store/blq3ggk4zxj04skgmbn39p6jybsbpd0g-syncthing-copy-keys.drv'...
building '/nix/store/9zs7pv0zlasdxxk4k0lmaz8z6j0nk79g-system-generators.drv'...
building '/nix/store/jjxxy4w91yjwhg10m9kf284p7xr8475p-system-shutdown.drv'...
building '/nix/store/60cqjkg0hsgzbp1pyxk7vbs2p4f827wp-tmpfiles.d.drv'...
building '/nix/store/8lv8iqh041mglhdawkvas11n3lfndysz-udev-rules.drv'...
building '/nix/store/j9xhcn985iv8s1iqwai4w63bvrixlgra-unit-avahi-daemon.service.drv'...
building '/nix/store/a7c157lagz9fhmpw4slk70wy7zgzjs4b-unit-bluetooth.service.drv'...
building '/nix/store/9rm68raj24dxqlpdx8wwkdwna3ckr2p5-unit-obex.service.drv'...
building '/nix/store/y2s5yvqfsn41chp4gvccpchw84gq6m8i-unit-restic-backups-persist.service.drv'...
building '/nix/store/wfwzpwf23brc3v1nklm6rkdp456ri9xg-unit-script-nixos-upgrade-start.drv'...
building '/nix/store/yb1capybmh6cmnq35z88i6ysxrccx5yc-user-generators.drv'...
building '/nix/store/pfzjx1vjwikdx9fnrlm77aabs8h947jn-users-groups.json.drv'...
building '/nix/store/5lg086qg411g5jiwq186pkjg5pi63xm5-waybar-config.json.drv'...
building '/nix/store/j82wamwxswmamyni7415ikabpfgyg9k2-man-cache.drv'...
building '/nix/store/phzr7qq91q9mg3qv4khxl836lg8925g5-manifest.json.drv'...
building '/nix/store/xl3xc24w3p82dhmgmhmigvfg72g2whqf-nixos.conf.drv'...
building '/nix/store/nwxlji80rzijkhs5w235lad8hkdwr1bb-nvtop-3.3.2-fish-completions.drv'...
building '/nix/store/j3f1f7zpnn4pv1rd3bm3qfls3y6dalmr-restic-persist.drv'...
building '/nix/store/4gjfi13xw54pyblysmsgdy3f3nbg3ki5-string-hosts.drv'...
building '/nix/store/2f4vqk56lvjnmikzmyrpj0f2lj3pdqlk-sunshine.conf.drv'...
building '/nix/store/4pgvmz4l9p0l567zf4mhrx922yc54iwf-sway-workspace-switch.drv'...
building '/nix/store/blq3ggk4zxj04skgmbn39p6jybsbpd0g-syncthing-copy-keys.drv'...
building '/nix/store/9zs7pv0zlasdxxk4k0lmaz8z6j0nk79g-system-generators.drv'...
building '/nix/store/jjxxy4w91yjwhg10m9kf284p7xr8475p-system-shutdown.drv'...
building '/nix/store/60cqjkg0hsgzbp1pyxk7vbs2p4f827wp-tmpfiles.d.drv'...
building '/nix/store/8lv8iqh041mglhdawkvas11n3lfndysz-udev-rules.drv'...
building '/nix/store/j9xhcn985iv8s1iqwai4w63bvrixlgra-unit-avahi-daemon.service.drv'...
building '/nix/store/a7c157lagz9fhmpw4slk70wy7zgzjs4b-unit-bluetooth.service.drv'...
building '/nix/store/9rm68raj24dxqlpdx8wwkdwna3ckr2p5-unit-obex.service.drv'...
building '/nix/store/y2s5yvqfsn41chp4gvccpchw84gq6m8i-unit-restic-backups-persist.service.drv'...
building '/nix/store/wfwzpwf23brc3v1nklm6rkdp456ri9xg-unit-script-nixos-upgrade-start.drv'...
building '/nix/store/yb1capybmh6cmnq35z88i6ysxrccx5yc-user-generators.drv'...
building '/nix/store/pfzjx1vjwikdx9fnrlm77aabs8h947jn-users-groups.json.drv'...
building '/nix/store/5lg086qg411g5jiwq186pkjg5pi63xm5-waybar-config.json.drv'...
building '/nix/store/phzr7qq91q9mg3qv4khxl836lg8925g5-manifest.json.drv'...
building '/nix/store/xl3xc24w3p82dhmgmhmigvfg72g2whqf-nixos.conf.drv'...
building '/nix/store/nwxlji80rzijkhs5w235lad8hkdwr1bb-nvtop-3.3.2-fish-completions.drv'...
building '/nix/store/j3f1f7zpnn4pv1rd3bm3qfls3y6dalmr-restic-persist.drv'...
building '/nix/store/4gjfi13xw54pyblysmsgdy3f3nbg3ki5-string-hosts.drv'...
building '/nix/store/2f4vqk56lvjnmikzmyrpj0f2lj3pdqlk-sunshine.conf.drv'...
building '/nix/store/4pgvmz4l9p0l567zf4mhrx922yc54iwf-sway-workspace-switch.drv'...
building '/nix/store/blq3ggk4zxj04skgmbn39p6jybsbpd0g-syncthing-copy-keys.drv'...
building '/nix/store/9zs7pv0zlasdxxk4k0lmaz8z6j0nk79g-system-generators.drv'...
building '/nix/store/jjxxy4w91yjwhg10m9kf284p7xr8475p-system-shutdown.drv'...
building '/nix/store/60cqjkg0hsgzbp1pyxk7vbs2p4f827wp-tmpfiles.d.drv'...
building '/nix/store/8lv8iqh041mglhdawkvas11n3lfndysz-udev-rules.drv'...
building '/nix/store/j9xhcn985iv8s1iqwai4w63bvrixlgra-unit-avahi-daemon.service.drv'...
building '/nix/store/a7c157lagz9fhmpw4slk70wy7zgzjs4b-unit-bluetooth.service.drv'...
building '/nix/store/9rm68raj24dxqlpdx8wwkdwna3ckr2p5-unit-obex.service.drv'...
building '/nix/store/y2s5yvqfsn41chp4gvccpchw84gq6m8i-unit-restic-backups-persist.service.drv'...
building '/nix/store/wfwzpwf23brc3v1nklm6rkdp456ri9xg-unit-script-nixos-upgrade-start.drv'...
building '/nix/store/yb1capybmh6cmnq35z88i6ysxrccx5yc-user-generators.drv'...
building '/nix/store/pfzjx1vjwikdx9fnrlm77aabs8h947jn-users-groups.json.drv'...
building '/nix/store/5lg086qg411g5jiwq186pkjg5pi63xm5-waybar-config.json.drv'...
building '/nix/store/qp40ranz26kviz8piy929p98x9g58xvi-initrd-linux-7.0.12.drv'...
building '/nix/store/qp40ranz26kviz8piy929p98x9g58xvi-initrd-linux-7.0.12.drv'...
building '/nix/store/xl3xc24w3p82dhmgmhmigvfg72g2whqf-nixos.conf.drv'...
building '/nix/store/nwxlji80rzijkhs5w235lad8hkdwr1bb-nvtop-3.3.2-fish-completions.drv'...
building '/nix/store/j3f1f7zpnn4pv1rd3bm3qfls3y6dalmr-restic-persist.drv'...
building '/nix/store/4gjfi13xw54pyblysmsgdy3f3nbg3ki5-string-hosts.drv'...
building '/nix/store/2f4vqk56lvjnmikzmyrpj0f2lj3pdqlk-sunshine.conf.drv'...
building '/nix/store/4pgvmz4l9p0l567zf4mhrx922yc54iwf-sway-workspace-switch.drv'...
building '/nix/store/blq3ggk4zxj04skgmbn39p6jybsbpd0g-syncthing-copy-keys.drv'...
building '/nix/store/9zs7pv0zlasdxxk4k0lmaz8z6j0nk79g-system-generators.drv'...
building '/nix/store/jjxxy4w91yjwhg10m9kf284p7xr8475p-system-shutdown.drv'...
building '/nix/store/60cqjkg0hsgzbp1pyxk7vbs2p4f827wp-tmpfiles.d.drv'...
building '/nix/store/8lv8iqh041mglhdawkvas11n3lfndysz-udev-rules.drv'...
building '/nix/store/j9xhcn985iv8s1iqwai4w63bvrixlgra-unit-avahi-daemon.service.drv'...
building '/nix/store/a7c157lagz9fhmpw4slk70wy7zgzjs4b-unit-bluetooth.service.drv'...
building '/nix/store/9rm68raj24dxqlpdx8wwkdwna3ckr2p5-unit-obex.service.drv'...
building '/nix/store/y2s5yvqfsn41chp4gvccpchw84gq6m8i-unit-restic-backups-persist.service.drv'...
building '/nix/store/wfwzpwf23brc3v1nklm6rkdp456ri9xg-unit-script-nixos-upgrade-start.drv'...
building '/nix/store/yb1capybmh6cmnq35z88i6ysxrccx5yc-user-generators.drv'...
building '/nix/store/pfzjx1vjwikdx9fnrlm77aabs8h947jn-users-groups.json.drv'...
building '/nix/store/5lg086qg411g5jiwq186pkjg5pi63xm5-waybar-config.json.drv'...
building '/nix/store/xl3xc24w3p82dhmgmhmigvfg72g2whqf-nixos.conf.drv'...
building '/nix/store/nwxlji80rzijkhs5w235lad8hkdwr1bb-nvtop-3.3.2-fish-completions.drv'...
building '/nix/store/j3f1f7zpnn4pv1rd3bm3qfls3y6dalmr-restic-persist.drv'...
building '/nix/store/4gjfi13xw54pyblysmsgdy3f3nbg3ki5-string-hosts.drv'...
building '/nix/store/2f4vqk56lvjnmikzmyrpj0f2lj3pdqlk-sunshine.conf.drv'...
building '/nix/store/4pgvmz4l9p0l567zf4mhrx922yc54iwf-sway-workspace-switch.drv'...
building '/nix/store/blq3ggk4zxj04skgmbn39p6jybsbpd0g-syncthing-copy-keys.drv'...
building '/nix/store/9zs7pv0zlasdxxk4k0lmaz8z6j0nk79g-system-generators.drv'...
building '/nix/store/jjxxy4w91yjwhg10m9kf284p7xr8475p-system-shutdown.drv'...
building '/nix/store/60cqjkg0hsgzbp1pyxk7vbs2p4f827wp-tmpfiles.d.drv'...
building '/nix/store/8lv8iqh041mglhdawkvas11n3lfndysz-udev-rules.drv'...
building '/nix/store/j9xhcn985iv8s1iqwai4w63bvrixlgra-unit-avahi-daemon.service.drv'...
building '/nix/store/a7c157lagz9fhmpw4slk70wy7zgzjs4b-unit-bluetooth.service.drv'...
building '/nix/store/9rm68raj24dxqlpdx8wwkdwna3ckr2p5-unit-obex.service.drv'...
building '/nix/store/y2s5yvqfsn41chp4gvccpchw84gq6m8i-unit-restic-backups-persist.service.drv'...
building '/nix/store/wfwzpwf23brc3v1nklm6rkdp456ri9xg-unit-script-nixos-upgrade-start.drv'...
building '/nix/store/yb1capybmh6cmnq35z88i6ysxrccx5yc-user-generators.drv'...
building '/nix/store/pfzjx1vjwikdx9fnrlm77aabs8h947jn-users-groups.json.drv'...
building '/nix/store/5lg086qg411g5jiwq186pkjg5pi63xm5-waybar-config.json.drv'...
building '/nix/store/n4zd3bn055b1ja1fkxp53f7n7idp431y-hm_.manpath.drv'...
building '/nix/store/n4zd3bn055b1ja1fkxp53f7n7idp431y-hm_.manpath.drv'...
building '/nix/store/nwxlji80rzijkhs5w235lad8hkdwr1bb-nvtop-3.3.2-fish-completions.drv'...
building '/nix/store/j3f1f7zpnn4pv1rd3bm3qfls3y6dalmr-restic-persist.drv'...
building '/nix/store/4gjfi13xw54pyblysmsgdy3f3nbg3ki5-string-hosts.drv'...
building '/nix/store/2f4vqk56lvjnmikzmyrpj0f2lj3pdqlk-sunshine.conf.drv'...
building '/nix/store/4pgvmz4l9p0l567zf4mhrx922yc54iwf-sway-workspace-switch.drv'...
building '/nix/store/blq3ggk4zxj04skgmbn39p6jybsbpd0g-syncthing-copy-keys.drv'...
building '/nix/store/9zs7pv0zlasdxxk4k0lmaz8z6j0nk79g-system-generators.drv'...
building '/nix/store/jjxxy4w91yjwhg10m9kf284p7xr8475p-system-shutdown.drv'...
building '/nix/store/60cqjkg0hsgzbp1pyxk7vbs2p4f827wp-tmpfiles.d.drv'...
building '/nix/store/8lv8iqh041mglhdawkvas11n3lfndysz-udev-rules.drv'...
building '/nix/store/j9xhcn985iv8s1iqwai4w63bvrixlgra-unit-avahi-daemon.service.drv'...
building '/nix/store/a7c157lagz9fhmpw4slk70wy7zgzjs4b-unit-bluetooth.service.drv'...
building '/nix/store/9rm68raj24dxqlpdx8wwkdwna3ckr2p5-unit-obex.service.drv'...
building '/nix/store/y2s5yvqfsn41chp4gvccpchw84gq6m8i-unit-restic-backups-persist.service.drv'...
building '/nix/store/wfwzpwf23brc3v1nklm6rkdp456ri9xg-unit-script-nixos-upgrade-start.drv'...
building '/nix/store/yb1capybmh6cmnq35z88i6ysxrccx5yc-user-generators.drv'...
building '/nix/store/pfzjx1vjwikdx9fnrlm77aabs8h947jn-users-groups.json.drv'...
building '/nix/store/5lg086qg411g5jiwq186pkjg5pi63xm5-waybar-config.json.drv'...
building '/nix/store/v9hjl3p7l4545d98qshl2s28yk41qr1c-X-Restart-Triggers-systemd-modules-load.drv'...
building '/nix/store/v9hjl3p7l4545d98qshl2s28yk41qr1c-X-Restart-Triggers-systemd-modules-load.drv'...
building '/nix/store/nwxlji80rzijkhs5w235lad8hkdwr1bb-nvtop-3.3.2-fish-completions.drv'...
building '/nix/store/j3f1f7zpnn4pv1rd3bm3qfls3y6dalmr-restic-persist.drv'...
building '/nix/store/4gjfi13xw54pyblysmsgdy3f3nbg3ki5-string-hosts.drv'...
building '/nix/store/2f4vqk56lvjnmikzmyrpj0f2lj3pdqlk-sunshine.conf.drv'...
building '/nix/store/4pgvmz4l9p0l567zf4mhrx922yc54iwf-sway-workspace-switch.drv'...
building '/nix/store/blq3ggk4zxj04skgmbn39p6jybsbpd0g-syncthing-copy-keys.drv'...
building '/nix/store/9zs7pv0zlasdxxk4k0lmaz8z6j0nk79g-system-generators.drv'...
building '/nix/store/jjxxy4w91yjwhg10m9kf284p7xr8475p-system-shutdown.drv'...
building '/nix/store/60cqjkg0hsgzbp1pyxk7vbs2p4f827wp-tmpfiles.d.drv'...
building '/nix/store/8lv8iqh041mglhdawkvas11n3lfndysz-udev-rules.drv'...
building '/nix/store/j9xhcn985iv8s1iqwai4w63bvrixlgra-unit-avahi-daemon.service.drv'...
building '/nix/store/a7c157lagz9fhmpw4slk70wy7zgzjs4b-unit-bluetooth.service.drv'...
building '/nix/store/9rm68raj24dxqlpdx8wwkdwna3ckr2p5-unit-obex.service.drv'...
building '/nix/store/y2s5yvqfsn41chp4gvccpchw84gq6m8i-unit-restic-backups-persist.service.drv'...
building '/nix/store/wfwzpwf23brc3v1nklm6rkdp456ri9xg-unit-script-nixos-upgrade-start.drv'...
building '/nix/store/yb1capybmh6cmnq35z88i6ysxrccx5yc-user-generators.drv'...
building '/nix/store/pfzjx1vjwikdx9fnrlm77aabs8h947jn-users-groups.json.drv'...
building '/nix/store/5lg086qg411g5jiwq186pkjg5pi63xm5-waybar-config.json.drv'...
building '/nix/store/nwxlji80rzijkhs5w235lad8hkdwr1bb-nvtop-3.3.2-fish-completions.drv'...
building '/nix/store/j3f1f7zpnn4pv1rd3bm3qfls3y6dalmr-restic-persist.drv'...
building '/nix/store/4gjfi13xw54pyblysmsgdy3f3nbg3ki5-string-hosts.drv'...
building '/nix/store/2f4vqk56lvjnmikzmyrpj0f2lj3pdqlk-sunshine.conf.drv'...
building '/nix/store/4pgvmz4l9p0l567zf4mhrx922yc54iwf-sway-workspace-switch.drv'...
building '/nix/store/blq3ggk4zxj04skgmbn39p6jybsbpd0g-syncthing-copy-keys.drv'...
building '/nix/store/9zs7pv0zlasdxxk4k0lmaz8z6j0nk79g-system-generators.drv'...
building '/nix/store/jjxxy4w91yjwhg10m9kf284p7xr8475p-system-shutdown.drv'...
building '/nix/store/60cqjkg0hsgzbp1pyxk7vbs2p4f827wp-tmpfiles.d.drv'...
building '/nix/store/8lv8iqh041mglhdawkvas11n3lfndysz-udev-rules.drv'...
building '/nix/store/j9xhcn985iv8s1iqwai4w63bvrixlgra-unit-avahi-daemon.service.drv'...
building '/nix/store/a7c157lagz9fhmpw4slk70wy7zgzjs4b-unit-bluetooth.service.drv'...
building '/nix/store/9rm68raj24dxqlpdx8wwkdwna3ckr2p5-unit-obex.service.drv'...
building '/nix/store/y2s5yvqfsn41chp4gvccpchw84gq6m8i-unit-restic-backups-persist.service.drv'...
building '/nix/store/wfwzpwf23brc3v1nklm6rkdp456ri9xg-unit-script-nixos-upgrade-start.drv'...
building '/nix/store/yb1capybmh6cmnq35z88i6ysxrccx5yc-user-generators.drv'...
building '/nix/store/pfzjx1vjwikdx9fnrlm77aabs8h947jn-users-groups.json.drv'...
building '/nix/store/5lg086qg411g5jiwq186pkjg5pi63xm5-waybar-config.json.drv'...
building '/nix/store/x8rdz7lcpwadzlh9v6q9m9fi9hzywa1d-unit-systemd-modules-load.service.drv'...
building '/nix/store/j3f1f7zpnn4pv1rd3bm3qfls3y6dalmr-restic-persist.drv'...
building '/nix/store/4gjfi13xw54pyblysmsgdy3f3nbg3ki5-string-hosts.drv'...
building '/nix/store/2f4vqk56lvjnmikzmyrpj0f2lj3pdqlk-sunshine.conf.drv'...
building '/nix/store/4pgvmz4l9p0l567zf4mhrx922yc54iwf-sway-workspace-switch.drv'...
building '/nix/store/blq3ggk4zxj04skgmbn39p6jybsbpd0g-syncthing-copy-keys.drv'...
building '/nix/store/9zs7pv0zlasdxxk4k0lmaz8z6j0nk79g-system-generators.drv'...
building '/nix/store/jjxxy4w91yjwhg10m9kf284p7xr8475p-system-shutdown.drv'...
building '/nix/store/60cqjkg0hsgzbp1pyxk7vbs2p4f827wp-tmpfiles.d.drv'...
building '/nix/store/8lv8iqh041mglhdawkvas11n3lfndysz-udev-rules.drv'...
building '/nix/store/j9xhcn985iv8s1iqwai4w63bvrixlgra-unit-avahi-daemon.service.drv'...
building '/nix/store/a7c157lagz9fhmpw4slk70wy7zgzjs4b-unit-bluetooth.service.drv'...
building '/nix/store/9rm68raj24dxqlpdx8wwkdwna3ckr2p5-unit-obex.service.drv'...
building '/nix/store/y2s5yvqfsn41chp4gvccpchw84gq6m8i-unit-restic-backups-persist.service.drv'...
building '/nix/store/wfwzpwf23brc3v1nklm6rkdp456ri9xg-unit-script-nixos-upgrade-start.drv'...
building '/nix/store/x8rdz7lcpwadzlh9v6q9m9fi9hzywa1d-unit-systemd-modules-load.service.drv'...
building '/nix/store/yb1capybmh6cmnq35z88i6ysxrccx5yc-user-generators.drv'...
building '/nix/store/pfzjx1vjwikdx9fnrlm77aabs8h947jn-users-groups.json.drv'...
building '/nix/store/5lg086qg411g5jiwq186pkjg5pi63xm5-waybar-config.json.drv'...
building '/nix/store/ds0dwpnphlpi6nz5l51b0l8r9px6pcvh-c3r5b8-fish-completions.drv'...
building '/nix/store/ds0dwpnphlpi6nz5l51b0l8r9px6pcvh-c3r5b8-fish-completions.drv'...
building '/nix/store/4gjfi13xw54pyblysmsgdy3f3nbg3ki5-string-hosts.drv'...
building '/nix/store/2f4vqk56lvjnmikzmyrpj0f2lj3pdqlk-sunshine.conf.drv'...
building '/nix/store/4pgvmz4l9p0l567zf4mhrx922yc54iwf-sway-workspace-switch.drv'...
building '/nix/store/blq3ggk4zxj04skgmbn39p6jybsbpd0g-syncthing-copy-keys.drv'...
building '/nix/store/9zs7pv0zlasdxxk4k0lmaz8z6j0nk79g-system-generators.drv'...
building '/nix/store/jjxxy4w91yjwhg10m9kf284p7xr8475p-system-shutdown.drv'...
building '/nix/store/60cqjkg0hsgzbp1pyxk7vbs2p4f827wp-tmpfiles.d.drv'...
building '/nix/store/8lv8iqh041mglhdawkvas11n3lfndysz-udev-rules.drv'...
building '/nix/store/j9xhcn985iv8s1iqwai4w63bvrixlgra-unit-avahi-daemon.service.drv'...
building '/nix/store/a7c157lagz9fhmpw4slk70wy7zgzjs4b-unit-bluetooth.service.drv'...
building '/nix/store/9rm68raj24dxqlpdx8wwkdwna3ckr2p5-unit-obex.service.drv'...
building '/nix/store/y2s5yvqfsn41chp4gvccpchw84gq6m8i-unit-restic-backups-persist.service.drv'...
building '/nix/store/wfwzpwf23brc3v1nklm6rkdp456ri9xg-unit-script-nixos-upgrade-start.drv'...
building '/nix/store/x8rdz7lcpwadzlh9v6q9m9fi9hzywa1d-unit-systemd-modules-load.service.drv'...
building '/nix/store/yb1capybmh6cmnq35z88i6ysxrccx5yc-user-generators.drv'...
building '/nix/store/pfzjx1vjwikdx9fnrlm77aabs8h947jn-users-groups.json.drv'...
building '/nix/store/5lg086qg411g5jiwq186pkjg5pi63xm5-waybar-config.json.drv'...
building '/nix/store/6c8q6bhi5wmsj4frzch15kqsg42l5bqi-restic-persist_fish-completions.drv'...
building '/nix/store/jib1zp110x00jlacyrfb69bk24sdw6y5-system-path.drv'...
building '/nix/store/6c8q6bhi5wmsj4frzch15kqsg42l5bqi-restic-persist_fish-completions.drv'...
building '/nix/store/4gjfi13xw54pyblysmsgdy3f3nbg3ki5-string-hosts.drv'...
building '/nix/store/2f4vqk56lvjnmikzmyrpj0f2lj3pdqlk-sunshine.conf.drv'...
building '/nix/store/4pgvmz4l9p0l567zf4mhrx922yc54iwf-sway-workspace-switch.drv'...
building '/nix/store/blq3ggk4zxj04skgmbn39p6jybsbpd0g-syncthing-copy-keys.drv'...
building '/nix/store/9zs7pv0zlasdxxk4k0lmaz8z6j0nk79g-system-generators.drv'...
building '/nix/store/jib1zp110x00jlacyrfb69bk24sdw6y5-system-path.drv'...
building '/nix/store/jjxxy4w91yjwhg10m9kf284p7xr8475p-system-shutdown.drv'...
building '/nix/store/60cqjkg0hsgzbp1pyxk7vbs2p4f827wp-tmpfiles.d.drv'...
building '/nix/store/8lv8iqh041mglhdawkvas11n3lfndysz-udev-rules.drv'...
building '/nix/store/j9xhcn985iv8s1iqwai4w63bvrixlgra-unit-avahi-daemon.service.drv'...
building '/nix/store/a7c157lagz9fhmpw4slk70wy7zgzjs4b-unit-bluetooth.service.drv'...
building '/nix/store/9rm68raj24dxqlpdx8wwkdwna3ckr2p5-unit-obex.service.drv'...
building '/nix/store/y2s5yvqfsn41chp4gvccpchw84gq6m8i-unit-restic-backups-persist.service.drv'...
building '/nix/store/wfwzpwf23brc3v1nklm6rkdp456ri9xg-unit-script-nixos-upgrade-start.drv'...
building '/nix/store/x8rdz7lcpwadzlh9v6q9m9fi9hzywa1d-unit-systemd-modules-load.service.drv'...
building '/nix/store/yb1capybmh6cmnq35z88i6ysxrccx5yc-user-generators.drv'...
building '/nix/store/pfzjx1vjwikdx9fnrlm77aabs8h947jn-users-groups.json.drv'...
building '/nix/store/5lg086qg411g5jiwq186pkjg5pi63xm5-waybar-config.json.drv'...
building '/nix/store/4gjfi13xw54pyblysmsgdy3f3nbg3ki5-string-hosts.drv'...
building '/nix/store/2f4vqk56lvjnmikzmyrpj0f2lj3pdqlk-sunshine.conf.drv'...
building '/nix/store/4pgvmz4l9p0l567zf4mhrx922yc54iwf-sway-workspace-switch.drv'...
building '/nix/store/blq3ggk4zxj04skgmbn39p6jybsbpd0g-syncthing-copy-keys.drv'...
building '/nix/store/9zs7pv0zlasdxxk4k0lmaz8z6j0nk79g-system-generators.drv'...
building '/nix/store/jib1zp110x00jlacyrfb69bk24sdw6y5-system-path.drv'...
building '/nix/store/jjxxy4w91yjwhg10m9kf284p7xr8475p-system-shutdown.drv'...
building '/nix/store/60cqjkg0hsgzbp1pyxk7vbs2p4f827wp-tmpfiles.d.drv'...
building '/nix/store/8lv8iqh041mglhdawkvas11n3lfndysz-udev-rules.drv'...
building '/nix/store/j9xhcn985iv8s1iqwai4w63bvrixlgra-unit-avahi-daemon.service.drv'...
building '/nix/store/a7c157lagz9fhmpw4slk70wy7zgzjs4b-unit-bluetooth.service.drv'...
building '/nix/store/9rm68raj24dxqlpdx8wwkdwna3ckr2p5-unit-obex.service.drv'...
building '/nix/store/y2s5yvqfsn41chp4gvccpchw84gq6m8i-unit-restic-backups-persist.service.drv'...
building '/nix/store/wfwzpwf23brc3v1nklm6rkdp456ri9xg-unit-script-nixos-upgrade-start.drv'...
building '/nix/store/x8rdz7lcpwadzlh9v6q9m9fi9hzywa1d-unit-systemd-modules-load.service.drv'...
building '/nix/store/yb1capybmh6cmnq35z88i6ysxrccx5yc-user-generators.drv'...
building '/nix/store/pfzjx1vjwikdx9fnrlm77aabs8h947jn-users-groups.json.drv'...
building '/nix/store/5lg086qg411g5jiwq186pkjg5pi63xm5-waybar-config.json.drv'...
building '/nix/store/mp4k9r98q479aq8km2jbflxhcxr2s3pv-system_fish-completions.drv'...
building '/nix/store/2f4vqk56lvjnmikzmyrpj0f2lj3pdqlk-sunshine.conf.drv'...
building '/nix/store/4pgvmz4l9p0l567zf4mhrx922yc54iwf-sway-workspace-switch.drv'...
building '/nix/store/blq3ggk4zxj04skgmbn39p6jybsbpd0g-syncthing-copy-keys.drv'...
building '/nix/store/9zs7pv0zlasdxxk4k0lmaz8z6j0nk79g-system-generators.drv'...
building '/nix/store/jib1zp110x00jlacyrfb69bk24sdw6y5-system-path.drv'...
building '/nix/store/jjxxy4w91yjwhg10m9kf284p7xr8475p-system-shutdown.drv'...
building '/nix/store/mp4k9r98q479aq8km2jbflxhcxr2s3pv-system_fish-completions.drv'...
building '/nix/store/60cqjkg0hsgzbp1pyxk7vbs2p4f827wp-tmpfiles.d.drv'...
building '/nix/store/8lv8iqh041mglhdawkvas11n3lfndysz-udev-rules.drv'...
building '/nix/store/j9xhcn985iv8s1iqwai4w63bvrixlgra-unit-avahi-daemon.service.drv'...
building '/nix/store/a7c157lagz9fhmpw4slk70wy7zgzjs4b-unit-bluetooth.service.drv'...
building '/nix/store/9rm68raj24dxqlpdx8wwkdwna3ckr2p5-unit-obex.service.drv'...
building '/nix/store/y2s5yvqfsn41chp4gvccpchw84gq6m8i-unit-restic-backups-persist.service.drv'...
building '/nix/store/wfwzpwf23brc3v1nklm6rkdp456ri9xg-unit-script-nixos-upgrade-start.drv'...
building '/nix/store/x8rdz7lcpwadzlh9v6q9m9fi9hzywa1d-unit-systemd-modules-load.service.drv'...
building '/nix/store/yb1capybmh6cmnq35z88i6ysxrccx5yc-user-generators.drv'...
building '/nix/store/pfzjx1vjwikdx9fnrlm77aabs8h947jn-users-groups.json.drv'...
building '/nix/store/5lg086qg411g5jiwq186pkjg5pi63xm5-waybar-config.json.drv'...
building '/nix/store/ybmf4h00dm2pcd7gpi2v5g4wjwz8riwv-hosts.drv'...
building '/nix/store/ybmf4h00dm2pcd7gpi2v5g4wjwz8riwv-hosts.drv'...
building '/nix/store/4pgvmz4l9p0l567zf4mhrx922yc54iwf-sway-workspace-switch.drv'...
building '/nix/store/blq3ggk4zxj04skgmbn39p6jybsbpd0g-syncthing-copy-keys.drv'...
building '/nix/store/9zs7pv0zlasdxxk4k0lmaz8z6j0nk79g-system-generators.drv'...
building '/nix/store/jib1zp110x00jlacyrfb69bk24sdw6y5-system-path.drv'...
building '/nix/store/jjxxy4w91yjwhg10m9kf284p7xr8475p-system-shutdown.drv'...
building '/nix/store/mp4k9r98q479aq8km2jbflxhcxr2s3pv-system_fish-completions.drv'...
building '/nix/store/60cqjkg0hsgzbp1pyxk7vbs2p4f827wp-tmpfiles.d.drv'...
building '/nix/store/8lv8iqh041mglhdawkvas11n3lfndysz-udev-rules.drv'...
building '/nix/store/j9xhcn985iv8s1iqwai4w63bvrixlgra-unit-avahi-daemon.service.drv'...
building '/nix/store/a7c157lagz9fhmpw4slk70wy7zgzjs4b-unit-bluetooth.service.drv'...
building '/nix/store/9rm68raj24dxqlpdx8wwkdwna3ckr2p5-unit-obex.service.drv'...
building '/nix/store/y2s5yvqfsn41chp4gvccpchw84gq6m8i-unit-restic-backups-persist.service.drv'...
building '/nix/store/wfwzpwf23brc3v1nklm6rkdp456ri9xg-unit-script-nixos-upgrade-start.drv'...
building '/nix/store/x8rdz7lcpwadzlh9v6q9m9fi9hzywa1d-unit-systemd-modules-load.service.drv'...
building '/nix/store/yb1capybmh6cmnq35z88i6ysxrccx5yc-user-generators.drv'...
building '/nix/store/pfzjx1vjwikdx9fnrlm77aabs8h947jn-users-groups.json.drv'...
building '/nix/store/5lg086qg411g5jiwq186pkjg5pi63xm5-waybar-config.json.drv'...
building '/nix/store/qijplgl2vd57llzd8fcsnqps1c0bk4zq-unit-sunshine.service.drv'...
building '/nix/store/4pgvmz4l9p0l567zf4mhrx922yc54iwf-sway-workspace-switch.drv'...
building '/nix/store/blq3ggk4zxj04skgmbn39p6jybsbpd0g-syncthing-copy-keys.drv'...
building '/nix/store/9zs7pv0zlasdxxk4k0lmaz8z6j0nk79g-system-generators.drv'...
building '/nix/store/jib1zp110x00jlacyrfb69bk24sdw6y5-system-path.drv'...
building '/nix/store/jjxxy4w91yjwhg10m9kf284p7xr8475p-system-shutdown.drv'...
building '/nix/store/mp4k9r98q479aq8km2jbflxhcxr2s3pv-system_fish-completions.drv'...
building '/nix/store/60cqjkg0hsgzbp1pyxk7vbs2p4f827wp-tmpfiles.d.drv'...
building '/nix/store/8lv8iqh041mglhdawkvas11n3lfndysz-udev-rules.drv'...
building '/nix/store/j9xhcn985iv8s1iqwai4w63bvrixlgra-unit-avahi-daemon.service.drv'...
building '/nix/store/a7c157lagz9fhmpw4slk70wy7zgzjs4b-unit-bluetooth.service.drv'...
building '/nix/store/9rm68raj24dxqlpdx8wwkdwna3ckr2p5-unit-obex.service.drv'...
building '/nix/store/y2s5yvqfsn41chp4gvccpchw84gq6m8i-unit-restic-backups-persist.service.drv'...
building '/nix/store/wfwzpwf23brc3v1nklm6rkdp456ri9xg-unit-script-nixos-upgrade-start.drv'...
building '/nix/store/qijplgl2vd57llzd8fcsnqps1c0bk4zq-unit-sunshine.service.drv'...
building '/nix/store/x8rdz7lcpwadzlh9v6q9m9fi9hzywa1d-unit-systemd-modules-load.service.drv'...
building '/nix/store/yb1capybmh6cmnq35z88i6ysxrccx5yc-user-generators.drv'...
building '/nix/store/pfzjx1vjwikdx9fnrlm77aabs8h947jn-users-groups.json.drv'...
building '/nix/store/5lg086qg411g5jiwq186pkjg5pi63xm5-waybar-config.json.drv'...
building '/nix/store/blq3ggk4zxj04skgmbn39p6jybsbpd0g-syncthing-copy-keys.drv'...
building '/nix/store/9zs7pv0zlasdxxk4k0lmaz8z6j0nk79g-system-generators.drv'...
building '/nix/store/jib1zp110x00jlacyrfb69bk24sdw6y5-system-path.drv'...
building '/nix/store/jjxxy4w91yjwhg10m9kf284p7xr8475p-system-shutdown.drv'...
building '/nix/store/mp4k9r98q479aq8km2jbflxhcxr2s3pv-system_fish-completions.drv'...
building '/nix/store/60cqjkg0hsgzbp1pyxk7vbs2p4f827wp-tmpfiles.d.drv'...
building '/nix/store/8lv8iqh041mglhdawkvas11n3lfndysz-udev-rules.drv'...
building '/nix/store/j9xhcn985iv8s1iqwai4w63bvrixlgra-unit-avahi-daemon.service.drv'...
building '/nix/store/a7c157lagz9fhmpw4slk70wy7zgzjs4b-unit-bluetooth.service.drv'...
building '/nix/store/9rm68raj24dxqlpdx8wwkdwna3ckr2p5-unit-obex.service.drv'...
building '/nix/store/y2s5yvqfsn41chp4gvccpchw84gq6m8i-unit-restic-backups-persist.service.drv'...
building '/nix/store/wfwzpwf23brc3v1nklm6rkdp456ri9xg-unit-script-nixos-upgrade-start.drv'...
building '/nix/store/qijplgl2vd57llzd8fcsnqps1c0bk4zq-unit-sunshine.service.drv'...
building '/nix/store/x8rdz7lcpwadzlh9v6q9m9fi9hzywa1d-unit-systemd-modules-load.service.drv'...
building '/nix/store/yb1capybmh6cmnq35z88i6ysxrccx5yc-user-generators.drv'...
building '/nix/store/pfzjx1vjwikdx9fnrlm77aabs8h947jn-users-groups.json.drv'...
building '/nix/store/5lg086qg411g5jiwq186pkjg5pi63xm5-waybar-config.json.drv'...
building '/nix/store/58ngmwavzf4acy5mgpg1kdq6zy4hr8cn-sway.conf.drv'...
building '/nix/store/58ngmwavzf4acy5mgpg1kdq6zy4hr8cn-sway.conf.drv'...
building '/nix/store/9zs7pv0zlasdxxk4k0lmaz8z6j0nk79g-system-generators.drv'...
building '/nix/store/jib1zp110x00jlacyrfb69bk24sdw6y5-system-path.drv'...
building '/nix/store/jjxxy4w91yjwhg10m9kf284p7xr8475p-system-shutdown.drv'...
building '/nix/store/mp4k9r98q479aq8km2jbflxhcxr2s3pv-system_fish-completions.drv'...
building '/nix/store/60cqjkg0hsgzbp1pyxk7vbs2p4f827wp-tmpfiles.d.drv'...
building '/nix/store/8lv8iqh041mglhdawkvas11n3lfndysz-udev-rules.drv'...
building '/nix/store/j9xhcn985iv8s1iqwai4w63bvrixlgra-unit-avahi-daemon.service.drv'...
building '/nix/store/a7c157lagz9fhmpw4slk70wy7zgzjs4b-unit-bluetooth.service.drv'...
building '/nix/store/9rm68raj24dxqlpdx8wwkdwna3ckr2p5-unit-obex.service.drv'...
building '/nix/store/y2s5yvqfsn41chp4gvccpchw84gq6m8i-unit-restic-backups-persist.service.drv'...
building '/nix/store/wfwzpwf23brc3v1nklm6rkdp456ri9xg-unit-script-nixos-upgrade-start.drv'...
building '/nix/store/qijplgl2vd57llzd8fcsnqps1c0bk4zq-unit-sunshine.service.drv'...
building '/nix/store/x8rdz7lcpwadzlh9v6q9m9fi9hzywa1d-unit-systemd-modules-load.service.drv'...
building '/nix/store/yb1capybmh6cmnq35z88i6ysxrccx5yc-user-generators.drv'...
building '/nix/store/pfzjx1vjwikdx9fnrlm77aabs8h947jn-users-groups.json.drv'...
building '/nix/store/5lg086qg411g5jiwq186pkjg5pi63xm5-waybar-config.json.drv'...
building '/nix/store/6lpsixd9v38wwlhsjpir4jwjxcnbd3pm-syncthing-copy-keys.drv'...
building '/nix/store/6lpsixd9v38wwlhsjpir4jwjxcnbd3pm-syncthing-copy-keys.drv'...
building '/nix/store/9zs7pv0zlasdxxk4k0lmaz8z6j0nk79g-system-generators.drv'...
building '/nix/store/jib1zp110x00jlacyrfb69bk24sdw6y5-system-path.drv'...
building '/nix/store/jjxxy4w91yjwhg10m9kf284p7xr8475p-system-shutdown.drv'...
building '/nix/store/mp4k9r98q479aq8km2jbflxhcxr2s3pv-system_fish-completions.drv'...
building '/nix/store/60cqjkg0hsgzbp1pyxk7vbs2p4f827wp-tmpfiles.d.drv'...
building '/nix/store/8lv8iqh041mglhdawkvas11n3lfndysz-udev-rules.drv'...
building '/nix/store/j9xhcn985iv8s1iqwai4w63bvrixlgra-unit-avahi-daemon.service.drv'...
building '/nix/store/a7c157lagz9fhmpw4slk70wy7zgzjs4b-unit-bluetooth.service.drv'...
building '/nix/store/9rm68raj24dxqlpdx8wwkdwna3ckr2p5-unit-obex.service.drv'...
building '/nix/store/y2s5yvqfsn41chp4gvccpchw84gq6m8i-unit-restic-backups-persist.service.drv'...
building '/nix/store/wfwzpwf23brc3v1nklm6rkdp456ri9xg-unit-script-nixos-upgrade-start.drv'...
building '/nix/store/qijplgl2vd57llzd8fcsnqps1c0bk4zq-unit-sunshine.service.drv'...
building '/nix/store/x8rdz7lcpwadzlh9v6q9m9fi9hzywa1d-unit-systemd-modules-load.service.drv'...
building '/nix/store/yb1capybmh6cmnq35z88i6ysxrccx5yc-user-generators.drv'...
building '/nix/store/pfzjx1vjwikdx9fnrlm77aabs8h947jn-users-groups.json.drv'...
building '/nix/store/5lg086qg411g5jiwq186pkjg5pi63xm5-waybar-config.json.drv'...
building '/nix/store/yxjp16rivx79d045j5c9pply5mi13hic-boot.json.drv'...
building '/nix/store/yxjp16rivx79d045j5c9pply5mi13hic-boot.json.drv'...
building '/nix/store/9zs7pv0zlasdxxk4k0lmaz8z6j0nk79g-system-generators.drv'...
building '/nix/store/jib1zp110x00jlacyrfb69bk24sdw6y5-system-path.drv'...
building '/nix/store/jjxxy4w91yjwhg10m9kf284p7xr8475p-system-shutdown.drv'...
building '/nix/store/mp4k9r98q479aq8km2jbflxhcxr2s3pv-system_fish-completions.drv'...
building '/nix/store/60cqjkg0hsgzbp1pyxk7vbs2p4f827wp-tmpfiles.d.drv'...
building '/nix/store/8lv8iqh041mglhdawkvas11n3lfndysz-udev-rules.drv'...
building '/nix/store/j9xhcn985iv8s1iqwai4w63bvrixlgra-unit-avahi-daemon.service.drv'...
building '/nix/store/a7c157lagz9fhmpw4slk70wy7zgzjs4b-unit-bluetooth.service.drv'...
building '/nix/store/9rm68raj24dxqlpdx8wwkdwna3ckr2p5-unit-obex.service.drv'...
building '/nix/store/y2s5yvqfsn41chp4gvccpchw84gq6m8i-unit-restic-backups-persist.service.drv'...
building '/nix/store/wfwzpwf23brc3v1nklm6rkdp456ri9xg-unit-script-nixos-upgrade-start.drv'...
building '/nix/store/qijplgl2vd57llzd8fcsnqps1c0bk4zq-unit-sunshine.service.drv'...
building '/nix/store/x8rdz7lcpwadzlh9v6q9m9fi9hzywa1d-unit-systemd-modules-load.service.drv'...
building '/nix/store/yb1capybmh6cmnq35z88i6ysxrccx5yc-user-generators.drv'...
building '/nix/store/pfzjx1vjwikdx9fnrlm77aabs8h947jn-users-groups.json.drv'...
building '/nix/store/5lg086qg411g5jiwq186pkjg5pi63xm5-waybar-config.json.drv'...
building '/nix/store/9xfvq09qni0a7yj7z3q7dq4nbj2hry3h-unit-syncthing.service.drv'...
building '/nix/store/9zs7pv0zlasdxxk4k0lmaz8z6j0nk79g-system-generators.drv'...
building '/nix/store/jib1zp110x00jlacyrfb69bk24sdw6y5-system-path.drv'...
building '/nix/store/jjxxy4w91yjwhg10m9kf284p7xr8475p-system-shutdown.drv'...
building '/nix/store/mp4k9r98q479aq8km2jbflxhcxr2s3pv-system_fish-completions.drv'...
building '/nix/store/60cqjkg0hsgzbp1pyxk7vbs2p4f827wp-tmpfiles.d.drv'...
building '/nix/store/8lv8iqh041mglhdawkvas11n3lfndysz-udev-rules.drv'...
building '/nix/store/j9xhcn985iv8s1iqwai4w63bvrixlgra-unit-avahi-daemon.service.drv'...
building '/nix/store/a7c157lagz9fhmpw4slk70wy7zgzjs4b-unit-bluetooth.service.drv'...
building '/nix/store/9rm68raj24dxqlpdx8wwkdwna3ckr2p5-unit-obex.service.drv'...
building '/nix/store/y2s5yvqfsn41chp4gvccpchw84gq6m8i-unit-restic-backups-persist.service.drv'...
building '/nix/store/wfwzpwf23brc3v1nklm6rkdp456ri9xg-unit-script-nixos-upgrade-start.drv'...
building '/nix/store/qijplgl2vd57llzd8fcsnqps1c0bk4zq-unit-sunshine.service.drv'...
building '/nix/store/9xfvq09qni0a7yj7z3q7dq4nbj2hry3h-unit-syncthing.service.drv'...
building '/nix/store/x8rdz7lcpwadzlh9v6q9m9fi9hzywa1d-unit-systemd-modules-load.service.drv'...
building '/nix/store/yb1capybmh6cmnq35z88i6ysxrccx5yc-user-generators.drv'...
building '/nix/store/pfzjx1vjwikdx9fnrlm77aabs8h947jn-users-groups.json.drv'...
building '/nix/store/5lg086qg411g5jiwq186pkjg5pi63xm5-waybar-config.json.drv'...
building '/nix/store/jib1zp110x00jlacyrfb69bk24sdw6y5-system-path.drv'...
building '/nix/store/jjxxy4w91yjwhg10m9kf284p7xr8475p-system-shutdown.drv'...
building '/nix/store/mp4k9r98q479aq8km2jbflxhcxr2s3pv-system_fish-completions.drv'...
building '/nix/store/60cqjkg0hsgzbp1pyxk7vbs2p4f827wp-tmpfiles.d.drv'...
building '/nix/store/8lv8iqh041mglhdawkvas11n3lfndysz-udev-rules.drv'...
building '/nix/store/j9xhcn985iv8s1iqwai4w63bvrixlgra-unit-avahi-daemon.service.drv'...
building '/nix/store/a7c157lagz9fhmpw4slk70wy7zgzjs4b-unit-bluetooth.service.drv'...
building '/nix/store/9rm68raj24dxqlpdx8wwkdwna3ckr2p5-unit-obex.service.drv'...
building '/nix/store/y2s5yvqfsn41chp4gvccpchw84gq6m8i-unit-restic-backups-persist.service.drv'...
building '/nix/store/wfwzpwf23brc3v1nklm6rkdp456ri9xg-unit-script-nixos-upgrade-start.drv'...
building '/nix/store/qijplgl2vd57llzd8fcsnqps1c0bk4zq-unit-sunshine.service.drv'...
building '/nix/store/9xfvq09qni0a7yj7z3q7dq4nbj2hry3h-unit-syncthing.service.drv'...
building '/nix/store/x8rdz7lcpwadzlh9v6q9m9fi9hzywa1d-unit-systemd-modules-load.service.drv'...
building '/nix/store/yb1capybmh6cmnq35z88i6ysxrccx5yc-user-generators.drv'...
building '/nix/store/pfzjx1vjwikdx9fnrlm77aabs8h947jn-users-groups.json.drv'...
building '/nix/store/5lg086qg411g5jiwq186pkjg5pi63xm5-waybar-config.json.drv'...
building '/nix/store/jjxxy4w91yjwhg10m9kf284p7xr8475p-system-shutdown.drv'...
building '/nix/store/mp4k9r98q479aq8km2jbflxhcxr2s3pv-system_fish-completions.drv'...
building '/nix/store/60cqjkg0hsgzbp1pyxk7vbs2p4f827wp-tmpfiles.d.drv'...
building '/nix/store/8lv8iqh041mglhdawkvas11n3lfndysz-udev-rules.drv'...
building '/nix/store/j9xhcn985iv8s1iqwai4w63bvrixlgra-unit-avahi-daemon.service.drv'...
building '/nix/store/a7c157lagz9fhmpw4slk70wy7zgzjs4b-unit-bluetooth.service.drv'...
building '/nix/store/9rm68raj24dxqlpdx8wwkdwna3ckr2p5-unit-obex.service.drv'...
building '/nix/store/y2s5yvqfsn41chp4gvccpchw84gq6m8i-unit-restic-backups-persist.service.drv'...
building '/nix/store/wfwzpwf23brc3v1nklm6rkdp456ri9xg-unit-script-nixos-upgrade-start.drv'...
building '/nix/store/qijplgl2vd57llzd8fcsnqps1c0bk4zq-unit-sunshine.service.drv'...
building '/nix/store/9xfvq09qni0a7yj7z3q7dq4nbj2hry3h-unit-syncthing.service.drv'...
building '/nix/store/x8rdz7lcpwadzlh9v6q9m9fi9hzywa1d-unit-systemd-modules-load.service.drv'...
building '/nix/store/yb1capybmh6cmnq35z88i6ysxrccx5yc-user-generators.drv'...
building '/nix/store/pfzjx1vjwikdx9fnrlm77aabs8h947jn-users-groups.json.drv'...
building '/nix/store/5lg086qg411g5jiwq186pkjg5pi63xm5-waybar-config.json.drv'...
building '/nix/store/2k6a3zlaidjzayna863v4svm7hm1bpz4-X-Restart-Triggers-polkit.drv'...
building '/nix/store/1206p87dmxyn4mgmwp7x8z248awr35df-dbus-1.drv'...
building '/nix/store/2k6a3zlaidjzayna863v4svm7hm1bpz4-X-Restart-Triggers-polkit.drv'...
building '/nix/store/1206p87dmxyn4mgmwp7x8z248awr35df-dbus-1.drv'...
building '/nix/store/mp4k9r98q479aq8km2jbflxhcxr2s3pv-system_fish-completions.drv'...
building '/nix/store/60cqjkg0hsgzbp1pyxk7vbs2p4f827wp-tmpfiles.d.drv'...
building '/nix/store/8lv8iqh041mglhdawkvas11n3lfndysz-udev-rules.drv'...
building '/nix/store/j9xhcn985iv8s1iqwai4w63bvrixlgra-unit-avahi-daemon.service.drv'...
building '/nix/store/a7c157lagz9fhmpw4slk70wy7zgzjs4b-unit-bluetooth.service.drv'...
building '/nix/store/9rm68raj24dxqlpdx8wwkdwna3ckr2p5-unit-obex.service.drv'...
building '/nix/store/y2s5yvqfsn41chp4gvccpchw84gq6m8i-unit-restic-backups-persist.service.drv'...
building '/nix/store/wfwzpwf23brc3v1nklm6rkdp456ri9xg-unit-script-nixos-upgrade-start.drv'...
building '/nix/store/qijplgl2vd57llzd8fcsnqps1c0bk4zq-unit-sunshine.service.drv'...
building '/nix/store/9xfvq09qni0a7yj7z3q7dq4nbj2hry3h-unit-syncthing.service.drv'...
building '/nix/store/x8rdz7lcpwadzlh9v6q9m9fi9hzywa1d-unit-systemd-modules-load.service.drv'...
building '/nix/store/yb1capybmh6cmnq35z88i6ysxrccx5yc-user-generators.drv'...
building '/nix/store/pfzjx1vjwikdx9fnrlm77aabs8h947jn-users-groups.json.drv'...
building '/nix/store/5lg086qg411g5jiwq186pkjg5pi63xm5-waybar-config.json.drv'...
building '/nix/store/1206p87dmxyn4mgmwp7x8z248awr35df-dbus-1.drv'...
building '/nix/store/mp4k9r98q479aq8km2jbflxhcxr2s3pv-system_fish-completions.drv'...
building '/nix/store/60cqjkg0hsgzbp1pyxk7vbs2p4f827wp-tmpfiles.d.drv'...
building '/nix/store/8lv8iqh041mglhdawkvas11n3lfndysz-udev-rules.drv'...
building '/nix/store/j9xhcn985iv8s1iqwai4w63bvrixlgra-unit-avahi-daemon.service.drv'...
building '/nix/store/a7c157lagz9fhmpw4slk70wy7zgzjs4b-unit-bluetooth.service.drv'...
building '/nix/store/9rm68raj24dxqlpdx8wwkdwna3ckr2p5-unit-obex.service.drv'...
building '/nix/store/y2s5yvqfsn41chp4gvccpchw84gq6m8i-unit-restic-backups-persist.service.drv'...
building '/nix/store/wfwzpwf23brc3v1nklm6rkdp456ri9xg-unit-script-nixos-upgrade-start.drv'...
building '/nix/store/qijplgl2vd57llzd8fcsnqps1c0bk4zq-unit-sunshine.service.drv'...
building '/nix/store/9xfvq09qni0a7yj7z3q7dq4nbj2hry3h-unit-syncthing.service.drv'...
building '/nix/store/x8rdz7lcpwadzlh9v6q9m9fi9hzywa1d-unit-systemd-modules-load.service.drv'...
building '/nix/store/yb1capybmh6cmnq35z88i6ysxrccx5yc-user-generators.drv'...
building '/nix/store/pfzjx1vjwikdx9fnrlm77aabs8h947jn-users-groups.json.drv'...
building '/nix/store/5lg086qg411g5jiwq186pkjg5pi63xm5-waybar-config.json.drv'...
building '/nix/store/h5q2mixl899wcjba14fbgyz45ln7i6x7-unit-polkit.service.drv'...
building '/nix/store/mp4k9r98q479aq8km2jbflxhcxr2s3pv-system_fish-completions.drv'...
building '/nix/store/60cqjkg0hsgzbp1pyxk7vbs2p4f827wp-tmpfiles.d.drv'...
building '/nix/store/8lv8iqh041mglhdawkvas11n3lfndysz-udev-rules.drv'...
building '/nix/store/j9xhcn985iv8s1iqwai4w63bvrixlgra-unit-avahi-daemon.service.drv'...
building '/nix/store/a7c157lagz9fhmpw4slk70wy7zgzjs4b-unit-bluetooth.service.drv'...
building '/nix/store/9rm68raj24dxqlpdx8wwkdwna3ckr2p5-unit-obex.service.drv'...
building '/nix/store/h5q2mixl899wcjba14fbgyz45ln7i6x7-unit-polkit.service.drv'...
building '/nix/store/y2s5yvqfsn41chp4gvccpchw84gq6m8i-unit-restic-backups-persist.service.drv'...
building '/nix/store/wfwzpwf23brc3v1nklm6rkdp456ri9xg-unit-script-nixos-upgrade-start.drv'...
building '/nix/store/qijplgl2vd57llzd8fcsnqps1c0bk4zq-unit-sunshine.service.drv'...
building '/nix/store/9xfvq09qni0a7yj7z3q7dq4nbj2hry3h-unit-syncthing.service.drv'...
building '/nix/store/x8rdz7lcpwadzlh9v6q9m9fi9hzywa1d-unit-systemd-modules-load.service.drv'...
building '/nix/store/yb1capybmh6cmnq35z88i6ysxrccx5yc-user-generators.drv'...
building '/nix/store/pfzjx1vjwikdx9fnrlm77aabs8h947jn-users-groups.json.drv'...
building '/nix/store/5lg086qg411g5jiwq186pkjg5pi63xm5-waybar-config.json.drv'...
building '/nix/store/krqz3vwkb61g9razqvyl5v7m27d4fnd4-X-Restart-Triggers-dbus-broker.drv'...
building '/nix/store/krqz3vwkb61g9razqvyl5v7m27d4fnd4-X-Restart-Triggers-dbus-broker.drv'...
building '/nix/store/60cqjkg0hsgzbp1pyxk7vbs2p4f827wp-tmpfiles.d.drv'...
building '/nix/store/8lv8iqh041mglhdawkvas11n3lfndysz-udev-rules.drv'...
building '/nix/store/j9xhcn985iv8s1iqwai4w63bvrixlgra-unit-avahi-daemon.service.drv'...
building '/nix/store/a7c157lagz9fhmpw4slk70wy7zgzjs4b-unit-bluetooth.service.drv'...
building '/nix/store/9rm68raj24dxqlpdx8wwkdwna3ckr2p5-unit-obex.service.drv'...
building '/nix/store/h5q2mixl899wcjba14fbgyz45ln7i6x7-unit-polkit.service.drv'...
building '/nix/store/y2s5yvqfsn41chp4gvccpchw84gq6m8i-unit-restic-backups-persist.service.drv'...
building '/nix/store/wfwzpwf23brc3v1nklm6rkdp456ri9xg-unit-script-nixos-upgrade-start.drv'...
building '/nix/store/qijplgl2vd57llzd8fcsnqps1c0bk4zq-unit-sunshine.service.drv'...
building '/nix/store/9xfvq09qni0a7yj7z3q7dq4nbj2hry3h-unit-syncthing.service.drv'...
building '/nix/store/x8rdz7lcpwadzlh9v6q9m9fi9hzywa1d-unit-systemd-modules-load.service.drv'...
building '/nix/store/yb1capybmh6cmnq35z88i6ysxrccx5yc-user-generators.drv'...
building '/nix/store/pfzjx1vjwikdx9fnrlm77aabs8h947jn-users-groups.json.drv'...
building '/nix/store/5lg086qg411g5jiwq186pkjg5pi63xm5-waybar-config.json.drv'...
building '/nix/store/60cqjkg0hsgzbp1pyxk7vbs2p4f827wp-tmpfiles.d.drv'...
building '/nix/store/8lv8iqh041mglhdawkvas11n3lfndysz-udev-rules.drv'...
building '/nix/store/j9xhcn985iv8s1iqwai4w63bvrixlgra-unit-avahi-daemon.service.drv'...
building '/nix/store/a7c157lagz9fhmpw4slk70wy7zgzjs4b-unit-bluetooth.service.drv'...
building '/nix/store/9rm68raj24dxqlpdx8wwkdwna3ckr2p5-unit-obex.service.drv'...
building '/nix/store/h5q2mixl899wcjba14fbgyz45ln7i6x7-unit-polkit.service.drv'...
building '/nix/store/y2s5yvqfsn41chp4gvccpchw84gq6m8i-unit-restic-backups-persist.service.drv'...
building '/nix/store/wfwzpwf23brc3v1nklm6rkdp456ri9xg-unit-script-nixos-upgrade-start.drv'...
building '/nix/store/qijplgl2vd57llzd8fcsnqps1c0bk4zq-unit-sunshine.service.drv'...
building '/nix/store/9xfvq09qni0a7yj7z3q7dq4nbj2hry3h-unit-syncthing.service.drv'...
building '/nix/store/x8rdz7lcpwadzlh9v6q9m9fi9hzywa1d-unit-systemd-modules-load.service.drv'...
building '/nix/store/yb1capybmh6cmnq35z88i6ysxrccx5yc-user-generators.drv'...
building '/nix/store/pfzjx1vjwikdx9fnrlm77aabs8h947jn-users-groups.json.drv'...
building '/nix/store/5lg086qg411g5jiwq186pkjg5pi63xm5-waybar-config.json.drv'...
building '/nix/store/5vml1qd4fh5dm5lijl4ajhzh9ipbj5j6-unit-dbus-broker.service.drv'...
building '/nix/store/rqncn99q8ad9mf7yimsm9nv0jxhrn57x-unit-dbus-broker.service.drv'...
building '/nix/store/8lv8iqh041mglhdawkvas11n3lfndysz-udev-rules.drv'...
building '/nix/store/j9xhcn985iv8s1iqwai4w63bvrixlgra-unit-avahi-daemon.service.drv'...
building '/nix/store/a7c157lagz9fhmpw4slk70wy7zgzjs4b-unit-bluetooth.service.drv'...
building '/nix/store/5vml1qd4fh5dm5lijl4ajhzh9ipbj5j6-unit-dbus-broker.service.drv'...
building '/nix/store/rqncn99q8ad9mf7yimsm9nv0jxhrn57x-unit-dbus-broker.service.drv'...
building '/nix/store/9rm68raj24dxqlpdx8wwkdwna3ckr2p5-unit-obex.service.drv'...
building '/nix/store/h5q2mixl899wcjba14fbgyz45ln7i6x7-unit-polkit.service.drv'...
building '/nix/store/y2s5yvqfsn41chp4gvccpchw84gq6m8i-unit-restic-backups-persist.service.drv'...
building '/nix/store/wfwzpwf23brc3v1nklm6rkdp456ri9xg-unit-script-nixos-upgrade-start.drv'...
building '/nix/store/qijplgl2vd57llzd8fcsnqps1c0bk4zq-unit-sunshine.service.drv'...
building '/nix/store/9xfvq09qni0a7yj7z3q7dq4nbj2hry3h-unit-syncthing.service.drv'...
building '/nix/store/x8rdz7lcpwadzlh9v6q9m9fi9hzywa1d-unit-systemd-modules-load.service.drv'...
building '/nix/store/yb1capybmh6cmnq35z88i6ysxrccx5yc-user-generators.drv'...
building '/nix/store/pfzjx1vjwikdx9fnrlm77aabs8h947jn-users-groups.json.drv'...
building '/nix/store/5lg086qg411g5jiwq186pkjg5pi63xm5-waybar-config.json.drv'...
building '/nix/store/yldkpw843rxr048mxsqdjcr39faxvhb2-X-Restart-Triggers-systemd-tmpfiles-resetup.drv'...
building '/nix/store/yldkpw843rxr048mxsqdjcr39faxvhb2-X-Restart-Triggers-systemd-tmpfiles-resetup.drv'...
building '/nix/store/j9xhcn985iv8s1iqwai4w63bvrixlgra-unit-avahi-daemon.service.drv'...
building '/nix/store/a7c157lagz9fhmpw4slk70wy7zgzjs4b-unit-bluetooth.service.drv'...
building '/nix/store/5vml1qd4fh5dm5lijl4ajhzh9ipbj5j6-unit-dbus-broker.service.drv'...
building '/nix/store/rqncn99q8ad9mf7yimsm9nv0jxhrn57x-unit-dbus-broker.service.drv'...
building '/nix/store/9rm68raj24dxqlpdx8wwkdwna3ckr2p5-unit-obex.service.drv'...
building '/nix/store/h5q2mixl899wcjba14fbgyz45ln7i6x7-unit-polkit.service.drv'...
building '/nix/store/y2s5yvqfsn41chp4gvccpchw84gq6m8i-unit-restic-backups-persist.service.drv'...
building '/nix/store/wfwzpwf23brc3v1nklm6rkdp456ri9xg-unit-script-nixos-upgrade-start.drv'...
building '/nix/store/qijplgl2vd57llzd8fcsnqps1c0bk4zq-unit-sunshine.service.drv'...
building '/nix/store/9xfvq09qni0a7yj7z3q7dq4nbj2hry3h-unit-syncthing.service.drv'...
building '/nix/store/x8rdz7lcpwadzlh9v6q9m9fi9hzywa1d-unit-systemd-modules-load.service.drv'...
building '/nix/store/yb1capybmh6cmnq35z88i6ysxrccx5yc-user-generators.drv'...
building '/nix/store/pfzjx1vjwikdx9fnrlm77aabs8h947jn-users-groups.json.drv'...
building '/nix/store/5lg086qg411g5jiwq186pkjg5pi63xm5-waybar-config.json.drv'...
building '/nix/store/0dfn3cbixnngpcvihfhmx2bp8yjb5a9y-X-Restart-Triggers-systemd-udevd.drv'...
building '/nix/store/0dfn3cbixnngpcvihfhmx2bp8yjb5a9y-X-Restart-Triggers-systemd-udevd.drv'...
building '/nix/store/j9xhcn985iv8s1iqwai4w63bvrixlgra-unit-avahi-daemon.service.drv'...
building '/nix/store/a7c157lagz9fhmpw4slk70wy7zgzjs4b-unit-bluetooth.service.drv'...
building '/nix/store/5vml1qd4fh5dm5lijl4ajhzh9ipbj5j6-unit-dbus-broker.service.drv'...
building '/nix/store/rqncn99q8ad9mf7yimsm9nv0jxhrn57x-unit-dbus-broker.service.drv'...
building '/nix/store/9rm68raj24dxqlpdx8wwkdwna3ckr2p5-unit-obex.service.drv'...
building '/nix/store/h5q2mixl899wcjba14fbgyz45ln7i6x7-unit-polkit.service.drv'...
building '/nix/store/y2s5yvqfsn41chp4gvccpchw84gq6m8i-unit-restic-backups-persist.service.drv'...
building '/nix/store/wfwzpwf23brc3v1nklm6rkdp456ri9xg-unit-script-nixos-upgrade-start.drv'...
building '/nix/store/qijplgl2vd57llzd8fcsnqps1c0bk4zq-unit-sunshine.service.drv'...
building '/nix/store/9xfvq09qni0a7yj7z3q7dq4nbj2hry3h-unit-syncthing.service.drv'...
building '/nix/store/x8rdz7lcpwadzlh9v6q9m9fi9hzywa1d-unit-systemd-modules-load.service.drv'...
building '/nix/store/yb1capybmh6cmnq35z88i6ysxrccx5yc-user-generators.drv'...
building '/nix/store/pfzjx1vjwikdx9fnrlm77aabs8h947jn-users-groups.json.drv'...
building '/nix/store/5lg086qg411g5jiwq186pkjg5pi63xm5-waybar-config.json.drv'...
building '/nix/store/p5vf4rd3vzwpnqffqdv77cns0fmxb9jg-unit-systemd-tmpfiles-resetup.service.drv'...
building '/nix/store/j9xhcn985iv8s1iqwai4w63bvrixlgra-unit-avahi-daemon.service.drv'...
building '/nix/store/a7c157lagz9fhmpw4slk70wy7zgzjs4b-unit-bluetooth.service.drv'...
building '/nix/store/5vml1qd4fh5dm5lijl4ajhzh9ipbj5j6-unit-dbus-broker.service.drv'...
building '/nix/store/rqncn99q8ad9mf7yimsm9nv0jxhrn57x-unit-dbus-broker.service.drv'...
building '/nix/store/9rm68raj24dxqlpdx8wwkdwna3ckr2p5-unit-obex.service.drv'...
building '/nix/store/h5q2mixl899wcjba14fbgyz45ln7i6x7-unit-polkit.service.drv'...
building '/nix/store/y2s5yvqfsn41chp4gvccpchw84gq6m8i-unit-restic-backups-persist.service.drv'...
building '/nix/store/wfwzpwf23brc3v1nklm6rkdp456ri9xg-unit-script-nixos-upgrade-start.drv'...
building '/nix/store/qijplgl2vd57llzd8fcsnqps1c0bk4zq-unit-sunshine.service.drv'...
building '/nix/store/9xfvq09qni0a7yj7z3q7dq4nbj2hry3h-unit-syncthing.service.drv'...
building '/nix/store/x8rdz7lcpwadzlh9v6q9m9fi9hzywa1d-unit-systemd-modules-load.service.drv'...
building '/nix/store/p5vf4rd3vzwpnqffqdv77cns0fmxb9jg-unit-systemd-tmpfiles-resetup.service.drv'...
building '/nix/store/yb1capybmh6cmnq35z88i6ysxrccx5yc-user-generators.drv'...
building '/nix/store/pfzjx1vjwikdx9fnrlm77aabs8h947jn-users-groups.json.drv'...
building '/nix/store/5lg086qg411g5jiwq186pkjg5pi63xm5-waybar-config.json.drv'...
building '/nix/store/5pviiz8d86my5alzxkfk0zd3zrnrwns7-unit-systemd-udevd.service.drv'...
building '/nix/store/a7c157lagz9fhmpw4slk70wy7zgzjs4b-unit-bluetooth.service.drv'...
building '/nix/store/5vml1qd4fh5dm5lijl4ajhzh9ipbj5j6-unit-dbus-broker.service.drv'...
building '/nix/store/rqncn99q8ad9mf7yimsm9nv0jxhrn57x-unit-dbus-broker.service.drv'...
building '/nix/store/9rm68raj24dxqlpdx8wwkdwna3ckr2p5-unit-obex.service.drv'...
building '/nix/store/h5q2mixl899wcjba14fbgyz45ln7i6x7-unit-polkit.service.drv'...
building '/nix/store/y2s5yvqfsn41chp4gvccpchw84gq6m8i-unit-restic-backups-persist.service.drv'...
building '/nix/store/wfwzpwf23brc3v1nklm6rkdp456ri9xg-unit-script-nixos-upgrade-start.drv'...
building '/nix/store/qijplgl2vd57llzd8fcsnqps1c0bk4zq-unit-sunshine.service.drv'...
building '/nix/store/9xfvq09qni0a7yj7z3q7dq4nbj2hry3h-unit-syncthing.service.drv'...
building '/nix/store/x8rdz7lcpwadzlh9v6q9m9fi9hzywa1d-unit-systemd-modules-load.service.drv'...
building '/nix/store/p5vf4rd3vzwpnqffqdv77cns0fmxb9jg-unit-systemd-tmpfiles-resetup.service.drv'...
building '/nix/store/5pviiz8d86my5alzxkfk0zd3zrnrwns7-unit-systemd-udevd.service.drv'...
building '/nix/store/yb1capybmh6cmnq35z88i6ysxrccx5yc-user-generators.drv'...
building '/nix/store/pfzjx1vjwikdx9fnrlm77aabs8h947jn-users-groups.json.drv'...
building '/nix/store/5lg086qg411g5jiwq186pkjg5pi63xm5-waybar-config.json.drv'...
building '/nix/store/5vml1qd4fh5dm5lijl4ajhzh9ipbj5j6-unit-dbus-broker.service.drv'...
building '/nix/store/rqncn99q8ad9mf7yimsm9nv0jxhrn57x-unit-dbus-broker.service.drv'...
building '/nix/store/9rm68raj24dxqlpdx8wwkdwna3ckr2p5-unit-obex.service.drv'...
building '/nix/store/h5q2mixl899wcjba14fbgyz45ln7i6x7-unit-polkit.service.drv'...
building '/nix/store/y2s5yvqfsn41chp4gvccpchw84gq6m8i-unit-restic-backups-persist.service.drv'...
building '/nix/store/wfwzpwf23brc3v1nklm6rkdp456ri9xg-unit-script-nixos-upgrade-start.drv'...
building '/nix/store/qijplgl2vd57llzd8fcsnqps1c0bk4zq-unit-sunshine.service.drv'...
building '/nix/store/9xfvq09qni0a7yj7z3q7dq4nbj2hry3h-unit-syncthing.service.drv'...
building '/nix/store/x8rdz7lcpwadzlh9v6q9m9fi9hzywa1d-unit-systemd-modules-load.service.drv'...
building '/nix/store/p5vf4rd3vzwpnqffqdv77cns0fmxb9jg-unit-systemd-tmpfiles-resetup.service.drv'...
building '/nix/store/5pviiz8d86my5alzxkfk0zd3zrnrwns7-unit-systemd-udevd.service.drv'...
building '/nix/store/yb1capybmh6cmnq35z88i6ysxrccx5yc-user-generators.drv'...
building '/nix/store/pfzjx1vjwikdx9fnrlm77aabs8h947jn-users-groups.json.drv'...
building '/nix/store/5lg086qg411g5jiwq186pkjg5pi63xm5-waybar-config.json.drv'...
building '/nix/store/rqncn99q8ad9mf7yimsm9nv0jxhrn57x-unit-dbus-broker.service.drv'...
building '/nix/store/9rm68raj24dxqlpdx8wwkdwna3ckr2p5-unit-obex.service.drv'...
building '/nix/store/h5q2mixl899wcjba14fbgyz45ln7i6x7-unit-polkit.service.drv'...
building '/nix/store/y2s5yvqfsn41chp4gvccpchw84gq6m8i-unit-restic-backups-persist.service.drv'...
building '/nix/store/wfwzpwf23brc3v1nklm6rkdp456ri9xg-unit-script-nixos-upgrade-start.drv'...
building '/nix/store/qijplgl2vd57llzd8fcsnqps1c0bk4zq-unit-sunshine.service.drv'...
building '/nix/store/9xfvq09qni0a7yj7z3q7dq4nbj2hry3h-unit-syncthing.service.drv'...
building '/nix/store/x8rdz7lcpwadzlh9v6q9m9fi9hzywa1d-unit-systemd-modules-load.service.drv'...
building '/nix/store/p5vf4rd3vzwpnqffqdv77cns0fmxb9jg-unit-systemd-tmpfiles-resetup.service.drv'...
building '/nix/store/5pviiz8d86my5alzxkfk0zd3zrnrwns7-unit-systemd-udevd.service.drv'...
building '/nix/store/yb1capybmh6cmnq35z88i6ysxrccx5yc-user-generators.drv'...
building '/nix/store/pfzjx1vjwikdx9fnrlm77aabs8h947jn-users-groups.json.drv'...
building '/nix/store/5lg086qg411g5jiwq186pkjg5pi63xm5-waybar-config.json.drv'...
building '/nix/store/9rm68raj24dxqlpdx8wwkdwna3ckr2p5-unit-obex.service.drv'...
building '/nix/store/h5q2mixl899wcjba14fbgyz45ln7i6x7-unit-polkit.service.drv'...
building '/nix/store/y2s5yvqfsn41chp4gvccpchw84gq6m8i-unit-restic-backups-persist.service.drv'...
building '/nix/store/wfwzpwf23brc3v1nklm6rkdp456ri9xg-unit-script-nixos-upgrade-start.drv'...
building '/nix/store/qijplgl2vd57llzd8fcsnqps1c0bk4zq-unit-sunshine.service.drv'...
building '/nix/store/9xfvq09qni0a7yj7z3q7dq4nbj2hry3h-unit-syncthing.service.drv'...
building '/nix/store/x8rdz7lcpwadzlh9v6q9m9fi9hzywa1d-unit-systemd-modules-load.service.drv'...
building '/nix/store/p5vf4rd3vzwpnqffqdv77cns0fmxb9jg-unit-systemd-tmpfiles-resetup.service.drv'...
building '/nix/store/5pviiz8d86my5alzxkfk0zd3zrnrwns7-unit-systemd-udevd.service.drv'...
building '/nix/store/yb1capybmh6cmnq35z88i6ysxrccx5yc-user-generators.drv'...
building '/nix/store/pfzjx1vjwikdx9fnrlm77aabs8h947jn-users-groups.json.drv'...
building '/nix/store/5lg086qg411g5jiwq186pkjg5pi63xm5-waybar-config.json.drv'...
building '/nix/store/h5q2mixl899wcjba14fbgyz45ln7i6x7-unit-polkit.service.drv'...
building '/nix/store/y2s5yvqfsn41chp4gvccpchw84gq6m8i-unit-restic-backups-persist.service.drv'...
building '/nix/store/wfwzpwf23brc3v1nklm6rkdp456ri9xg-unit-script-nixos-upgrade-start.drv'...
building '/nix/store/qijplgl2vd57llzd8fcsnqps1c0bk4zq-unit-sunshine.service.drv'...
building '/nix/store/9xfvq09qni0a7yj7z3q7dq4nbj2hry3h-unit-syncthing.service.drv'...
building '/nix/store/x8rdz7lcpwadzlh9v6q9m9fi9hzywa1d-unit-systemd-modules-load.service.drv'...
building '/nix/store/p5vf4rd3vzwpnqffqdv77cns0fmxb9jg-unit-systemd-tmpfiles-resetup.service.drv'...
building '/nix/store/5pviiz8d86my5alzxkfk0zd3zrnrwns7-unit-systemd-udevd.service.drv'...
building '/nix/store/yb1capybmh6cmnq35z88i6ysxrccx5yc-user-generators.drv'...
building '/nix/store/pfzjx1vjwikdx9fnrlm77aabs8h947jn-users-groups.json.drv'...
building '/nix/store/5lg086qg411g5jiwq186pkjg5pi63xm5-waybar-config.json.drv'...
building '/nix/store/y2s5yvqfsn41chp4gvccpchw84gq6m8i-unit-restic-backups-persist.service.drv'...
building '/nix/store/wfwzpwf23brc3v1nklm6rkdp456ri9xg-unit-script-nixos-upgrade-start.drv'...
building '/nix/store/qijplgl2vd57llzd8fcsnqps1c0bk4zq-unit-sunshine.service.drv'...
building '/nix/store/9xfvq09qni0a7yj7z3q7dq4nbj2hry3h-unit-syncthing.service.drv'...
building '/nix/store/x8rdz7lcpwadzlh9v6q9m9fi9hzywa1d-unit-systemd-modules-load.service.drv'...
building '/nix/store/p5vf4rd3vzwpnqffqdv77cns0fmxb9jg-unit-systemd-tmpfiles-resetup.service.drv'...
building '/nix/store/5pviiz8d86my5alzxkfk0zd3zrnrwns7-unit-systemd-udevd.service.drv'...
building '/nix/store/yb1capybmh6cmnq35z88i6ysxrccx5yc-user-generators.drv'...
building '/nix/store/pfzjx1vjwikdx9fnrlm77aabs8h947jn-users-groups.json.drv'...
building '/nix/store/5lg086qg411g5jiwq186pkjg5pi63xm5-waybar-config.json.drv'...
building '/nix/store/wfwzpwf23brc3v1nklm6rkdp456ri9xg-unit-script-nixos-upgrade-start.drv'...
building '/nix/store/qijplgl2vd57llzd8fcsnqps1c0bk4zq-unit-sunshine.service.drv'...
building '/nix/store/9xfvq09qni0a7yj7z3q7dq4nbj2hry3h-unit-syncthing.service.drv'...
building '/nix/store/x8rdz7lcpwadzlh9v6q9m9fi9hzywa1d-unit-systemd-modules-load.service.drv'...
building '/nix/store/p5vf4rd3vzwpnqffqdv77cns0fmxb9jg-unit-systemd-tmpfiles-resetup.service.drv'...
building '/nix/store/5pviiz8d86my5alzxkfk0zd3zrnrwns7-unit-systemd-udevd.service.drv'...
building '/nix/store/yb1capybmh6cmnq35z88i6ysxrccx5yc-user-generators.drv'...
building '/nix/store/pfzjx1vjwikdx9fnrlm77aabs8h947jn-users-groups.json.drv'...
building '/nix/store/5lg086qg411g5jiwq186pkjg5pi63xm5-waybar-config.json.drv'...
building '/nix/store/qijplgl2vd57llzd8fcsnqps1c0bk4zq-unit-sunshine.service.drv'...
building '/nix/store/9xfvq09qni0a7yj7z3q7dq4nbj2hry3h-unit-syncthing.service.drv'...
building '/nix/store/x8rdz7lcpwadzlh9v6q9m9fi9hzywa1d-unit-systemd-modules-load.service.drv'...
building '/nix/store/p5vf4rd3vzwpnqffqdv77cns0fmxb9jg-unit-systemd-tmpfiles-resetup.service.drv'...
building '/nix/store/5pviiz8d86my5alzxkfk0zd3zrnrwns7-unit-systemd-udevd.service.drv'...
building '/nix/store/yb1capybmh6cmnq35z88i6ysxrccx5yc-user-generators.drv'...
building '/nix/store/pfzjx1vjwikdx9fnrlm77aabs8h947jn-users-groups.json.drv'...
building '/nix/store/5lg086qg411g5jiwq186pkjg5pi63xm5-waybar-config.json.drv'...
building '/nix/store/9xfvq09qni0a7yj7z3q7dq4nbj2hry3h-unit-syncthing.service.drv'...
building '/nix/store/x8rdz7lcpwadzlh9v6q9m9fi9hzywa1d-unit-systemd-modules-load.service.drv'...
building '/nix/store/p5vf4rd3vzwpnqffqdv77cns0fmxb9jg-unit-systemd-tmpfiles-resetup.service.drv'...
building '/nix/store/5pviiz8d86my5alzxkfk0zd3zrnrwns7-unit-systemd-udevd.service.drv'...
building '/nix/store/yb1capybmh6cmnq35z88i6ysxrccx5yc-user-generators.drv'...
building '/nix/store/pfzjx1vjwikdx9fnrlm77aabs8h947jn-users-groups.json.drv'...
building '/nix/store/5lg086qg411g5jiwq186pkjg5pi63xm5-waybar-config.json.drv'...
building '/nix/store/srl1zxxyqy77a4pp9h7bnybp404w377i-unit-nixos-upgrade.service.drv'...
building '/nix/store/srl1zxxyqy77a4pp9h7bnybp404w377i-unit-nixos-upgrade.service.drv'...
building '/nix/store/x8rdz7lcpwadzlh9v6q9m9fi9hzywa1d-unit-systemd-modules-load.service.drv'...
building '/nix/store/p5vf4rd3vzwpnqffqdv77cns0fmxb9jg-unit-systemd-tmpfiles-resetup.service.drv'...
building '/nix/store/5pviiz8d86my5alzxkfk0zd3zrnrwns7-unit-systemd-udevd.service.drv'...
building '/nix/store/yb1capybmh6cmnq35z88i6ysxrccx5yc-user-generators.drv'...
building '/nix/store/pfzjx1vjwikdx9fnrlm77aabs8h947jn-users-groups.json.drv'...
building '/nix/store/5lg086qg411g5jiwq186pkjg5pi63xm5-waybar-config.json.drv'...
building '/nix/store/szbs1yq7zssgd9x793gsvy6hckmnln7m-user-units.drv'...
building '/nix/store/x8rdz7lcpwadzlh9v6q9m9fi9hzywa1d-unit-systemd-modules-load.service.drv'...
building '/nix/store/p5vf4rd3vzwpnqffqdv77cns0fmxb9jg-unit-systemd-tmpfiles-resetup.service.drv'...
building '/nix/store/5pviiz8d86my5alzxkfk0zd3zrnrwns7-unit-systemd-udevd.service.drv'...
building '/nix/store/yb1capybmh6cmnq35z88i6ysxrccx5yc-user-generators.drv'...
building '/nix/store/szbs1yq7zssgd9x793gsvy6hckmnln7m-user-units.drv'...
building '/nix/store/pfzjx1vjwikdx9fnrlm77aabs8h947jn-users-groups.json.drv'...
building '/nix/store/5lg086qg411g5jiwq186pkjg5pi63xm5-waybar-config.json.drv'...
building '/nix/store/p5vf4rd3vzwpnqffqdv77cns0fmxb9jg-unit-systemd-tmpfiles-resetup.service.drv'...
building '/nix/store/5pviiz8d86my5alzxkfk0zd3zrnrwns7-unit-systemd-udevd.service.drv'...
building '/nix/store/yb1capybmh6cmnq35z88i6ysxrccx5yc-user-generators.drv'...
building '/nix/store/szbs1yq7zssgd9x793gsvy6hckmnln7m-user-units.drv'...
building '/nix/store/pfzjx1vjwikdx9fnrlm77aabs8h947jn-users-groups.json.drv'...
building '/nix/store/5lg086qg411g5jiwq186pkjg5pi63xm5-waybar-config.json.drv'...
building '/nix/store/5pviiz8d86my5alzxkfk0zd3zrnrwns7-unit-systemd-udevd.service.drv'...
building '/nix/store/yb1capybmh6cmnq35z88i6ysxrccx5yc-user-generators.drv'...
building '/nix/store/szbs1yq7zssgd9x793gsvy6hckmnln7m-user-units.drv'...
building '/nix/store/pfzjx1vjwikdx9fnrlm77aabs8h947jn-users-groups.json.drv'...
building '/nix/store/5lg086qg411g5jiwq186pkjg5pi63xm5-waybar-config.json.drv'...
building '/nix/store/yb1capybmh6cmnq35z88i6ysxrccx5yc-user-generators.drv'...
building '/nix/store/szbs1yq7zssgd9x793gsvy6hckmnln7m-user-units.drv'...
building '/nix/store/pfzjx1vjwikdx9fnrlm77aabs8h947jn-users-groups.json.drv'...
building '/nix/store/5lg086qg411g5jiwq186pkjg5pi63xm5-waybar-config.json.drv'...
building '/nix/store/szbs1yq7zssgd9x793gsvy6hckmnln7m-user-units.drv'...
building '/nix/store/pfzjx1vjwikdx9fnrlm77aabs8h947jn-users-groups.json.drv'...
building '/nix/store/5lg086qg411g5jiwq186pkjg5pi63xm5-waybar-config.json.drv'...
building '/nix/store/pfzjx1vjwikdx9fnrlm77aabs8h947jn-users-groups.json.drv'...
building '/nix/store/5lg086qg411g5jiwq186pkjg5pi63xm5-waybar-config.json.drv'...
building '/nix/store/5lg086qg411g5jiwq186pkjg5pi63xm5-waybar-config.json.drv'...
building '/nix/store/r9sl261v4nn98pvrqmmshfqi2157816b-dry-activate.drv'...
building '/nix/store/r9sl261v4nn98pvrqmmshfqi2157816b-dry-activate.drv'...
building '/nix/store/vrsrbg83il3vfr1h70lq0snxb6d9ffr8-activation-script.drv'...
building '/nix/store/xwc49kzwnp4n2clsykvzrgq07bvr0rgs-home-manager-files.drv'...
building '/nix/store/vrsrbg83il3vfr1h70lq0snxb6d9ffr8-activation-script.drv'...
building '/nix/store/xwc49kzwnp4n2clsykvzrgq07bvr0rgs-home-manager-files.drv'...
building '/nix/store/2d7xwmpmmrm8z52473iw13kvvglj9yad-home-manager-generation.drv'...
building '/nix/store/ipgk4sfhv54x92v02ayg7sary6ibdpf8-unit-home-manager-c3r5b8.service.drv'...
building '/nix/store/938487irky38b519r8krkxg7nhyxahgi-system-units.drv'...
building '/nix/store/rmb6xylzjnhfqng2alglhzj3fsp53gii-etc.drv'...
building '/nix/store/l1wg1g2kd876c68yf3kjs4lz0bgz4wz9-activate.drv'...
building '/nix/store/r7lr3gif2r2giicpmxa7s24l5fsjdn4r-nixos-system-antares-26.11.20260610.9ae611a.drv'...
