warning: Git tree '/home/runner/work/nix-config/nix-config' has uncommitted changes
warning: Using 'builtins.derivation' to create a derivation named 'options.json' that references the store path '/nix/store/pfwrb65dsv8phlsf1m98bvz11cvgb290-source' without a proper context. The resulting derivation will not have a correct store reference, so this is unreliable and may stop working in the future.
these 16 derivations will be built:
  /nix/store/i8xb01n45lq9y5frs1v3hzl35a5qbbwk-options.json.drv
  /nix/store/mi05m1942ffwallasgkiasrnm4cy06ns-home-configuration-reference-manpage.drv
  /nix/store/0b9zkkjsbbj21i8qzymm69rm5mi77nwf-home-manager-path.drv
  /nix/store/18950s9ghdl01xsfh00n6lnwxb4qysz4-activation-script.drv
  /nix/store/kj482rmq2nrwrddiszw8w41fcj6zzc84-man-paths.drv
  /nix/store/i9vxkyivgpr35fykhv9mxxdbnif358j3-man-cache.drv
  /nix/store/a1zdlrvvvfqs4h949130i34lqy5n5jiw-hm_.manpath.drv
  /nix/store/cnxsylxw6bc3pb8zxb1q40hvmygmj3q3-home-configuration-reference-manpage-fish-completions.drv
  /nix/store/m7w16dbpc5hc3d87hjlj1237c7acdjcc-c3r5b8-fish-completions.drv
  /nix/store/ny38qhrvxr6y7lnhgipknjxsg84c530m-home-manager-files.drv
  /nix/store/mz16l4zjfkb2z56g30vxdd82f7nwaanb-home-manager-generation.drv
  /nix/store/hahl4c0rxk1rn9y753myq39xr35zq887-unit-home-manager-c3r5b8.service.drv
  /nix/store/glijj514saf84lxsdlqcs75jv8a6gxdi-system-units.drv
  /nix/store/fw50fiff2q3ifpvsh3ijgn4js87zbsh9-etc.drv
  /nix/store/b2yxdbd5bkdvvmljgsxzvpbg35x7409s-activate.drv
  /nix/store/siafpd6mq7910pnqyq3211a3y0pvh51g-nixos-system-acrab-26.11.20260616.567a49d.drv
building '/nix/store/i8xb01n45lq9y5frs1v3hzl35a5qbbwk-options.json.drv'...
building '/nix/store/mi05m1942ffwallasgkiasrnm4cy06ns-home-configuration-reference-manpage.drv'...
building '/nix/store/cnxsylxw6bc3pb8zxb1q40hvmygmj3q3-home-configuration-reference-manpage-fish-completions.drv'...
building '/nix/store/0b9zkkjsbbj21i8qzymm69rm5mi77nwf-home-manager-path.drv'...
building '/nix/store/kj482rmq2nrwrddiszw8w41fcj6zzc84-man-paths.drv'...
building '/nix/store/kj482rmq2nrwrddiszw8w41fcj6zzc84-man-paths.drv'...
building '/nix/store/18950s9ghdl01xsfh00n6lnwxb4qysz4-activation-script.drv'...
building '/nix/store/18950s9ghdl01xsfh00n6lnwxb4qysz4-activation-script.drv'...
building '/nix/store/m7w16dbpc5hc3d87hjlj1237c7acdjcc-c3r5b8-fish-completions.drv'...
building '/nix/store/m7w16dbpc5hc3d87hjlj1237c7acdjcc-c3r5b8-fish-completions.drv'...
building '/nix/store/i9vxkyivgpr35fykhv9mxxdbnif358j3-man-cache.drv'...
building '/nix/store/i9vxkyivgpr35fykhv9mxxdbnif358j3-man-cache.drv'...
building '/nix/store/a1zdlrvvvfqs4h949130i34lqy5n5jiw-hm_.manpath.drv'...
building '/nix/store/ny38qhrvxr6y7lnhgipknjxsg84c530m-home-manager-files.drv'...
building '/nix/store/mz16l4zjfkb2z56g30vxdd82f7nwaanb-home-manager-generation.drv'...
building '/nix/store/hahl4c0rxk1rn9y753myq39xr35zq887-unit-home-manager-c3r5b8.service.drv'...
building '/nix/store/glijj514saf84lxsdlqcs75jv8a6gxdi-system-units.drv'...
building '/nix/store/fw50fiff2q3ifpvsh3ijgn4js87zbsh9-etc.drv'...
building '/nix/store/b2yxdbd5bkdvvmljgsxzvpbg35x7409s-activate.drv'...
building '/nix/store/siafpd6mq7910pnqyq3211a3y0pvh51g-nixos-system-acrab-26.11.20260616.567a49d.drv'...
